Linux 5.4.0-37-generic (rubaldo) 	06/16/2020 	_x86_64_	(4 CPU)

06/16/2020 05:16:25 PM
avg-cpu:  %user   %nice %system %iowait  %steal   %idle
           8.70    0.00   21.50    0.00    0.00   69.81

Device:         rrqm/s   wrqm/s     r/s     w/s    rMB/s    wMB/s avgrq-sz avgqu-sz   await r_await w_await  svctm  %util
sda               0.00     0.00    0.00    0.00     0.00     0.00     0.00     0.00    0.00    0.00    0.00   0.00   0.00

06/16/2020 05:16:26 PM
avg-cpu:  %user   %nice %system %iowait  %steal   %idle
           8.01    0.00   21.36    0.00    0.00   70.63

Device:         rrqm/s   wrqm/s     r/s     w/s    rMB/s    wMB/s avgrq-sz avgqu-sz   await r_await w_await  svctm  %util
sda               0.00     0.00    0.00    0.00     0.00     0.00     0.00     0.00    0.00    0.00    0.00   0.00   0.00

06/16/2020 05:16:27 PM
avg-cpu:  %user   %nice %system %iowait  %steal   %idle
           7.93    0.00   21.88    0.00    0.00   70.19

Device:         rrqm/s   wrqm/s     r/s     w/s    rMB/s    wMB/s avgrq-sz avgqu-sz   await r_await w_await  svctm  %util
sda               0.00     0.00    0.00    0.00     0.00     0.00     0.00     0.00    0.00    0.00    0.00   0.00   0.00

06/16/2020 05:16:28 PM
avg-cpu:  %user   %nice %system %iowait  %steal   %idle
          13.60    0.00   20.15    0.00    0.00   66.25

Device:         rrqm/s   wrqm/s     r/s     w/s    rMB/s    wMB/s avgrq-sz avgqu-sz   await r_await w_await  svctm  %util
sda               0.00   134.00    0.00   37.00     0.00     0.67    36.97     0.02    0.73    0.00    0.73   1.08   4.00

06/16/2020 05:16:29 PM
avg-cpu:  %user   %nice %system %iowait  %steal   %idle
          14.58    0.00   17.39    0.00    0.00   68.03

Device:         rrqm/s   wrqm/s     r/s     w/s    rMB/s    wMB/s avgrq-sz avgqu-sz   await r_await w_await  svctm  %util
sda               0.00     0.00    1.00    0.00     0.00     0.00     8.00     0.01    9.00    9.00    0.00   8.00   0.80

06/16/2020 05:16:30 PM
avg-cpu:  %user   %nice %system %iowait  %steal   %idle
          19.45    0.00   14.71    0.75    0.00   65.09

Device:         rrqm/s   wrqm/s     r/s     w/s    rMB/s    wMB/s avgrq-sz avgqu-sz   await r_await w_await  svctm  %util
sda               0.00    13.00    0.00    2.00     0.00     0.06    60.00     0.03   16.00    0.00   16.00   4.00   0.80

06/16/2020 05:16:31 PM
avg-cpu:  %user   %nice %system %iowait  %steal   %idle
          38.04    0.00   14.57    0.00    0.00   47.39

Device:         rrqm/s   wrqm/s     r/s     w/s    rMB/s    wMB/s avgrq-sz avgqu-sz   await r_await w_await  svctm  %util
sda               0.00     0.00    0.00    3.00     0.00     0.01     8.00     0.00    0.33    0.00    0.33   2.67   0.80

06/16/2020 05:16:32 PM
avg-cpu:  %user   %nice %system %iowait  %steal   %idle
          20.37    0.00   18.75    0.00    0.00   60.88

Device:         rrqm/s   wrqm/s     r/s     w/s    rMB/s    wMB/s avgrq-sz avgqu-sz   await r_await w_await  svctm  %util
sda               0.00     0.00    0.00    1.00     0.00     0.02    40.00     0.00    0.00    0.00    0.00   4.00   0.40

06/16/2020 05:16:33 PM
avg-cpu:  %user   %nice %system %iowait  %steal   %idle
          16.26    0.00   15.27    0.00    0.00   68.47

Device:         rrqm/s   wrqm/s     r/s     w/s    rMB/s    wMB/s avgrq-sz avgqu-sz   await r_await w_await  svctm  %util
sda               0.00     0.00    0.00    0.00     0.00     0.00     0.00     0.00    0.00    0.00    0.00   0.00   0.00

06/16/2020 05:16:34 PM
avg-cpu:  %user   %nice %system %iowait  %steal   %idle
          25.06    0.00   18.36    0.00    0.00   56.58

Device:         rrqm/s   wrqm/s     r/s     w/s    rMB/s    wMB/s avgrq-sz avgqu-sz   await r_await w_await  svctm  %util
sda               0.00   280.00    0.00   10.00     0.00     1.13   232.00     0.02    3.20    0.00    3.20   1.60   1.60

06/16/2020 05:16:35 PM
avg-cpu:  %user   %nice %system %iowait  %steal   %idle
          24.87    0.00   19.17    0.78    0.00   55.18

Device:         rrqm/s   wrqm/s     r/s     w/s    rMB/s    wMB/s avgrq-sz avgqu-sz   await r_await w_await  svctm  %util
sda               3.00    15.00    4.00    2.00     0.05     0.07    38.67     0.06   11.00   10.00   13.00   5.33   3.20

06/16/2020 05:16:36 PM
avg-cpu:  %user   %nice %system %iowait  %steal   %idle
          23.50    0.00   13.58    0.00    0.00   62.92

Device:         rrqm/s   wrqm/s     r/s     w/s    rMB/s    wMB/s avgrq-sz avgqu-sz   await r_await w_await  svctm  %util
sda               0.00    31.00    0.00    4.00     0.00     0.14    70.00     0.00    0.50    0.00    0.50   1.00   0.40

06/16/2020 05:16:37 PM
avg-cpu:  %user   %nice %system %iowait  %steal   %idle
          34.13    0.00   20.27    0.00    0.00   45.60

Device:         rrqm/s   wrqm/s     r/s     w/s    rMB/s    wMB/s avgrq-sz avgqu-sz   await r_await w_await  svctm  %util
sda               0.00   696.00    0.00   22.00     0.00     2.80   261.09     0.03    2.32    0.00    2.32   1.64   3.60

06/16/2020 05:16:38 PM
avg-cpu:  %user   %nice %system %iowait  %steal   %idle
          23.04    0.00   16.75    0.00    0.00   60.21

Device:         rrqm/s   wrqm/s     r/s     w/s    rMB/s    wMB/s avgrq-sz avgqu-sz   await r_await w_await  svctm  %util
sda               0.00     1.00    0.00    2.00     0.00     0.01    12.00     0.00    0.50    0.00    0.50   4.00   0.80

06/16/2020 05:16:39 PM
avg-cpu:  %user   %nice %system %iowait  %steal   %idle
          27.25    0.00   15.68    0.26    0.00   56.81

Device:         rrqm/s   wrqm/s     r/s     w/s    rMB/s    wMB/s avgrq-sz avgqu-sz   await r_await w_await  svctm  %util
sda               0.00     0.00    0.00    0.00     0.00     0.00     0.00     0.00    0.00    0.00    0.00   0.00   0.00

06/16/2020 05:16:40 PM
avg-cpu:  %user   %nice %system %iowait  %steal   %idle
          30.02    0.00   16.95    0.73    0.00   52.30

Device:         rrqm/s   wrqm/s     r/s     w/s    rMB/s    wMB/s avgrq-sz avgqu-sz   await r_await w_await  svctm  %util
sda               0.00   114.00    0.00   11.00     0.00     0.49    90.91     0.04    4.27    0.00    4.27   1.82   2.00

06/16/2020 05:16:41 PM
avg-cpu:  %user   %nice %system %iowait  %steal   %idle
          24.88    0.00   18.54    0.00    0.00   56.59

Device:         rrqm/s   wrqm/s     r/s     w/s    rMB/s    wMB/s avgrq-sz avgqu-sz   await r_await w_await  svctm  %util
sda               0.00    32.00    0.00    2.00     0.00     0.13   136.00     0.00    1.00    0.00    1.00   4.00   0.80

06/16/2020 05:16:42 PM
avg-cpu:  %user   %nice %system %iowait  %steal   %idle
          40.00    0.00   18.02    0.00    0.00   41.98

Device:         rrqm/s   wrqm/s     r/s     w/s    rMB/s    wMB/s avgrq-sz avgqu-sz   await r_await w_await  svctm  %util
sda               0.00     0.00    0.00    1.00     0.00     0.02    48.00     0.00    0.00    0.00    0.00   4.00   0.40

06/16/2020 05:16:43 PM
avg-cpu:  %user   %nice %system %iowait  %steal   %idle
          32.63    0.00   17.48    0.00    0.00   49.88

Device:         rrqm/s   wrqm/s     r/s     w/s    rMB/s    wMB/s avgrq-sz avgqu-sz   await r_await w_await  svctm  %util
sda               0.00   109.00    0.00   22.00     0.00     0.51    47.64     0.00    0.77    0.00    0.77   0.73   1.60

06/16/2020 05:16:44 PM
avg-cpu:  %user   %nice %system %iowait  %steal   %idle
          35.38    0.00   15.72    0.00    0.00   48.89

Device:         rrqm/s   wrqm/s     r/s     w/s    rMB/s    wMB/s avgrq-sz avgqu-sz   await r_await w_await  svctm  %util
sda               0.00     0.00    0.00    0.00     0.00     0.00     0.00     0.00    0.00    0.00    0.00   0.00   0.00

06/16/2020 05:16:45 PM
avg-cpu:  %user   %nice %system %iowait  %steal   %idle
          26.21    0.00   19.66    2.18    0.00   51.94

Device:         rrqm/s   wrqm/s     r/s     w/s    rMB/s    wMB/s avgrq-sz avgqu-sz   await r_await w_await  svctm  %util
sda               0.00    15.00    2.00    5.00     0.01     0.07    22.86     0.10   15.29   18.00   14.20   4.57   3.20

06/16/2020 05:16:46 PM
avg-cpu:  %user   %nice %system %iowait  %steal   %idle
          38.29    0.00   15.87    0.00    0.00   45.84

Device:         rrqm/s   wrqm/s     r/s     w/s    rMB/s    wMB/s avgrq-sz avgqu-sz   await r_await w_await  svctm  %util
sda               0.00     0.00    0.00    0.00     0.00     0.00     0.00     0.00    0.00    0.00    0.00   0.00   0.00

06/16/2020 05:16:47 PM
avg-cpu:  %user   %nice %system %iowait  %steal   %idle
          21.75    0.00   16.00    0.00    0.00   62.25

Device:         rrqm/s   wrqm/s     r/s     w/s    rMB/s    wMB/s avgrq-sz avgqu-sz   await r_await w_await  svctm  %util
sda               0.00    49.00    0.00    2.00     0.00     0.20   204.00     0.00    1.00    0.00    1.00   4.00   0.80

06/16/2020 05:16:48 PM
avg-cpu:  %user   %nice %system %iowait  %steal   %idle
          32.30    0.00   21.45    0.26    0.00   45.99

Device:         rrqm/s   wrqm/s     r/s     w/s    rMB/s    wMB/s avgrq-sz avgqu-sz   await r_await w_await  svctm  %util
sda               0.00     2.00    0.00   32.00     0.00     0.17    10.75     0.00    0.34    0.00    0.34   0.25   0.80

06/16/2020 05:16:49 PM
avg-cpu:  %user   %nice %system %iowait  %steal   %idle
          29.97    0.00   20.41    0.00    0.00   49.61

Device:         rrqm/s   wrqm/s     r/s     w/s    rMB/s    wMB/s avgrq-sz avgqu-sz   await r_await w_await  svctm  %util
sda               0.00  1192.00    0.00   34.00     0.00     4.79   288.47     0.20    7.62    0.00    7.62   2.59   8.80

06/16/2020 05:16:50 PM
avg-cpu:  %user   %nice %system %iowait  %steal   %idle
          40.94    0.00   18.11    0.52    0.00   40.42

Device:         rrqm/s   wrqm/s     r/s     w/s    rMB/s    wMB/s avgrq-sz avgqu-sz   await r_await w_await  svctm  %util
sda               0.00    34.00    0.00    5.00     0.00     0.15    62.40     0.04    8.20    0.00    8.20   4.00   2.00

06/16/2020 05:16:51 PM
avg-cpu:  %user   %nice %system %iowait  %steal   %idle
          26.49    0.00   15.35    0.00    0.00   58.17

Device:         rrqm/s   wrqm/s     r/s     w/s    rMB/s    wMB/s avgrq-sz avgqu-sz   await r_await w_await  svctm  %util
sda               0.00     0.00    0.00    0.00     0.00     0.00     0.00     0.00    0.00    0.00    0.00   0.00   0.00

06/16/2020 05:16:52 PM
avg-cpu:  %user   %nice %system %iowait  %steal   %idle
          25.19    0.00   16.62    0.00    0.00   58.19

Device:         rrqm/s   wrqm/s     r/s     w/s    rMB/s    wMB/s avgrq-sz avgqu-sz   await r_await w_await  svctm  %util
sda               0.00     0.00    0.00    1.00     0.00     0.02    48.00     0.00    0.00    0.00    0.00   8.00   0.80

06/16/2020 05:16:53 PM
avg-cpu:  %user   %nice %system %iowait  %steal   %idle
          23.56    0.00   14.66    0.00    0.00   61.78

Device:         rrqm/s   wrqm/s     r/s     w/s    rMB/s    wMB/s avgrq-sz avgqu-sz   await r_await w_await  svctm  %util
sda               0.00     0.00    0.00    0.00     0.00     0.00     0.00     0.00    0.00    0.00    0.00   0.00   0.00

06/16/2020 05:16:54 PM
avg-cpu:  %user   %nice %system %iowait  %steal   %idle
          15.88    0.00   23.71    0.00    0.00   60.40

Device:         rrqm/s   wrqm/s     r/s     w/s    rMB/s    wMB/s avgrq-sz avgqu-sz   await r_await w_await  svctm  %util
sda               0.00     0.00    0.00    0.00     0.00     0.00     0.00     0.00    0.00    0.00    0.00   0.00   0.00

06/16/2020 05:16:55 PM
avg-cpu:  %user   %nice %system %iowait  %steal   %idle
          30.33    0.00   14.04    0.25    0.00   55.39

Device:         rrqm/s   wrqm/s     r/s     w/s    rMB/s    wMB/s avgrq-sz avgqu-sz   await r_await w_await  svctm  %util
sda               0.00    10.00    0.00    2.00     0.00     0.05    48.00     0.02   11.00    0.00   11.00   4.00   0.80

06/16/2020 05:16:56 PM
avg-cpu:  %user   %nice %system %iowait  %steal   %idle
          24.09    0.00   15.33    0.00    0.00   60.58

Device:         rrqm/s   wrqm/s     r/s     w/s    rMB/s    wMB/s avgrq-sz avgqu-sz   await r_await w_await  svctm  %util
sda               0.00     0.00    0.00    0.00     0.00     0.00     0.00     0.00    0.00    0.00    0.00   0.00   0.00

06/16/2020 05:16:57 PM
avg-cpu:  %user   %nice %system %iowait  %steal   %idle
          36.93    0.00   16.58    0.00    0.00   46.48

Device:         rrqm/s   wrqm/s     r/s     w/s    rMB/s    wMB/s avgrq-sz avgqu-sz   await r_await w_await  svctm  %util
sda               0.00    39.00    0.00    4.00     0.00     0.17    86.00     0.00    0.50    0.00    0.50   2.00   0.80

06/16/2020 05:16:58 PM
avg-cpu:  %user   %nice %system %iowait  %steal   %idle
          42.93    0.00   18.11    0.99    0.00   37.97

Device:         rrqm/s   wrqm/s     r/s     w/s    rMB/s    wMB/s avgrq-sz avgqu-sz   await r_await w_await  svctm  %util
sda               0.00    10.00    0.00    6.00     0.00     0.08    26.67     0.04    7.50    0.00    7.50   2.00   1.20

06/16/2020 05:16:59 PM
avg-cpu:  %user   %nice %system %iowait  %steal   %idle
          20.65    0.00   15.62    0.00    0.00   63.73

Device:         rrqm/s   wrqm/s     r/s     w/s    rMB/s    wMB/s avgrq-sz avgqu-sz   await r_await w_await  svctm  %util
sda               0.00     0.00    0.00    0.00     0.00     0.00     0.00     0.00    0.00    0.00    0.00   0.00   0.00

06/16/2020 05:17:00 PM
avg-cpu:  %user   %nice %system %iowait  %steal   %idle
          17.46    0.00   15.96    0.00    0.00   66.58

Device:         rrqm/s   wrqm/s     r/s     w/s    rMB/s    wMB/s avgrq-sz avgqu-sz   await r_await w_await  svctm  %util
sda               0.00     0.00    0.00    0.00     0.00     0.00     0.00     0.00    0.00    0.00    0.00   0.00   0.00

06/16/2020 05:17:01 PM
avg-cpu:  %user   %nice %system %iowait  %steal   %idle
          17.38    0.00   15.62    0.00    0.00   67.00

Device:         rrqm/s   wrqm/s     r/s     w/s    rMB/s    wMB/s avgrq-sz avgqu-sz   await r_await w_await  svctm  %util
sda               0.00     0.00    0.00    0.00     0.00     0.00     0.00     0.00    0.00    0.00    0.00   0.00   0.00

06/16/2020 05:17:02 PM
avg-cpu:  %user   %nice %system %iowait  %steal   %idle
          20.10    0.00   15.93    3.13    0.00   60.84

Device:         rrqm/s   wrqm/s     r/s     w/s    rMB/s    wMB/s avgrq-sz avgqu-sz   await r_await w_await  svctm  %util
sda               0.00     0.00   34.00    1.00     0.60     0.02    36.57     0.48   15.23   15.68    0.00   1.49   5.20

06/16/2020 05:17:03 PM
avg-cpu:  %user   %nice %system %iowait  %steal   %idle
          23.40    0.00   17.29    0.00    0.00   59.31

Device:         rrqm/s   wrqm/s     r/s     w/s    rMB/s    wMB/s avgrq-sz avgqu-sz   await r_await w_await  svctm  %util
sda               0.00     0.00    0.00    0.00     0.00     0.00     0.00     0.00    0.00    0.00    0.00   0.00   0.00

06/16/2020 05:17:04 PM
avg-cpu:  %user   %nice %system %iowait  %steal   %idle
          20.32    0.00   18.21    0.26    0.00   61.21

Device:         rrqm/s   wrqm/s     r/s     w/s    rMB/s    wMB/s avgrq-sz avgqu-sz   await r_await w_await  svctm  %util
sda               0.00    20.00    0.00    2.00     0.00     0.09    88.00     0.02   12.50    0.00   12.50   4.00   0.80

06/16/2020 05:17:05 PM
avg-cpu:  %user   %nice %system %iowait  %steal   %idle
          29.46    0.00   15.10    0.00    0.00   55.45

Device:         rrqm/s   wrqm/s     r/s     w/s    rMB/s    wMB/s avgrq-sz avgqu-sz   await r_await w_await  svctm  %util
sda               0.00     0.00    0.00    0.00     0.00     0.00     0.00     0.00    0.00    0.00    0.00   0.00   0.00

06/16/2020 05:17:06 PM
avg-cpu:  %user   %nice %system %iowait  %steal   %idle
          59.60    0.00   22.69    0.50    0.00   17.21

Device:         rrqm/s   wrqm/s     r/s     w/s    rMB/s    wMB/s avgrq-sz avgqu-sz   await r_await w_await  svctm  %util
sda               0.00   920.00    0.00   23.00     0.00     3.26   290.43     0.06    3.17    0.00    3.17   1.57   3.60

06/16/2020 05:17:07 PM
avg-cpu:  %user   %nice %system %iowait  %steal   %idle
          19.22    0.00   20.68    0.00    0.00   60.10

Device:         rrqm/s   wrqm/s     r/s     w/s    rMB/s    wMB/s avgrq-sz avgqu-sz   await r_await w_await  svctm  %util
sda               0.00   724.00    0.00   23.00     0.00     3.34   297.39     0.41   19.35    0.00   19.35   1.39   3.20

06/16/2020 05:17:08 PM
avg-cpu:  %user   %nice %system %iowait  %steal   %idle
          19.33    0.00   16.47    0.00    0.00   64.20

Device:         rrqm/s   wrqm/s     r/s     w/s    rMB/s    wMB/s avgrq-sz avgqu-sz   await r_await w_await  svctm  %util
sda               0.00     0.00    0.00    0.00     0.00     0.00     0.00     0.00    0.00    0.00    0.00   0.00   0.00

06/16/2020 05:17:09 PM
avg-cpu:  %user   %nice %system %iowait  %steal   %idle
          12.53    0.00   22.10    0.68    0.00   64.69

Device:         rrqm/s   wrqm/s     r/s     w/s    rMB/s    wMB/s avgrq-sz avgqu-sz   await r_await w_await  svctm  %util
sda               0.00     1.00    0.00    4.00     0.00     0.03    16.00     0.03    7.25    0.00    7.25   3.00   1.20

06/16/2020 05:17:10 PM
avg-cpu:  %user   %nice %system %iowait  %steal   %idle
          13.98    0.00   15.42    0.00    0.00   70.60

Device:         rrqm/s   wrqm/s     r/s     w/s    rMB/s    wMB/s avgrq-sz avgqu-sz   await r_await w_await  svctm  %util
sda               0.00     0.00    0.00    0.00     0.00     0.00     0.00     0.00    0.00    0.00    0.00   0.00   0.00

06/16/2020 05:17:11 PM
avg-cpu:  %user   %nice %system %iowait  %steal   %idle
          14.29    0.00   15.76    0.00    0.00   69.95

Device:         rrqm/s   wrqm/s     r/s     w/s    rMB/s    wMB/s avgrq-sz avgqu-sz   await r_await w_await  svctm  %util
sda               0.00     0.00    0.00    0.00     0.00     0.00     0.00     0.00    0.00    0.00    0.00   0.00   0.00

06/16/2020 05:17:12 PM
avg-cpu:  %user   %nice %system %iowait  %steal   %idle
          24.94    0.00   14.97    0.91    0.00   59.18

Device:         rrqm/s   wrqm/s     r/s     w/s    rMB/s    wMB/s avgrq-sz avgqu-sz   await r_await w_await  svctm  %util
sda               0.00     0.00    0.00    1.00     0.00     0.02    48.00     0.00    0.00    0.00    0.00   4.00   0.40

06/16/2020 05:17:13 PM
avg-cpu:  %user   %nice %system %iowait  %steal   %idle
          18.25    0.00   18.72    0.00    0.00   63.03

Device:         rrqm/s   wrqm/s     r/s     w/s    rMB/s    wMB/s avgrq-sz avgqu-sz   await r_await w_await  svctm  %util
sda               0.00     0.00    0.00    0.00     0.00     0.00     0.00     0.00    0.00    0.00    0.00   0.00   0.00

06/16/2020 05:17:14 PM
avg-cpu:  %user   %nice %system %iowait  %steal   %idle
          17.78    0.00   15.06    0.25    0.00   66.91

Device:         rrqm/s   wrqm/s     r/s     w/s    rMB/s    wMB/s avgrq-sz avgqu-sz   await r_await w_await  svctm  %util
sda               0.00    12.00    0.00    2.00     0.00     0.05    56.00     0.02   11.50    0.00   11.50   4.00   0.80

06/16/2020 05:17:15 PM
avg-cpu:  %user   %nice %system %iowait  %steal   %idle
          13.48    0.00   16.42    0.00    0.00   70.10

Device:         rrqm/s   wrqm/s     r/s     w/s    rMB/s    wMB/s avgrq-sz avgqu-sz   await r_await w_await  svctm  %util
sda               0.00     0.00    0.00    0.00     0.00     0.00     0.00     0.00    0.00    0.00    0.00   0.00   0.00

06/16/2020 05:17:16 PM
avg-cpu:  %user   %nice %system %iowait  %steal   %idle
          13.36    0.00   19.12    0.00    0.00   67.51

Device:         rrqm/s   wrqm/s     r/s     w/s    rMB/s    wMB/s avgrq-sz avgqu-sz   await r_await w_await  svctm  %util
sda               0.00     0.00    0.00    0.00     0.00     0.00     0.00     0.00    0.00    0.00    0.00   0.00   0.00

06/16/2020 05:17:17 PM
avg-cpu:  %user   %nice %system %iowait  %steal   %idle
          13.61    0.00   14.11    0.00    0.00   72.28

Device:         rrqm/s   wrqm/s     r/s     w/s    rMB/s    wMB/s avgrq-sz avgqu-sz   await r_await w_await  svctm  %util
sda               0.00     0.00    0.00    0.00     0.00     0.00     0.00     0.00    0.00    0.00    0.00   0.00   0.00

06/16/2020 05:17:18 PM
avg-cpu:  %user   %nice %system %iowait  %steal   %idle
          13.73    0.00   15.90    0.00    0.00   70.36

Device:         rrqm/s   wrqm/s     r/s     w/s    rMB/s    wMB/s avgrq-sz avgqu-sz   await r_await w_await  svctm  %util
sda               0.00     0.00    0.00    0.00     0.00     0.00     0.00     0.00    0.00    0.00    0.00   0.00   0.00

06/16/2020 05:17:19 PM
avg-cpu:  %user   %nice %system %iowait  %steal   %idle
          12.18    0.00   18.74    0.47    0.00   68.62

Device:         rrqm/s   wrqm/s     r/s     w/s    rMB/s    wMB/s avgrq-sz avgqu-sz   await r_await w_await  svctm  %util
sda               0.00     3.00    0.00   30.00     0.00     0.16    11.20     0.01    1.30    0.00    1.30   0.40   1.20

06/16/2020 05:17:20 PM
avg-cpu:  %user   %nice %system %iowait  %steal   %idle
          15.27    0.00   12.32    0.00    0.00   72.41

Device:         rrqm/s   wrqm/s     r/s     w/s    rMB/s    wMB/s avgrq-sz avgqu-sz   await r_await w_await  svctm  %util
sda               0.00     0.00    0.00    0.00     0.00     0.00     0.00     0.00    0.00    0.00    0.00   0.00   0.00

06/16/2020 05:17:21 PM
avg-cpu:  %user   %nice %system %iowait  %steal   %idle
          11.67    0.00   20.82    0.00    0.00   67.51

Device:         rrqm/s   wrqm/s     r/s     w/s    rMB/s    wMB/s avgrq-sz avgqu-sz   await r_await w_await  svctm  %util
sda               0.00     0.00    0.00    0.00     0.00     0.00     0.00     0.00    0.00    0.00    0.00   0.00   0.00

06/16/2020 05:17:22 PM
avg-cpu:  %user   %nice %system %iowait  %steal   %idle
          14.18    0.00   15.14    0.00    0.00   70.67

Device:         rrqm/s   wrqm/s     r/s     w/s    rMB/s    wMB/s avgrq-sz avgqu-sz   await r_await w_await  svctm  %util
sda               0.00     0.00    0.00    1.00     0.00     0.02    48.00     0.00    1.00    0.00    1.00   4.00   0.40

06/16/2020 05:17:23 PM
avg-cpu:  %user   %nice %system %iowait  %steal   %idle
          15.30    0.00   21.69    0.00    0.00   63.01

Device:         rrqm/s   wrqm/s     r/s     w/s    rMB/s    wMB/s avgrq-sz avgqu-sz   await r_await w_await  svctm  %util
sda               0.00     0.00    0.00    0.00     0.00     0.00     0.00     0.00    0.00    0.00    0.00   0.00   0.00

06/16/2020 05:17:24 PM
avg-cpu:  %user   %nice %system %iowait  %steal   %idle
          26.06    0.00   17.14    0.23    0.00   56.57

Device:         rrqm/s   wrqm/s     r/s     w/s    rMB/s    wMB/s avgrq-sz avgqu-sz   await r_await w_await  svctm  %util
sda               0.00    12.00    0.00    2.00     0.00     0.05    56.00     0.02   10.50    0.00   10.50   4.00   0.80

06/16/2020 05:17:25 PM
avg-cpu:  %user   %nice %system %iowait  %steal   %idle
          18.43    0.00   15.72    0.00    0.00   65.85

Device:         rrqm/s   wrqm/s     r/s     w/s    rMB/s    wMB/s avgrq-sz avgqu-sz   await r_await w_await  svctm  %util
sda               0.00     0.00    0.00    0.00     0.00     0.00     0.00     0.00    0.00    0.00    0.00   0.00   0.00

06/16/2020 05:17:26 PM
avg-cpu:  %user   %nice %system %iowait  %steal   %idle
          28.24    0.00   14.12    0.00    0.00   57.65

Device:         rrqm/s   wrqm/s     r/s     w/s    rMB/s    wMB/s avgrq-sz avgqu-sz   await r_await w_await  svctm  %util
sda               0.00     0.00    0.00    0.00     0.00     0.00     0.00     0.00    0.00    0.00    0.00   0.00   0.00

06/16/2020 05:17:27 PM
avg-cpu:  %user   %nice %system %iowait  %steal   %idle
          28.36    0.00   19.54    0.21    0.00   51.89

Device:         rrqm/s   wrqm/s     r/s     w/s    rMB/s    wMB/s avgrq-sz avgqu-sz   await r_await w_await  svctm  %util
sda               0.00     0.00    2.00    0.00     0.04     0.00    36.00     0.01    7.00    7.00    0.00   4.00   0.80

06/16/2020 05:17:28 PM
avg-cpu:  %user   %nice %system %iowait  %steal   %idle
          28.68    0.00   19.85    0.00    0.00   51.47

Device:         rrqm/s   wrqm/s     r/s     w/s    rMB/s    wMB/s avgrq-sz avgqu-sz   await r_await w_await  svctm  %util
sda               0.00     0.00    0.00    0.00     0.00     0.00     0.00     0.00    0.00    0.00    0.00   0.00   0.00

06/16/2020 05:17:29 PM
avg-cpu:  %user   %nice %system %iowait  %steal   %idle
          43.36    0.00   20.05    0.27    0.00   36.31

Device:         rrqm/s   wrqm/s     r/s     w/s    rMB/s    wMB/s avgrq-sz avgqu-sz   await r_await w_await  svctm  %util
sda               0.00     2.00    0.00    3.00     0.00     0.02    16.00     0.02    8.33    0.00    8.33   4.00   1.20

06/16/2020 05:17:30 PM
avg-cpu:  %user   %nice %system %iowait  %steal   %idle
          19.59    0.00   18.04    0.00    0.00   62.37

Device:         rrqm/s   wrqm/s     r/s     w/s    rMB/s    wMB/s avgrq-sz avgqu-sz   await r_await w_await  svctm  %util
sda               0.00     0.00    0.00    0.00     0.00     0.00     0.00     0.00    0.00    0.00    0.00   0.00   0.00

06/16/2020 05:17:31 PM
avg-cpu:  %user   %nice %system %iowait  %steal   %idle
          15.56    0.00   17.60    0.00    0.00   66.84

Device:         rrqm/s   wrqm/s     r/s     w/s    rMB/s    wMB/s avgrq-sz avgqu-sz   await r_await w_await  svctm  %util
sda               0.00     0.00    0.00    0.00     0.00     0.00     0.00     0.00    0.00    0.00    0.00   0.00   0.00

06/16/2020 05:17:32 PM
avg-cpu:  %user   %nice %system %iowait  %steal   %idle
          22.05    0.00   12.34    0.00    0.00   65.62

Device:         rrqm/s   wrqm/s     r/s     w/s    rMB/s    wMB/s avgrq-sz avgqu-sz   await r_await w_await  svctm  %util
sda               0.00     0.00    0.00    0.00     0.00     0.00     0.00     0.00    0.00    0.00    0.00   0.00   0.00

06/16/2020 05:17:33 PM
avg-cpu:  %user   %nice %system %iowait  %steal   %idle
          14.69    0.00   18.56    0.26    0.00   66.49

Device:         rrqm/s   wrqm/s     r/s     w/s    rMB/s    wMB/s avgrq-sz avgqu-sz   await r_await w_await  svctm  %util
sda               0.00     0.00    0.00    0.00     0.00     0.00     0.00     0.00    0.00    0.00    0.00   0.00   0.40

06/16/2020 05:17:34 PM
avg-cpu:  %user   %nice %system %iowait  %steal   %idle
          15.92    0.00   12.69    1.24    0.00   70.15

Device:         rrqm/s   wrqm/s     r/s     w/s    rMB/s    wMB/s avgrq-sz avgqu-sz   await r_await w_await  svctm  %util
sda               0.00    12.00    2.00   50.00     0.74     0.26    39.54     0.08    1.98   23.00    1.14   0.31   1.60

06/16/2020 05:17:35 PM
avg-cpu:  %user   %nice %system %iowait  %steal   %idle
          14.18    0.00   13.93    0.00    0.00   71.89

Device:         rrqm/s   wrqm/s     r/s     w/s    rMB/s    wMB/s avgrq-sz avgqu-sz   await r_await w_await  svctm  %util
sda               0.00     0.00    0.00    0.00     0.00     0.00     0.00     0.00    0.00    0.00    0.00   0.00   0.00

06/16/2020 05:17:36 PM
avg-cpu:  %user   %nice %system %iowait  %steal   %idle
          13.98    0.00   18.25    0.00    0.00   67.77

Device:         rrqm/s   wrqm/s     r/s     w/s    rMB/s    wMB/s avgrq-sz avgqu-sz   await r_await w_await  svctm  %util
sda               0.00     0.00    0.00    0.00     0.00     0.00     0.00     0.00    0.00    0.00    0.00   0.00   0.00

06/16/2020 05:17:37 PM
avg-cpu:  %user   %nice %system %iowait  %steal   %idle
          21.78    0.00   16.63    0.00    0.00   61.59

Device:         rrqm/s   wrqm/s     r/s     w/s    rMB/s    wMB/s avgrq-sz avgqu-sz   await r_await w_await  svctm  %util
sda               0.00     0.00    0.00    0.00     0.00     0.00     0.00     0.00    0.00    0.00    0.00   0.00   0.00

06/16/2020 05:17:38 PM
avg-cpu:  %user   %nice %system %iowait  %steal   %idle
          18.63    0.00   18.14    0.00    0.00   63.24

Device:         rrqm/s   wrqm/s     r/s     w/s    rMB/s    wMB/s avgrq-sz avgqu-sz   await r_await w_await  svctm  %util
sda               0.00     0.00    0.00    0.00     0.00     0.00     0.00     0.00    0.00    0.00    0.00   0.00   0.00

06/16/2020 05:17:39 PM
avg-cpu:  %user   %nice %system %iowait  %steal   %idle
          18.89    0.00   12.59    0.50    0.00   68.01

Device:         rrqm/s   wrqm/s     r/s     w/s    rMB/s    wMB/s avgrq-sz avgqu-sz   await r_await w_await  svctm  %util
sda               0.00     2.00    0.00    2.00     0.00     0.02    16.00     0.02   11.00    0.00   11.00   4.00   0.80

06/16/2020 05:17:40 PM
avg-cpu:  %user   %nice %system %iowait  %steal   %idle
          14.07    0.00   15.58    0.00    0.00   70.35

Device:         rrqm/s   wrqm/s     r/s     w/s    rMB/s    wMB/s avgrq-sz avgqu-sz   await r_await w_await  svctm  %util
sda               0.00     0.00    0.00    0.00     0.00     0.00     0.00     0.00    0.00    0.00    0.00   0.00   0.00

06/16/2020 05:17:41 PM
avg-cpu:  %user   %nice %system %iowait  %steal   %idle
          20.00    0.00   17.14    0.00    0.00   62.86

Device:         rrqm/s   wrqm/s     r/s     w/s    rMB/s    wMB/s avgrq-sz avgqu-sz   await r_await w_await  svctm  %util
sda               0.00     0.00    0.00    0.00     0.00     0.00     0.00     0.00    0.00    0.00    0.00   0.00   0.00

06/16/2020 05:17:42 PM
avg-cpu:  %user   %nice %system %iowait  %steal   %idle
          30.49    0.00   15.47    0.22    0.00   53.81

Device:         rrqm/s   wrqm/s     r/s     w/s    rMB/s    wMB/s avgrq-sz avgqu-sz   await r_await w_await  svctm  %util
sda               0.00     0.00    0.00    0.00     0.00     0.00     0.00     0.00    0.00    0.00    0.00   0.00   0.00

06/16/2020 05:17:43 PM
avg-cpu:  %user   %nice %system %iowait  %steal   %idle
          27.34    0.00   14.87    0.00    0.00   57.79

Device:         rrqm/s   wrqm/s     r/s     w/s    rMB/s    wMB/s avgrq-sz avgqu-sz   await r_await w_await  svctm  %util
sda               1.00     0.00    4.00    0.00     0.02     0.00    10.00     0.02    8.00    8.00    0.00   6.00   2.40

06/16/2020 05:17:44 PM
avg-cpu:  %user   %nice %system %iowait  %steal   %idle
          16.40    0.00   17.72    0.53    0.00   65.34

Device:         rrqm/s   wrqm/s     r/s     w/s    rMB/s    wMB/s avgrq-sz avgqu-sz   await r_await w_await  svctm  %util
sda               0.00     6.00    0.00    2.00     0.00     0.03    32.00     0.02   14.00    0.00   14.00   4.00   0.80

06/16/2020 05:17:45 PM
avg-cpu:  %user   %nice %system %iowait  %steal   %idle
          19.64    0.00   10.20    1.02    0.00   69.13

Device:         rrqm/s   wrqm/s     r/s     w/s    rMB/s    wMB/s avgrq-sz avgqu-sz   await r_await w_await  svctm  %util
sda               0.00     0.00    1.00    3.00     0.00     0.00     4.00     0.03    9.25   15.00    7.33   5.00   2.00

06/16/2020 05:17:46 PM
avg-cpu:  %user   %nice %system %iowait  %steal   %idle
          15.69    0.00   17.55    0.00    0.00   66.76

Device:         rrqm/s   wrqm/s     r/s     w/s    rMB/s    wMB/s avgrq-sz avgqu-sz   await r_await w_await  svctm  %util
sda               0.00     0.00    0.00    0.00     0.00     0.00     0.00     0.00    0.00    0.00    0.00   0.00   0.00

06/16/2020 05:17:47 PM
avg-cpu:  %user   %nice %system %iowait  %steal   %idle
          18.34    0.00   13.07    0.00    0.00   68.59

Device:         rrqm/s   wrqm/s     r/s     w/s    rMB/s    wMB/s avgrq-sz avgqu-sz   await r_await w_await  svctm  %util
sda               0.00     0.00    0.00    0.00     0.00     0.00     0.00     0.00    0.00    0.00    0.00   0.00   0.00

06/16/2020 05:17:48 PM
avg-cpu:  %user   %nice %system %iowait  %steal   %idle
          13.10    0.00   20.69    0.00    0.00   66.21

Device:         rrqm/s   wrqm/s     r/s     w/s    rMB/s    wMB/s avgrq-sz avgqu-sz   await r_await w_await  svctm  %util
sda               0.00     0.00    0.00    0.00     0.00     0.00     0.00     0.00    0.00    0.00    0.00   0.00   0.00

06/16/2020 05:17:49 PM
avg-cpu:  %user   %nice %system %iowait  %steal   %idle
          16.76    0.00   17.02    1.33    0.00   64.89

Device:         rrqm/s   wrqm/s     r/s     w/s    rMB/s    wMB/s avgrq-sz avgqu-sz   await r_await w_await  svctm  %util
sda               0.00    11.00    0.00    5.00     0.00     0.08    32.00     0.06   12.40    0.00   12.40   3.20   1.60

06/16/2020 05:17:50 PM
avg-cpu:  %user   %nice %system %iowait  %steal   %idle
          16.43    0.00   18.36    0.00    0.00   65.22

Device:         rrqm/s   wrqm/s     r/s     w/s    rMB/s    wMB/s avgrq-sz avgqu-sz   await r_await w_await  svctm  %util
sda               0.00     0.00    0.00    0.00     0.00     0.00     0.00     0.00    0.00    0.00    0.00   0.00   0.00

06/16/2020 05:17:51 PM
avg-cpu:  %user   %nice %system %iowait  %steal   %idle
          20.92    0.00   12.90    0.00    0.00   66.18

Device:         rrqm/s   wrqm/s     r/s     w/s    rMB/s    wMB/s avgrq-sz avgqu-sz   await r_await w_await  svctm  %util
sda               0.00     0.00    0.00    0.00     0.00     0.00     0.00     0.00    0.00    0.00    0.00   0.00   0.00

06/16/2020 05:17:52 PM
avg-cpu:  %user   %nice %system %iowait  %steal   %idle
          16.90    0.00   19.52    0.00    0.00   63.57

Device:         rrqm/s   wrqm/s     r/s     w/s    rMB/s    wMB/s avgrq-sz avgqu-sz   await r_await w_await  svctm  %util
sda               0.00     0.00    0.00    1.00     0.00     0.01    24.00     0.00    0.00    0.00    0.00   4.00   0.40

06/16/2020 05:17:53 PM
avg-cpu:  %user   %nice %system %iowait  %steal   %idle
          19.46    0.00   13.38    0.00    0.00   67.15

Device:         rrqm/s   wrqm/s     r/s     w/s    rMB/s    wMB/s avgrq-sz avgqu-sz   await r_await w_await  svctm  %util
sda               0.00     0.00    0.00    0.00     0.00     0.00     0.00     0.00    0.00    0.00    0.00   0.00   0.00

06/16/2020 05:17:54 PM
avg-cpu:  %user   %nice %system %iowait  %steal   %idle
          12.71    0.00   16.63    0.00    0.00   70.66

Device:         rrqm/s   wrqm/s     r/s     w/s    rMB/s    wMB/s avgrq-sz avgqu-sz   await r_await w_await  svctm  %util
sda               0.00     0.00    0.00    0.00     0.00     0.00     0.00     0.00    0.00    0.00    0.00   0.00   0.00

06/16/2020 05:17:55 PM
avg-cpu:  %user   %nice %system %iowait  %steal   %idle
          14.92    0.00   17.48    1.17    0.00   66.43

Device:         rrqm/s   wrqm/s     r/s     w/s    rMB/s    wMB/s avgrq-sz avgqu-sz   await r_await w_await  svctm  %util
sda               0.00    20.00    0.00   26.00     0.00     0.18    14.15     0.06    3.04    0.00    3.04   0.46   1.20

06/16/2020 05:17:56 PM
avg-cpu:  %user   %nice %system %iowait  %steal   %idle
          13.40    0.00   17.94    0.00    0.00   68.66

Device:         rrqm/s   wrqm/s     r/s     w/s    rMB/s    wMB/s avgrq-sz avgqu-sz   await r_await w_await  svctm  %util
sda               0.00     0.00    0.00    0.00     0.00     0.00     0.00     0.00    0.00    0.00    0.00   0.00   0.00

06/16/2020 05:17:57 PM
avg-cpu:  %user   %nice %system %iowait  %steal   %idle
          14.70    0.00   15.66    0.00    0.00   69.64

Device:         rrqm/s   wrqm/s     r/s     w/s    rMB/s    wMB/s avgrq-sz avgqu-sz   await r_await w_await  svctm  %util
sda               0.00     0.00    0.00    0.00     0.00     0.00     0.00     0.00    0.00    0.00    0.00   0.00   0.00

06/16/2020 05:17:58 PM
avg-cpu:  %user   %nice %system %iowait  %steal   %idle
          11.96    0.00   22.80    0.00    0.00   65.24

Device:         rrqm/s   wrqm/s     r/s     w/s    rMB/s    wMB/s avgrq-sz avgqu-sz   await r_await w_await  svctm  %util
sda               0.00     0.00    0.00    0.00     0.00     0.00     0.00     0.00    0.00    0.00    0.00   0.00   0.00

06/16/2020 05:17:59 PM
avg-cpu:  %user   %nice %system %iowait  %steal   %idle
          14.13    0.00   21.85    0.00    0.00   64.02

Device:         rrqm/s   wrqm/s     r/s     w/s    rMB/s    wMB/s avgrq-sz avgqu-sz   await r_await w_await  svctm  %util
sda               0.00     0.00    0.00    0.00     0.00     0.00     0.00     0.00    0.00    0.00    0.00   0.00   0.00

06/16/2020 05:18:00 PM
avg-cpu:  %user   %nice %system %iowait  %steal   %idle
          12.26    0.00   19.58    0.94    0.00   67.22

Device:         rrqm/s   wrqm/s     r/s     w/s    rMB/s    wMB/s avgrq-sz avgqu-sz   await r_await w_await  svctm  %util
sda               0.00     3.00    0.00    5.00     0.00     0.04    16.00     0.04    8.00    0.00    8.00   2.40   1.20

06/16/2020 05:18:01 PM
avg-cpu:  %user   %nice %system %iowait  %steal   %idle
          14.54    0.00   12.78    0.00    0.00   72.68

Device:         rrqm/s   wrqm/s     r/s     w/s    rMB/s    wMB/s avgrq-sz avgqu-sz   await r_await w_await  svctm  %util
sda               0.00     0.00    0.00    0.00     0.00     0.00     0.00     0.00    0.00    0.00    0.00   0.00   0.00

06/16/2020 05:18:02 PM
avg-cpu:  %user   %nice %system %iowait  %steal   %idle
          14.47    0.00   18.60    0.00    0.00   66.93

Device:         rrqm/s   wrqm/s     r/s     w/s    rMB/s    wMB/s avgrq-sz avgqu-sz   await r_await w_await  svctm  %util
sda               0.00     0.00    0.00    1.00     0.00     0.01    24.00     0.00    0.00    0.00    0.00   4.00   0.40

06/16/2020 05:18:03 PM
avg-cpu:  %user   %nice %system %iowait  %steal   %idle
          19.66    0.00   12.08    0.00    0.00   68.26

Device:         rrqm/s   wrqm/s     r/s     w/s    rMB/s    wMB/s avgrq-sz avgqu-sz   await r_await w_await  svctm  %util
sda               0.00     0.00    0.00    0.00     0.00     0.00     0.00     0.00    0.00    0.00    0.00   0.00   0.00

06/16/2020 05:18:04 PM
avg-cpu:  %user   %nice %system %iowait  %steal   %idle
          23.16    0.00   15.52    0.00    0.00   61.32

Device:         rrqm/s   wrqm/s     r/s     w/s    rMB/s    wMB/s avgrq-sz avgqu-sz   await r_await w_await  svctm  %util
sda               0.00     0.00    0.00    0.00     0.00     0.00     0.00     0.00    0.00    0.00    0.00   0.00   0.00

06/16/2020 05:18:05 PM
avg-cpu:  %user   %nice %system %iowait  %steal   %idle
          27.53    0.00   20.96    0.51    0.00   51.01

Device:         rrqm/s   wrqm/s     r/s     w/s    rMB/s    wMB/s avgrq-sz avgqu-sz   await r_await w_await  svctm  %util
sda               0.00    12.00    0.00    3.00     0.00     0.07    50.67     0.02    7.33    0.00    7.33   4.00   1.20

06/16/2020 05:18:06 PM
avg-cpu:  %user   %nice %system %iowait  %steal   %idle
          22.61    0.00   17.59    0.00    0.00   59.80

Device:         rrqm/s   wrqm/s     r/s     w/s    rMB/s    wMB/s avgrq-sz avgqu-sz   await r_await w_await  svctm  %util
sda               0.00     0.00    0.00    0.00     0.00     0.00     0.00     0.00    0.00    0.00    0.00   0.00   0.00

06/16/2020 05:18:07 PM
avg-cpu:  %user   %nice %system %iowait  %steal   %idle
          46.42    0.00   19.51    0.00    0.00   34.07

Device:         rrqm/s   wrqm/s     r/s     w/s    rMB/s    wMB/s avgrq-sz avgqu-sz   await r_await w_await  svctm  %util
sda               0.00  1625.00    0.00   31.00     0.00     4.59   302.97     0.08    4.87    0.00    4.87   1.42   4.40

06/16/2020 05:18:08 PM
avg-cpu:  %user   %nice %system %iowait  %steal   %idle
          12.07    0.00   15.76    0.00    0.00   72.17

Device:         rrqm/s   wrqm/s     r/s     w/s    rMB/s    wMB/s avgrq-sz avgqu-sz   await r_await w_await  svctm  %util
sda               0.00   313.00    0.00   12.00     0.00     3.15   538.00     0.16   15.08    0.00   15.08   2.00   2.40

06/16/2020 05:18:09 PM
avg-cpu:  %user   %nice %system %iowait  %steal   %idle
          13.64    0.00   19.55    0.00    0.00   66.82

Device:         rrqm/s   wrqm/s     r/s     w/s    rMB/s    wMB/s avgrq-sz avgqu-sz   await r_await w_await  svctm  %util
sda               0.00     0.00    0.00    0.00     0.00     0.00     0.00     0.00    0.00    0.00    0.00   0.00   0.00

06/16/2020 05:18:10 PM
avg-cpu:  %user   %nice %system %iowait  %steal   %idle
          11.66    0.00   15.14    0.50    0.00   72.70

Device:         rrqm/s   wrqm/s     r/s     w/s    rMB/s    wMB/s avgrq-sz avgqu-sz   await r_await w_await  svctm  %util
sda               0.00    14.00    0.00    2.00     0.00     0.06    64.00     0.03   14.50    0.00   14.50   4.00   0.80

06/16/2020 05:18:11 PM
avg-cpu:  %user   %nice %system %iowait  %steal   %idle
          14.55    0.00   18.01    0.00    0.00   67.44

Device:         rrqm/s   wrqm/s     r/s     w/s    rMB/s    wMB/s avgrq-sz avgqu-sz   await r_await w_await  svctm  %util
sda               0.00     0.00    0.00    0.00     0.00     0.00     0.00     0.00    0.00    0.00    0.00   0.00   0.00

06/16/2020 05:18:12 PM
avg-cpu:  %user   %nice %system %iowait  %steal   %idle
          10.20    0.00   12.44    1.74    0.00   75.62

Device:         rrqm/s   wrqm/s     r/s     w/s    rMB/s    wMB/s avgrq-sz avgqu-sz   await r_await w_await  svctm  %util
sda              14.00     0.00   25.00    1.00    15.66     0.01  1234.15     0.56   23.81   24.72    1.00   5.38  14.00

06/16/2020 05:18:13 PM
avg-cpu:  %user   %nice %system %iowait  %steal   %idle
          18.29    0.00   16.90    3.47    0.00   61.34

Device:         rrqm/s   wrqm/s     r/s     w/s    rMB/s    wMB/s avgrq-sz avgqu-sz   await r_await w_await  svctm  %util
sda              12.00     0.00   28.00    0.00    17.28     0.00  1264.00     0.62   23.75   23.75    0.00   5.29  14.80

06/16/2020 05:18:14 PM
avg-cpu:  %user   %nice %system %iowait  %steal   %idle
          24.32    0.00   18.02    0.23    0.00   57.43

Device:         rrqm/s   wrqm/s     r/s     w/s    rMB/s    wMB/s avgrq-sz avgqu-sz   await r_await w_await  svctm  %util
sda               0.00     0.00    0.00    0.00     0.00     0.00     0.00     0.00    0.00    0.00    0.00   0.00   0.00

06/16/2020 05:18:15 PM
avg-cpu:  %user   %nice %system %iowait  %steal   %idle
          14.25    0.00   16.22    0.00    0.00   69.53

Device:         rrqm/s   wrqm/s     r/s     w/s    rMB/s    wMB/s avgrq-sz avgqu-sz   await r_await w_await  svctm  %util
sda               0.00     0.00    0.00    0.00     0.00     0.00     0.00     0.00    0.00    0.00    0.00   0.00   0.00

06/16/2020 05:18:16 PM
avg-cpu:  %user   %nice %system %iowait  %steal   %idle
          13.25    0.00   16.14    4.34    0.00   66.27

Device:         rrqm/s   wrqm/s     r/s     w/s    rMB/s    wMB/s avgrq-sz avgqu-sz   await r_await w_await  svctm  %util
sda              37.00    17.00   15.00    5.00     1.20     0.09   131.20     0.28   16.10   12.20   27.80   2.00   4.00

06/16/2020 05:18:17 PM
avg-cpu:  %user   %nice %system %iowait  %steal   %idle
          21.21    0.00   13.64    0.25    0.00   64.90

Device:         rrqm/s   wrqm/s     r/s     w/s    rMB/s    wMB/s avgrq-sz avgqu-sz   await r_await w_await  svctm  %util
sda               0.00     0.00    0.00    0.00     0.00     0.00     0.00     0.00    0.00    0.00    0.00   0.00   0.00

06/16/2020 05:18:18 PM
avg-cpu:  %user   %nice %system %iowait  %steal   %idle
          11.75    0.00   17.27    0.96    0.00   70.02

Device:         rrqm/s   wrqm/s     r/s     w/s    rMB/s    wMB/s avgrq-sz avgqu-sz   await r_await w_await  svctm  %util
sda               3.00     0.00   10.00    0.00     5.03     0.00  1030.40     0.24   25.50   25.50    0.00   4.00   4.00

06/16/2020 05:18:19 PM
avg-cpu:  %user   %nice %system %iowait  %steal   %idle
          19.65    0.00   14.43    0.00    0.00   65.92

Device:         rrqm/s   wrqm/s     r/s     w/s    rMB/s    wMB/s avgrq-sz avgqu-sz   await r_await w_await  svctm  %util
sda               0.00     0.00    0.00    0.00     0.00     0.00     0.00     0.00    0.00    0.00    0.00   0.00   0.00

06/16/2020 05:18:20 PM
avg-cpu:  %user   %nice %system %iowait  %steal   %idle
          19.50    0.00   12.00    0.00    0.00   68.50

Device:         rrqm/s   wrqm/s     r/s     w/s    rMB/s    wMB/s avgrq-sz avgqu-sz   await r_await w_await  svctm  %util
sda               0.00     0.00    0.00    1.00     0.00     0.01    16.00     0.00    1.00    0.00    1.00   4.00   0.40

06/16/2020 05:18:21 PM
avg-cpu:  %user   %nice %system %iowait  %steal   %idle
          15.57    0.00   18.98    0.24    0.00   65.21

Device:         rrqm/s   wrqm/s     r/s     w/s    rMB/s    wMB/s avgrq-sz avgqu-sz   await r_await w_await  svctm  %util
sda               0.00     0.00    0.00    0.00     0.00     0.00     0.00     0.00    0.00    0.00    0.00   0.00   0.00

06/16/2020 05:18:22 PM
avg-cpu:  %user   %nice %system %iowait  %steal   %idle
          20.31    0.00   16.67    0.52    0.00   62.50

Device:         rrqm/s   wrqm/s     r/s     w/s    rMB/s    wMB/s avgrq-sz avgqu-sz   await r_await w_await  svctm  %util
sda               0.00    10.00    0.00    3.00     0.00     0.06    40.00     0.03    9.67    0.00    9.67   4.00   1.20

06/16/2020 05:18:23 PM
avg-cpu:  %user   %nice %system %iowait  %steal   %idle
          24.63    0.00   16.92    0.25    0.00   58.21

Device:         rrqm/s   wrqm/s     r/s     w/s    rMB/s    wMB/s avgrq-sz avgqu-sz   await r_await w_await  svctm  %util
sda               0.00     0.00    0.00    0.00     0.00     0.00     0.00     0.00    0.00    0.00    0.00   0.00   0.00

06/16/2020 05:18:24 PM
avg-cpu:  %user   %nice %system %iowait  %steal   %idle
          13.94    0.00   12.47    5.38    0.00   68.22

Device:         rrqm/s   wrqm/s     r/s     w/s    rMB/s    wMB/s avgrq-sz avgqu-sz   await r_await w_await  svctm  %util
sda              61.00     0.00   50.00    0.00     2.92     0.00   119.52     0.48   11.22   11.22    0.00   2.96  14.80

