Linux 5.4.0-37-generic (rubaldo) 	06/16/2020 	_x86_64_	(4 CPU)

06/16/2020 12:32:39 PM
avg-cpu:  %user   %nice %system %iowait  %steal   %idle
           2.02    0.00    6.30   49.87    0.00   41.81

Device:         rrqm/s   wrqm/s     r/s     w/s    rMB/s    wMB/s avgrq-sz avgqu-sz   await r_await w_await  svctm  %util
sda3              0.00     3.00    8.00   78.00     1.54    72.04  1752.28     8.21   97.37  174.75   89.44   3.91  33.60

06/16/2020 12:32:40 PM
avg-cpu:  %user   %nice %system %iowait  %steal   %idle
           1.28    0.00    3.57   57.65    0.00   37.50

Device:         rrqm/s   wrqm/s     r/s     w/s    rMB/s    wMB/s avgrq-sz avgqu-sz   await r_await w_await  svctm  %util
sda3              0.00     0.00   17.00  131.00     2.76    70.52  1014.00     9.54   65.91  520.53    6.91   3.73  55.20

06/16/2020 12:32:41 PM
avg-cpu:  %user   %nice %system %iowait  %steal   %idle
           1.27    0.00    3.80   61.77    0.00   33.16

Device:         rrqm/s   wrqm/s     r/s     w/s    rMB/s    wMB/s avgrq-sz avgqu-sz   await r_await w_await  svctm  %util
sda3              0.00     2.00    3.00  124.00     0.03    79.00  1274.46     1.40   13.22  228.00    8.02   3.91  49.60

06/16/2020 12:32:42 PM
avg-cpu:  %user   %nice %system %iowait  %steal   %idle
           0.77    0.00    2.82   51.28    0.00   45.13

Device:         rrqm/s   wrqm/s     r/s     w/s    rMB/s    wMB/s avgrq-sz avgqu-sz   await r_await w_await  svctm  %util
sda3              0.00     3.00   14.00   88.00     5.26    59.25  1295.22     8.37   83.94  542.93   10.92   3.88  39.60

06/16/2020 12:32:43 PM
avg-cpu:  %user   %nice %system %iowait  %steal   %idle
           0.77    0.00    3.58   52.17    0.00   43.48

Device:         rrqm/s   wrqm/s     r/s     w/s    rMB/s    wMB/s avgrq-sz avgqu-sz   await r_await w_await  svctm  %util
sda3              0.00    22.00   12.00  105.00     6.45    60.84  1177.85     7.68   67.74  582.17    8.94   4.00  46.80

06/16/2020 12:32:44 PM
avg-cpu:  %user   %nice %system %iowait  %steal   %idle
           2.03    0.00    6.35   27.66    0.00   63.96

Device:         rrqm/s   wrqm/s     r/s     w/s    rMB/s    wMB/s avgrq-sz avgqu-sz   await r_await w_await  svctm  %util
sda3              0.00     1.00   62.00    4.00    58.72     4.00  1946.18     2.88   45.64   43.40   80.25   6.12  40.40

06/16/2020 12:32:45 PM
avg-cpu:  %user   %nice %system %iowait  %steal   %idle
           3.00    0.00    9.75   10.50    0.00   76.75

Device:         rrqm/s   wrqm/s     r/s     w/s    rMB/s    wMB/s avgrq-sz avgqu-sz   await r_await w_await  svctm  %util
sda3             14.00     0.00   71.00    2.00    66.25     0.01  1858.85     1.66   25.12   25.83    0.00   6.68  48.80

06/16/2020 12:32:46 PM
avg-cpu:  %user   %nice %system %iowait  %steal   %idle
           2.00    0.00    9.23   13.22    0.00   75.56

Device:         rrqm/s   wrqm/s     r/s     w/s    rMB/s    wMB/s avgrq-sz avgqu-sz   await r_await w_await  svctm  %util
sda3              0.00     0.00   69.00    0.00    80.00     0.00  2374.49     1.74   26.96   26.96    0.00   7.25  50.00

06/16/2020 12:32:47 PM
avg-cpu:  %user   %nice %system %iowait  %steal   %idle
           3.51    0.00   10.53   11.28    0.00   74.69

Device:         rrqm/s   wrqm/s     r/s     w/s    rMB/s    wMB/s avgrq-sz avgqu-sz   await r_await w_await  svctm  %util
sda3             30.00    34.00   87.00   24.00    62.62     0.23  1159.64     2.04   20.32   24.87    3.79   5.15  57.20

06/16/2020 12:32:48 PM
avg-cpu:  %user   %nice %system %iowait  %steal   %idle
           1.50    0.00    9.27   12.28    0.00   76.94

Device:         rrqm/s   wrqm/s     r/s     w/s    rMB/s    wMB/s avgrq-sz avgqu-sz   await r_await w_await  svctm  %util
sda3              3.00     0.00   74.00    0.00    80.58     0.00  2230.16     1.78   25.82   25.82    0.00   7.14  52.80

06/16/2020 12:32:49 PM
avg-cpu:  %user   %nice %system %iowait  %steal   %idle
           1.53    0.00    4.09   53.96    0.00   40.41

Device:         rrqm/s   wrqm/s     r/s     w/s    rMB/s    wMB/s avgrq-sz avgqu-sz   await r_await w_await  svctm  %util
sda3             17.00    10.00   38.00   40.00    23.18    36.03  1554.56     6.09   80.17   89.05   71.72   4.72  36.80

06/16/2020 12:32:50 PM
avg-cpu:  %user   %nice %system %iowait  %steal   %idle
           1.53    0.00    3.06   61.73    0.00   33.67

Device:         rrqm/s   wrqm/s     r/s     w/s    rMB/s    wMB/s avgrq-sz avgqu-sz   await r_await w_await  svctm  %util
sda3              1.00     7.00    5.00   82.00     2.52    76.65  1863.63     1.60   20.55  153.20   12.46   4.28  37.20

06/16/2020 12:32:51 PM
avg-cpu:  %user   %nice %system %iowait  %steal   %idle
           1.52    0.00    3.30   65.23    0.00   29.95

Device:         rrqm/s   wrqm/s     r/s     w/s    rMB/s    wMB/s avgrq-sz avgqu-sz   await r_await w_await  svctm  %util
sda3              0.00     4.00   17.00   56.00    14.39    51.37  1844.82     6.49   90.99  327.41   19.21   4.22  30.80

06/16/2020 12:32:52 PM
avg-cpu:  %user   %nice %system %iowait  %steal   %idle
           2.29    0.00    3.05   41.48    0.00   53.18

Device:         rrqm/s   wrqm/s     r/s     w/s    rMB/s    wMB/s avgrq-sz avgqu-sz   await r_await w_await  svctm  %util
sda3              0.00     3.00   23.00   63.00     8.24    57.66  1569.30     8.76  104.00  350.91   13.86   3.91  33.60

06/16/2020 12:32:53 PM
avg-cpu:  %user   %nice %system %iowait  %steal   %idle
           1.79    0.00    3.32   52.81    0.00   42.09

Device:         rrqm/s   wrqm/s     r/s     w/s    rMB/s    wMB/s avgrq-sz avgqu-sz   await r_await w_await  svctm  %util
sda3              0.00     4.00   17.00   63.00     8.11    59.48  1730.50     7.48   95.59  389.59   16.25   4.05  32.40

06/16/2020 12:32:54 PM
avg-cpu:  %user   %nice %system %iowait  %steal   %idle
           1.76    0.00    4.03   33.75    0.00   60.45

Device:         rrqm/s   wrqm/s     r/s     w/s    rMB/s    wMB/s avgrq-sz avgqu-sz   await r_await w_await  svctm  %util
sda3              0.00    22.00   17.00   55.00    18.42    42.23  1725.00     5.90   84.04  163.65   59.44   4.39  31.60

06/16/2020 12:32:55 PM
avg-cpu:  %user   %nice %system %iowait  %steal   %idle
           1.28    0.00    3.84   28.13    0.00   66.75

Device:         rrqm/s   wrqm/s     r/s     w/s    rMB/s    wMB/s avgrq-sz avgqu-sz   await r_await w_await  svctm  %util
sda3              0.00     1.00   15.00  104.00    15.00    58.36  1262.66     4.25   37.81  167.07   19.16   4.20  50.00

06/16/2020 12:32:56 PM
avg-cpu:  %user   %nice %system %iowait  %steal   %idle
           2.73    0.00    6.45   37.47    0.00   53.35

Device:         rrqm/s   wrqm/s     r/s     w/s    rMB/s    wMB/s avgrq-sz avgqu-sz   await r_await w_await  svctm  %util
sda3              0.00     1.00    4.00  136.00     5.00    71.00  1111.77     2.16   17.14  330.00    7.94   4.09  57.20

06/16/2020 12:32:57 PM
avg-cpu:  %user   %nice %system %iowait  %steal   %idle
           3.27    0.00    7.29   29.65    0.00   59.80

Device:         rrqm/s   wrqm/s     r/s     w/s    rMB/s    wMB/s avgrq-sz avgqu-sz   await r_await w_await  svctm  %util
sda3              0.00    34.00   20.00  106.00    18.88    47.52  1079.30     4.13   34.21  183.10    6.12   4.16  52.40

06/16/2020 12:32:58 PM
avg-cpu:  %user   %nice %system %iowait  %steal   %idle
           3.44    0.00   14.25    8.60    0.00   73.71

Device:         rrqm/s   wrqm/s     r/s     w/s    rMB/s    wMB/s avgrq-sz avgqu-sz   await r_await w_await  svctm  %util
sda3             11.00    41.00   56.00   14.00    54.16     0.22  1591.20     1.33   20.64   24.79    4.07   6.00  42.00

06/16/2020 12:32:59 PM
avg-cpu:  %user   %nice %system %iowait  %steal   %idle
           1.76    0.00    6.55   44.33    0.00   47.36

Device:         rrqm/s   wrqm/s     r/s     w/s    rMB/s    wMB/s avgrq-sz avgqu-sz   await r_await w_await  svctm  %util
sda3              7.00    15.00   67.00    2.00    61.18     0.07  1817.86     4.20   62.88   61.52  108.50   6.14  42.40

06/16/2020 12:33:00 PM
avg-cpu:  %user   %nice %system %iowait  %steal   %idle
           0.51    0.00    8.59   42.68    0.00   48.23

Device:         rrqm/s   wrqm/s     r/s     w/s    rMB/s    wMB/s avgrq-sz avgqu-sz   await r_await w_await  svctm  %util
sda3              0.00     0.00   68.00    0.00    75.10     0.00  2261.76     7.54  112.79  112.79    0.00   7.12  48.40

06/16/2020 12:33:01 PM
avg-cpu:  %user   %nice %system %iowait  %steal   %idle
           5.15    0.00   13.24   52.21    0.00   29.41

Device:         rrqm/s   wrqm/s     r/s     w/s    rMB/s    wMB/s avgrq-sz avgqu-sz   await r_await w_await  svctm  %util
sda3              3.00   150.00  112.00   31.00    39.81     0.71   580.25     6.47   46.87   59.65    0.71   3.08  44.00

06/16/2020 12:33:02 PM
avg-cpu:  %user   %nice %system %iowait  %steal   %idle
           2.26    0.00    8.52   58.65    0.00   30.58

Device:         rrqm/s   wrqm/s     r/s     w/s    rMB/s    wMB/s avgrq-sz avgqu-sz   await r_await w_await  svctm  %util
sda3              4.00     0.00   72.00    0.00    73.99     0.00  2104.67     4.76   68.11   68.11    0.00   6.94  50.00

06/16/2020 12:33:03 PM
avg-cpu:  %user   %nice %system %iowait  %steal   %idle
           1.99    0.00    7.44   59.31    0.00   31.27

Device:         rrqm/s   wrqm/s     r/s     w/s    rMB/s    wMB/s avgrq-sz avgqu-sz   await r_await w_await  svctm  %util
sda3             31.00     0.00   81.00    0.00    50.15     0.00  1267.95     4.45   57.01   57.01    0.00   5.28  42.80

06/16/2020 12:33:04 PM
avg-cpu:  %user   %nice %system %iowait  %steal   %idle
           2.02    0.00    7.07   46.72    0.00   44.19

Device:         rrqm/s   wrqm/s     r/s     w/s    rMB/s    wMB/s avgrq-sz avgqu-sz   await r_await w_await  svctm  %util
sda3             30.00    31.00   73.00    3.00    49.00     0.14  1324.00     5.61   75.86   78.45   12.67   5.16  39.20

06/16/2020 12:33:05 PM
avg-cpu:  %user   %nice %system %iowait  %steal   %idle
           3.28    0.00   10.61   60.10    0.00   26.01

Device:         rrqm/s   wrqm/s     r/s     w/s    rMB/s    wMB/s avgrq-sz avgqu-sz   await r_await w_await  svctm  %util
sda3             59.00   103.00  108.00   35.00    48.81     0.54   706.69     5.02   36.53   46.25    6.54   3.83  54.80

06/16/2020 12:33:06 PM
avg-cpu:  %user   %nice %system %iowait  %steal   %idle
           4.03    0.00    5.29   69.27    0.00   21.41

Device:         rrqm/s   wrqm/s     r/s     w/s    rMB/s    wMB/s avgrq-sz avgqu-sz   await r_await w_await  svctm  %util
sda3              2.00     0.00   74.00    0.00    55.72     0.00  1542.05     4.98   69.19   69.19    0.00   5.46  40.40

06/16/2020 12:33:07 PM
avg-cpu:  %user   %nice %system %iowait  %steal   %idle
           0.51    0.00    4.56   94.94    0.00    0.00

Device:         rrqm/s   wrqm/s     r/s     w/s    rMB/s    wMB/s avgrq-sz avgqu-sz   await r_await w_await  svctm  %util
sda3              0.00     0.00   61.00    0.00    76.25     0.00  2560.00     1.78   30.97   30.97    0.00   6.62  40.40

06/16/2020 12:33:08 PM
avg-cpu:  %user   %nice %system %iowait  %steal   %idle
           3.05    0.00    9.39   86.80    0.00    0.76

Device:         rrqm/s   wrqm/s     r/s     w/s    rMB/s    wMB/s avgrq-sz avgqu-sz   await r_await w_await  svctm  %util
sda3             26.00   302.00   98.00   32.00    58.27     1.30   938.46     6.05   48.10   63.01    2.44   4.22  54.80

06/16/2020 12:33:09 PM
avg-cpu:  %user   %nice %system %iowait  %steal   %idle
           0.76    0.00    5.58   88.83    0.00    4.82

Device:         rrqm/s   wrqm/s     r/s     w/s    rMB/s    wMB/s avgrq-sz avgqu-sz   await r_await w_await  svctm  %util
sda3             31.00     8.00  100.00    0.00    82.42     0.00  1688.00     2.30   25.63   25.63    0.00   5.76  57.60

06/16/2020 12:33:10 PM
avg-cpu:  %user   %nice %system %iowait  %steal   %idle
           0.50    0.00    5.72   93.78    0.00    0.00

Device:         rrqm/s   wrqm/s     r/s     w/s    rMB/s    wMB/s avgrq-sz avgqu-sz   await r_await w_await  svctm  %util
sda3             34.00     0.00   68.00    2.00    55.59     0.04  1627.54     9.54  138.06  138.34  128.50   5.43  38.00

06/16/2020 12:33:11 PM
avg-cpu:  %user   %nice %system %iowait  %steal   %idle
           3.02    0.00    8.56   86.65    0.00    1.76

Device:         rrqm/s   wrqm/s     r/s     w/s    rMB/s    wMB/s avgrq-sz avgqu-sz   await r_await w_await  svctm  %util
sda3             59.00     6.00  112.00   18.00    58.12     0.09   917.11     4.60   37.06   42.90    0.72   3.85  50.00

06/16/2020 12:33:12 PM
avg-cpu:  %user   %nice %system %iowait  %steal   %idle
           3.02    0.00    7.81   88.41    0.00    0.76

Device:         rrqm/s   wrqm/s     r/s     w/s    rMB/s    wMB/s avgrq-sz avgqu-sz   await r_await w_await  svctm  %util
sda3             33.00    28.00   87.00  100.00    43.02     0.56   477.35     4.59   25.88   49.14    5.65   2.07  38.80

06/16/2020 12:33:13 PM
avg-cpu:  %user   %nice %system %iowait  %steal   %idle
           1.02    0.00    3.57   95.41    0.00    0.00

Device:         rrqm/s   wrqm/s     r/s     w/s    rMB/s    wMB/s avgrq-sz avgqu-sz   await r_await w_await  svctm  %util
sda3             26.00    12.00   88.00   17.00    39.30     0.12   768.99     6.20   60.62   72.30    0.18   3.28  34.40

06/16/2020 12:33:14 PM
avg-cpu:  %user   %nice %system %iowait  %steal   %idle
           2.31    0.00    3.08   94.62    0.00    0.00

Device:         rrqm/s   wrqm/s     r/s     w/s    rMB/s    wMB/s avgrq-sz avgqu-sz   await r_await w_await  svctm  %util
sda3             49.00     0.00  111.00    0.00    45.91     0.00   847.06     6.07   56.42   56.42    0.00   3.17  35.20

06/16/2020 12:33:15 PM
avg-cpu:  %user   %nice %system %iowait  %steal   %idle
           3.76    0.00    3.76   92.48    0.00    0.00

Device:         rrqm/s   wrqm/s     r/s     w/s    rMB/s    wMB/s avgrq-sz avgqu-sz   await r_await w_await  svctm  %util
sda3             34.00    16.00   75.00    2.00    39.22     0.07  1045.09     5.87   78.26   75.84  169.00   4.10  31.60

06/16/2020 12:33:16 PM
avg-cpu:  %user   %nice %system %iowait  %steal   %idle
           3.56    0.00    4.83   91.60    0.00    0.00

Device:         rrqm/s   wrqm/s     r/s     w/s    rMB/s    wMB/s avgrq-sz avgqu-sz   await r_await w_await  svctm  %util
sda3             15.00     0.00  104.00    0.00    57.79     0.00  1138.00     6.30   62.68   62.68    0.00   4.65  48.40

06/16/2020 12:33:17 PM
avg-cpu:  %user   %nice %system %iowait  %steal   %idle
           8.27    0.00   11.78   62.66    0.00   17.29

Device:         rrqm/s   wrqm/s     r/s     w/s    rMB/s    wMB/s avgrq-sz avgqu-sz   await r_await w_await  svctm  %util
sda3            175.00    13.00  199.00   22.00    24.66     0.14   229.76     5.07   24.05   26.58    1.18   2.08  46.00

06/16/2020 12:33:18 PM
avg-cpu:  %user   %nice %system %iowait  %steal   %idle
           3.99    0.00    9.73   27.43    0.00   58.85

Device:         rrqm/s   wrqm/s     r/s     w/s    rMB/s    wMB/s avgrq-sz avgqu-sz   await r_await w_await  svctm  %util
sda3             13.00     0.00   81.00    0.00    68.92     0.00  1742.52     2.68   35.06   35.06    0.00   6.22  50.40

06/16/2020 12:33:19 PM
avg-cpu:  %user   %nice %system %iowait  %steal   %idle
           5.32    0.00   10.13   33.67    0.00   50.89

Device:         rrqm/s   wrqm/s     r/s     w/s    rMB/s    wMB/s avgrq-sz avgqu-sz   await r_await w_await  svctm  %util
sda3             80.00     0.00  119.00    0.00    81.25     0.00  1398.32     2.56   23.66   23.66    0.00   5.71  68.00

06/16/2020 12:33:20 PM
avg-cpu:  %user   %nice %system %iowait  %steal   %idle
           6.55    0.00    7.56   42.32    0.00   43.58

Device:         rrqm/s   wrqm/s     r/s     w/s    rMB/s    wMB/s avgrq-sz avgqu-sz   await r_await w_await  svctm  %util
sda3              4.00     6.00   63.00    3.00    51.63     0.04  1603.52     4.65   72.39   70.17  119.00   5.94  39.20

06/16/2020 12:33:21 PM
avg-cpu:  %user   %nice %system %iowait  %steal   %idle
           9.00    0.00   14.11   26.28    0.00   50.61

Device:         rrqm/s   wrqm/s     r/s     w/s    rMB/s    wMB/s avgrq-sz avgqu-sz   await r_await w_await  svctm  %util
sda3             16.00    83.00  113.00   29.00    56.60     0.44   822.59     3.63   27.22   34.06    0.55   3.41  48.40

06/16/2020 12:33:22 PM
avg-cpu:  %user   %nice %system %iowait  %steal   %idle
           7.50    0.00   10.00   21.00    0.00   61.50

Device:         rrqm/s   wrqm/s     r/s     w/s    rMB/s    wMB/s avgrq-sz avgqu-sz   await r_await w_await  svctm  %util
sda3              4.00     0.00   63.00    0.00    66.46     0.00  2160.63     2.54   42.57   42.57    0.00   6.98  44.00

06/16/2020 12:33:23 PM
avg-cpu:  %user   %nice %system %iowait  %steal   %idle
           3.02    0.00    7.81   31.49    0.00   57.68

Device:         rrqm/s   wrqm/s     r/s     w/s    rMB/s    wMB/s avgrq-sz avgqu-sz   await r_await w_await  svctm  %util
sda3             39.00     0.00  111.00    0.00    71.55     0.00  1320.22     3.89   37.06   37.06    0.00   5.55  61.60

06/16/2020 12:33:24 PM
avg-cpu:  %user   %nice %system %iowait  %steal   %idle
           9.41    0.00   13.86   54.46    0.00   22.28

Device:         rrqm/s   wrqm/s     r/s     w/s    rMB/s    wMB/s avgrq-sz avgqu-sz   await r_await w_await  svctm  %util
sda3            238.00    53.00  118.00   45.00    29.54     0.38   375.90     4.39   28.52   38.08    3.44   2.87  46.80

06/16/2020 12:33:25 PM
avg-cpu:  %user   %nice %system %iowait  %steal   %idle
           1.53    0.00    5.10   59.44    0.00   33.93

Device:         rrqm/s   wrqm/s     r/s     w/s    rMB/s    wMB/s avgrq-sz avgqu-sz   await r_await w_await  svctm  %util
sda3            122.00    12.00   54.00    2.00    56.75     0.05  2077.57     3.83   70.38   68.09  132.00   7.21  40.40

06/16/2020 12:33:26 PM
avg-cpu:  %user   %nice %system %iowait  %steal   %idle
           4.49    0.00    9.98   73.32    0.00   12.22

Device:         rrqm/s   wrqm/s     r/s     w/s    rMB/s    wMB/s avgrq-sz avgqu-sz   await r_await w_await  svctm  %util
sda3            151.00    22.00  101.00   13.00    62.97     0.14  1133.75     3.85   35.35   39.87    0.23   4.98  56.80

06/16/2020 12:33:27 PM
avg-cpu:  %user   %nice %system %iowait  %steal   %idle
           3.76    0.00    6.02   73.68    0.00   16.54

Device:         rrqm/s   wrqm/s     r/s     w/s    rMB/s    wMB/s avgrq-sz avgqu-sz   await r_await w_await  svctm  %util
sda3             70.00     3.00   95.00    2.00    47.45     0.02  1002.23     7.72   81.52   83.22    0.50   5.03  48.80

06/16/2020 12:33:28 PM
avg-cpu:  %user   %nice %system %iowait  %steal   %idle
          15.31    0.00    6.12   78.32    0.00    0.26

Device:         rrqm/s   wrqm/s     r/s     w/s    rMB/s    wMB/s avgrq-sz avgqu-sz   await r_await w_await  svctm  %util
sda3             69.00     0.00  103.00    1.00    57.91     0.00  1140.54     5.12   50.82   49.02  236.00   4.77  49.60

06/16/2020 12:33:29 PM
avg-cpu:  %user   %nice %system %iowait  %steal   %idle
           4.55    0.00    9.60   85.86    0.00    0.00

Device:         rrqm/s   wrqm/s     r/s     w/s    rMB/s    wMB/s avgrq-sz avgqu-sz   await r_await w_await  svctm  %util
sda3             40.00    37.00  143.00   40.00    62.95     0.31   707.89    33.30  183.61  234.87    0.35   2.86  52.40

06/16/2020 12:33:30 PM
avg-cpu:  %user   %nice %system %iowait  %steal   %idle
           1.78    0.00    6.11   75.06    0.00   17.05

Device:         rrqm/s   wrqm/s     r/s     w/s    rMB/s    wMB/s avgrq-sz avgqu-sz   await r_await w_await  svctm  %util
sda3             83.00     0.00  152.00    0.00    69.49     0.00   936.26     4.46   31.28   31.28    0.00   4.16  63.20

06/16/2020 12:33:31 PM
avg-cpu:  %user   %nice %system %iowait  %steal   %idle
           0.76    0.00    3.55   89.59    0.00    6.09

Device:         rrqm/s   wrqm/s     r/s     w/s    rMB/s    wMB/s avgrq-sz avgqu-sz   await r_await w_await  svctm  %util
sda3             46.00     0.00  137.00    0.00    62.64     0.00   936.41    14.87  110.37  110.37    0.00   4.18  57.20

06/16/2020 12:33:32 PM
avg-cpu:  %user   %nice %system %iowait  %steal   %idle
           0.75    0.00    3.27   93.97    0.00    2.01

Device:         rrqm/s   wrqm/s     r/s     w/s    rMB/s    wMB/s avgrq-sz avgqu-sz   await r_await w_await  svctm  %util
sda3             88.00     0.00  157.00    0.00    32.26     0.00   420.79    20.88  134.82  134.82    0.00   3.26  51.20

06/16/2020 12:33:33 PM
avg-cpu:  %user   %nice %system %iowait  %steal   %idle
           2.77    0.00    4.53   89.92    0.00    2.77

Device:         rrqm/s   wrqm/s     r/s     w/s    rMB/s    wMB/s avgrq-sz avgqu-sz   await r_await w_await  svctm  %util
sda3             33.00    33.00   83.00    2.00    32.94     0.14   796.89     9.28  111.34  110.33  153.50   4.24  36.00

06/16/2020 12:33:34 PM
avg-cpu:  %user   %nice %system %iowait  %steal   %idle
           3.79    0.00    5.81   81.06    0.00    9.34

Device:         rrqm/s   wrqm/s     r/s     w/s    rMB/s    wMB/s avgrq-sz avgqu-sz   await r_await w_await  svctm  %util
sda3             69.00   639.00   80.00  187.00    11.99     3.32   117.45     9.00   34.81  104.97    4.80   1.44  38.40

06/16/2020 12:33:35 PM
avg-cpu:  %user   %nice %system %iowait  %steal   %idle
           1.01    0.00    4.79   84.63    0.00    9.57

Device:         rrqm/s   wrqm/s     r/s     w/s    rMB/s    wMB/s avgrq-sz avgqu-sz   await r_await w_await  svctm  %util
sda3             57.00     0.00  106.00    0.00    53.47     0.00  1033.13    10.03   96.64   96.64    0.00   4.68  49.60

06/16/2020 12:33:36 PM
avg-cpu:  %user   %nice %system %iowait  %steal   %idle
           1.49    0.00    6.97   91.04    0.00    0.50

Device:         rrqm/s   wrqm/s     r/s     w/s    rMB/s    wMB/s avgrq-sz avgqu-sz   await r_await w_await  svctm  %util
sda3             32.00     0.00   69.00    0.00    65.75     0.00  1951.42     3.56   53.84   53.84    0.00   6.26  43.20

06/16/2020 12:33:37 PM
avg-cpu:  %user   %nice %system %iowait  %steal   %idle
           0.52    0.00    4.65   94.57    0.00    0.26

Device:         rrqm/s   wrqm/s     r/s     w/s    rMB/s    wMB/s avgrq-sz avgqu-sz   await r_await w_await  svctm  %util
sda3             19.00     0.00   86.00    0.00    64.23     0.00  1529.67    11.81  138.94  138.94    0.00   5.58  48.00

06/16/2020 12:33:38 PM
avg-cpu:  %user   %nice %system %iowait  %steal   %idle
           4.03    0.00    8.56   75.31    0.00   12.09

Device:         rrqm/s   wrqm/s     r/s     w/s    rMB/s    wMB/s avgrq-sz avgqu-sz   await r_await w_await  svctm  %util
sda3             76.00    26.00   94.00   29.00    36.44     0.21   610.34     6.16   51.76   64.81    9.45   3.71  45.60

06/16/2020 12:33:39 PM
avg-cpu:  %user   %nice %system %iowait  %steal   %idle
           1.27    0.00    7.59   54.43    0.00   36.71

Device:         rrqm/s   wrqm/s     r/s     w/s    rMB/s    wMB/s avgrq-sz avgqu-sz   await r_await w_await  svctm  %util
sda3             26.00     0.00   93.00    0.00    81.84     0.00  1802.32     2.04   24.42   24.42    0.00   6.84  63.60

06/16/2020 12:33:40 PM
avg-cpu:  %user   %nice %system %iowait  %steal   %idle
           7.11    0.00    3.81   73.35    0.00   15.74

Device:         rrqm/s   wrqm/s     r/s     w/s    rMB/s    wMB/s avgrq-sz avgqu-sz   await r_await w_await  svctm  %util
sda3             92.00     0.00  116.00    1.00    39.86     0.01   697.91    13.09  113.78  114.62   16.00   4.07  47.60

06/16/2020 12:33:41 PM
avg-cpu:  %user   %nice %system %iowait  %steal   %idle
          14.39    0.00    5.81   74.49    0.00    5.30

Device:         rrqm/s   wrqm/s     r/s     w/s    rMB/s    wMB/s avgrq-sz avgqu-sz   await r_await w_await  svctm  %util
sda3             15.00     0.00  170.00    0.00    42.68     0.00   514.12    13.90   83.66   83.66    0.00   3.18  54.00

06/16/2020 12:33:42 PM
avg-cpu:  %user   %nice %system %iowait  %steal   %idle
           3.74    0.00    9.48   63.09    0.00   23.69

Device:         rrqm/s   wrqm/s     r/s     w/s    rMB/s    wMB/s avgrq-sz avgqu-sz   await r_await w_await  svctm  %util
sda3             18.00   582.00  114.00   52.00    51.59     2.48   666.99     9.01   55.81   79.74    3.35   3.25  54.00

06/16/2020 12:33:43 PM
avg-cpu:  %user   %nice %system %iowait  %steal   %idle
          30.38    0.00   14.18   46.33    0.00    9.11

Device:         rrqm/s   wrqm/s     r/s     w/s    rMB/s    wMB/s avgrq-sz avgqu-sz   await r_await w_await  svctm  %util
sda3              5.00   818.00  101.00   54.00    18.93     3.41   295.12     7.47   49.98   71.05   10.57   2.92  45.20

06/16/2020 12:33:44 PM
avg-cpu:  %user   %nice %system %iowait  %steal   %idle
           8.54    0.00    6.78   69.10    0.00   15.58

Device:         rrqm/s   wrqm/s     r/s     w/s    rMB/s    wMB/s avgrq-sz avgqu-sz   await r_await w_await  svctm  %util
sda3             33.00     0.00  127.00    0.00    47.36     0.00   763.78     5.15   42.35   42.35    0.00   3.91  49.60

06/16/2020 12:33:45 PM
avg-cpu:  %user   %nice %system %iowait  %steal   %idle
           1.01    0.00    4.27   43.47    0.00   51.26

Device:         rrqm/s   wrqm/s     r/s     w/s    rMB/s    wMB/s avgrq-sz avgqu-sz   await r_await w_await  svctm  %util
sda3              0.00     0.00   65.00    0.00    73.30     0.00  2309.66     2.24   36.82   36.82    0.00   6.03  39.20

06/16/2020 12:33:46 PM
avg-cpu:  %user   %nice %system %iowait  %steal   %idle
           1.01    0.00    3.53   64.23    0.00   31.23

Device:         rrqm/s   wrqm/s     r/s     w/s    rMB/s    wMB/s avgrq-sz avgqu-sz   await r_await w_await  svctm  %util
sda3             46.00     0.00   71.00    0.00    49.15     0.00  1417.80     5.90   84.97   84.97    0.00   5.01  35.60

06/16/2020 12:33:47 PM
avg-cpu:  %user   %nice %system %iowait  %steal   %idle
           3.72    0.00    7.44   60.05    0.00   28.78

Device:         rrqm/s   wrqm/s     r/s     w/s    rMB/s    wMB/s avgrq-sz avgqu-sz   await r_await w_await  svctm  %util
sda3             89.00    58.00   99.00  166.00    56.76     0.96   446.07     4.94   19.85   38.41    8.77   2.16  57.20

06/16/2020 12:33:48 PM
avg-cpu:  %user   %nice %system %iowait  %steal   %idle
           2.00    0.00    3.50   79.75    0.00   14.75

Device:         rrqm/s   wrqm/s     r/s     w/s    rMB/s    wMB/s avgrq-sz avgqu-sz   await r_await w_await  svctm  %util
sda3             33.00    28.00   44.00    2.00    22.84     0.12  1022.26     5.16  114.00  105.14  309.00   4.52  20.80

06/16/2020 12:33:49 PM
avg-cpu:  %user   %nice %system %iowait  %steal   %idle
           9.11    0.00    6.40   65.27    0.00   19.21

Device:         rrqm/s   wrqm/s     r/s     w/s    rMB/s    wMB/s avgrq-sz avgqu-sz   await r_await w_await  svctm  %util
sda3              0.00     0.00   74.00    1.00    58.23     0.02  1590.61     5.90   80.40   81.39    7.00   5.39  40.40

06/16/2020 12:33:50 PM
avg-cpu:  %user   %nice %system %iowait  %steal   %idle
           6.47    0.00    8.46   43.78    0.00   41.29

Device:         rrqm/s   wrqm/s     r/s     w/s    rMB/s    wMB/s avgrq-sz avgqu-sz   await r_await w_await  svctm  %util
sda3             30.00     0.00  102.00    0.00    72.82     0.00  1462.04     4.38   45.28   45.28    0.00   5.73  58.40

06/16/2020 12:33:51 PM
avg-cpu:  %user   %nice %system %iowait  %steal   %idle
           6.50    0.00   12.75   49.75    0.00   31.00

Device:         rrqm/s   wrqm/s     r/s     w/s    rMB/s    wMB/s avgrq-sz avgqu-sz   await r_await w_await  svctm  %util
sda3             27.00    73.00  103.00   43.00    61.29     0.45   866.14     4.01   29.13   40.88    0.98   4.08  59.60

06/16/2020 12:33:52 PM
avg-cpu:  %user   %nice %system %iowait  %steal   %idle
           9.60    0.00   14.65   47.73    0.00   28.03

Device:         rrqm/s   wrqm/s     r/s     w/s    rMB/s    wMB/s avgrq-sz avgqu-sz   await r_await w_await  svctm  %util
sda3             49.00   473.00  172.00   27.00    34.32     1.95   373.27     3.97   21.28   24.31    2.00   2.65  52.80

06/16/2020 12:33:53 PM
avg-cpu:  %user   %nice %system %iowait  %steal   %idle
           1.50    0.00    5.24   54.61    0.00   38.65

Device:         rrqm/s   wrqm/s     r/s     w/s    rMB/s    wMB/s avgrq-sz avgqu-sz   await r_await w_await  svctm  %util
sda3             31.00    12.00   98.00    2.00    56.96     0.05  1167.68     5.59   58.19   57.43   95.50   5.28  52.80

06/16/2020 12:33:54 PM
avg-cpu:  %user   %nice %system %iowait  %steal   %idle
           1.27    0.00    3.05   47.58    0.00   48.09

Device:         rrqm/s   wrqm/s     r/s     w/s    rMB/s    wMB/s avgrq-sz avgqu-sz   await r_await w_await  svctm  %util
sda3             36.00     0.00   70.00    0.00    46.95     0.00  1373.60     4.66   68.54   68.54    0.00   4.97  34.80

06/16/2020 12:33:55 PM
avg-cpu:  %user   %nice %system %iowait  %steal   %idle
           1.50    0.00    7.50   26.25    0.00   64.75

Device:         rrqm/s   wrqm/s     r/s     w/s    rMB/s    wMB/s avgrq-sz avgqu-sz   await r_await w_await  svctm  %util
sda3             68.00     0.00  104.00    0.00    70.37     0.00  1385.69     3.04   31.19   31.19    0.00   5.54  57.60

06/16/2020 12:33:56 PM
avg-cpu:  %user   %nice %system %iowait  %steal   %idle
           2.76    0.00   10.80   33.67    0.00   52.76

Device:         rrqm/s   wrqm/s     r/s     w/s    rMB/s    wMB/s avgrq-sz avgqu-sz   await r_await w_await  svctm  %util
sda3             30.00    53.00   83.00  150.00    59.47     0.89   530.54     3.38   15.63   36.65    3.99   2.39  55.60

06/16/2020 12:33:57 PM
avg-cpu:  %user   %nice %system %iowait  %steal   %idle
           2.01    0.00    6.27   40.60    0.00   51.13

Device:         rrqm/s   wrqm/s     r/s     w/s    rMB/s    wMB/s avgrq-sz avgqu-sz   await r_await w_await  svctm  %util
sda3             22.00     0.00   76.00    0.00    54.60     0.00  1471.37     3.96   54.26   54.26    0.00   6.26  47.60

06/16/2020 12:33:58 PM
avg-cpu:  %user   %nice %system %iowait  %steal   %idle
           2.01    0.00    5.78   34.67    0.00   57.54

Device:         rrqm/s   wrqm/s     r/s     w/s    rMB/s    wMB/s avgrq-sz avgqu-sz   await r_await w_await  svctm  %util
sda3             10.00    10.00   61.00    2.00    44.77     0.05  1456.76     3.08   51.03   47.84  148.50   6.03  38.00

06/16/2020 12:33:59 PM
avg-cpu:  %user   %nice %system %iowait  %steal   %idle
           3.74    0.00   10.97   29.93    0.00   55.36

Device:         rrqm/s   wrqm/s     r/s     w/s    rMB/s    wMB/s avgrq-sz avgqu-sz   await r_await w_await  svctm  %util
sda3             34.00   126.00  103.00   23.00    63.33     0.58  1038.79     3.09   26.17   31.89    0.57   4.60  58.00

06/16/2020 12:34:00 PM
avg-cpu:  %user   %nice %system %iowait  %steal   %idle
           2.27    0.00    8.06   38.79    0.00   50.88

Device:         rrqm/s   wrqm/s     r/s     w/s    rMB/s    wMB/s avgrq-sz avgqu-sz   await r_await w_await  svctm  %util
sda3             32.00     0.00  101.00    1.00    68.65     0.02  1378.75     3.81   39.21   39.33   27.00   5.76  58.80

06/16/2020 12:34:01 PM
avg-cpu:  %user   %nice %system %iowait  %steal   %idle
           2.26    0.00    7.04   39.45    0.00   51.26

Device:         rrqm/s   wrqm/s     r/s     w/s    rMB/s    wMB/s avgrq-sz avgqu-sz   await r_await w_await  svctm  %util
sda3             18.00     0.00   76.00    0.00    61.37     0.00  1653.68     2.83   39.09   39.09    0.00   6.26  47.60

06/16/2020 12:34:02 PM
avg-cpu:  %user   %nice %system %iowait  %steal   %idle
           2.30    0.00    6.91   31.20    0.00   59.59

Device:         rrqm/s   wrqm/s     r/s     w/s    rMB/s    wMB/s avgrq-sz avgqu-sz   await r_await w_await  svctm  %util
sda3              9.00    43.00   77.00    4.00    55.70     0.03  1409.09     3.81   48.64   51.12    1.00   5.88  47.60

06/16/2020 12:34:03 PM
avg-cpu:  %user   %nice %system %iowait  %steal   %idle
          13.02    0.00   11.06   51.11    0.00   24.82

Device:         rrqm/s   wrqm/s     r/s     w/s    rMB/s    wMB/s avgrq-sz avgqu-sz   await r_await w_await  svctm  %util
sda3             92.00   126.00  121.00    5.00    51.12     0.67   841.71     6.51   53.86   54.18   46.00   4.10  51.60

06/16/2020 12:34:04 PM
avg-cpu:  %user   %nice %system %iowait  %steal   %idle
           6.27    0.00    9.52   20.80    0.00   63.41

Device:         rrqm/s   wrqm/s     r/s     w/s    rMB/s    wMB/s avgrq-sz avgqu-sz   await r_await w_await  svctm  %util
sda3             55.00   143.00   96.00    5.00    57.46     0.58  1176.95     2.56   27.52   28.82    2.60   5.07  51.20

06/16/2020 12:34:05 PM
avg-cpu:  %user   %nice %system %iowait  %steal   %idle
           3.23    0.00   12.66   13.15    0.00   70.97

Device:         rrqm/s   wrqm/s     r/s     w/s    rMB/s    wMB/s avgrq-sz avgqu-sz   await r_await w_await  svctm  %util
sda3             45.00   140.00   93.00   11.00    58.01     0.59  1153.92     1.92   20.95   23.31    1.00   5.23  54.40

06/16/2020 12:34:06 PM
avg-cpu:  %user   %nice %system %iowait  %steal   %idle
           1.26    0.00    8.84   12.63    0.00   77.27

Device:         rrqm/s   wrqm/s     r/s     w/s    rMB/s    wMB/s avgrq-sz avgqu-sz   await r_await w_await  svctm  %util
sda3             44.00     0.00  115.00    0.00    80.00     0.00  1424.70     2.46   23.77   23.77    0.00   5.91  68.00

06/16/2020 12:34:07 PM
avg-cpu:  %user   %nice %system %iowait  %steal   %idle
           1.50    0.00    9.98   10.97    0.00   77.56

Device:         rrqm/s   wrqm/s     r/s     w/s    rMB/s    wMB/s avgrq-sz avgqu-sz   await r_await w_await  svctm  %util
sda3             11.00     3.00   83.00    3.00    76.38     0.02  1819.35     1.99   25.21   26.11    0.33   6.33  54.40

06/16/2020 12:34:08 PM
avg-cpu:  %user   %nice %system %iowait  %steal   %idle
           3.69    0.00   11.33   14.53    0.00   70.44

Device:         rrqm/s   wrqm/s     r/s     w/s    rMB/s    wMB/s avgrq-sz avgqu-sz   await r_await w_await  svctm  %util
sda3             49.00    93.00  110.00    6.00    65.11     0.39  1156.41     2.67   25.05   23.85   47.17   5.62  65.20

06/16/2020 12:34:09 PM
avg-cpu:  %user   %nice %system %iowait  %steal   %idle
           1.51    0.00    8.79   11.56    0.00   78.14

Device:         rrqm/s   wrqm/s     r/s     w/s    rMB/s    wMB/s avgrq-sz avgqu-sz   await r_await w_await  svctm  %util
sda3             13.00     0.00   86.00    0.00    80.00     0.00  1905.12     2.02   25.24   25.24    0.00   6.47  55.60

06/16/2020 12:34:10 PM
avg-cpu:  %user   %nice %system %iowait  %steal   %idle
           2.74    0.00   11.22   11.47    0.00   74.56

Device:         rrqm/s   wrqm/s     r/s     w/s    rMB/s    wMB/s avgrq-sz avgqu-sz   await r_await w_await  svctm  %util
sda3             28.71    71.29   81.19   18.81    61.89     0.36  1275.01     1.86   20.68   24.91    2.42   5.50  55.05

06/16/2020 12:34:11 PM
avg-cpu:  %user   %nice %system %iowait  %steal   %idle
           5.54    0.00   10.08   30.73    0.00   53.65

Device:         rrqm/s   wrqm/s     r/s     w/s    rMB/s    wMB/s avgrq-sz avgqu-sz   await r_await w_await  svctm  %util
sda3             69.00     0.00  108.00    0.00    70.45     0.00  1335.93     3.25   32.24   32.24    0.00   5.70  61.60

06/16/2020 12:34:12 PM
avg-cpu:  %user   %nice %system %iowait  %steal   %idle
           1.49    0.00    9.45   11.94    0.00   77.11

Device:         rrqm/s   wrqm/s     r/s     w/s    rMB/s    wMB/s avgrq-sz avgqu-sz   await r_await w_await  svctm  %util
sda3             20.00     0.00   86.00    0.00    77.93     0.00  1855.72     2.04   26.27   26.27    0.00   6.51  56.00

06/16/2020 12:34:13 PM
avg-cpu:  %user   %nice %system %iowait  %steal   %idle
           4.27    0.00   11.06   21.86    0.00   62.81

Device:         rrqm/s   wrqm/s     r/s     w/s    rMB/s    wMB/s avgrq-sz avgqu-sz   await r_await w_await  svctm  %util
sda3             14.00    88.00   69.00   36.00    53.71     0.48  1056.99     2.63   26.79   36.51    8.17   4.65  48.80

06/16/2020 12:34:14 PM
avg-cpu:  %user   %nice %system %iowait  %steal   %idle
           1.01    0.00    8.61   12.91    0.00   77.47

Device:         rrqm/s   wrqm/s     r/s     w/s    rMB/s    wMB/s avgrq-sz avgqu-sz   await r_await w_await  svctm  %util
sda3             60.00     0.00  127.00    0.00    80.59     0.00  1299.65     2.76   23.31   23.31    0.00   5.86  74.40

06/16/2020 12:34:15 PM
avg-cpu:  %user   %nice %system %iowait  %steal   %idle
           2.99    0.00   10.72   13.72    0.00   72.57

Device:         rrqm/s   wrqm/s     r/s     w/s    rMB/s    wMB/s avgrq-sz avgqu-sz   await r_await w_await  svctm  %util
sda3             18.00     0.00   87.00    0.00    83.75     0.00  1971.49     1.97   24.38   24.38    0.00   6.80  59.20

06/16/2020 12:34:16 PM
avg-cpu:  %user   %nice %system %iowait  %steal   %idle
           4.21    0.00   10.64   15.10    0.00   70.05

Device:         rrqm/s   wrqm/s     r/s     w/s    rMB/s    wMB/s avgrq-sz avgqu-sz   await r_await w_await  svctm  %util
sda3             28.00     6.00   77.00   84.00    61.38     0.37   785.44     2.09   14.32   25.96    3.65   3.40  54.80

06/16/2020 12:34:17 PM
avg-cpu:  %user   %nice %system %iowait  %steal   %idle
           1.50    0.00    9.98   13.97    0.00   74.56

Device:         rrqm/s   wrqm/s     r/s     w/s    rMB/s    wMB/s avgrq-sz avgqu-sz   await r_await w_await  svctm  %util
sda3             40.00     0.00  101.00    0.00    66.58     0.00  1350.02     2.58   27.56   27.56    0.00   5.94  60.00

06/16/2020 12:34:18 PM
avg-cpu:  %user   %nice %system %iowait  %steal   %idle
           4.00    0.00    7.75   21.50    0.00   66.75

Device:         rrqm/s   wrqm/s     r/s     w/s    rMB/s    wMB/s avgrq-sz avgqu-sz   await r_await w_await  svctm  %util
sda3              5.00    20.00   37.00   24.00    39.09     0.17  1318.16     1.56   26.61   34.84   13.92   5.51  33.60

06/16/2020 12:34:19 PM
avg-cpu:  %user   %nice %system %iowait  %steal   %idle
           3.67    0.00   12.96    9.29    0.00   74.08

Device:         rrqm/s   wrqm/s     r/s     w/s    rMB/s    wMB/s avgrq-sz avgqu-sz   await r_await w_await  svctm  %util
sda3             51.00     0.00  101.00    0.00    63.75     0.00  1292.67     2.02   21.94   21.94    0.00   5.82  58.80

06/16/2020 12:34:20 PM
avg-cpu:  %user   %nice %system %iowait  %steal   %idle
           1.50    0.00    8.75   12.00    0.00   77.75

Device:         rrqm/s   wrqm/s     r/s     w/s    rMB/s    wMB/s avgrq-sz avgqu-sz   await r_await w_await  svctm  %util
sda3             14.00     0.00   78.00    1.00    79.41     0.02  2058.94     1.90   25.67   25.73   21.00   7.04  55.60

06/16/2020 12:34:21 PM
avg-cpu:  %user   %nice %system %iowait  %steal   %idle
           4.03    0.00   10.33   19.65    0.00   65.99

Device:         rrqm/s   wrqm/s     r/s     w/s    rMB/s    wMB/s avgrq-sz avgqu-sz   await r_await w_await  svctm  %util
sda3             24.00    46.00   86.00   32.00    58.40     0.30  1018.85     4.51   39.58   52.44    5.03   4.75  56.00

06/16/2020 12:34:22 PM
avg-cpu:  %user   %nice %system %iowait  %steal   %idle
           2.72    0.00    9.63   14.32    0.00   73.33

Device:         rrqm/s   wrqm/s     r/s     w/s    rMB/s    wMB/s avgrq-sz avgqu-sz   await r_await w_await  svctm  %util
sda3             60.00     0.00  130.00    0.00    77.50     0.00  1220.92     2.83   24.28   24.28    0.00   5.48  71.20

06/16/2020 12:34:23 PM
avg-cpu:  %user   %nice %system %iowait  %steal   %idle
           1.50    0.00    8.48   17.71    0.00   72.32

Device:         rrqm/s   wrqm/s     r/s     w/s    rMB/s    wMB/s avgrq-sz avgqu-sz   await r_await w_await  svctm  %util
sda3             11.00    10.00   74.00    2.00    68.75     0.05  1853.89     2.40   34.09   32.45   95.00   6.26  47.60

06/16/2020 12:34:24 PM
avg-cpu:  %user   %nice %system %iowait  %steal   %idle
           3.49    0.00   12.97   12.47    0.00   71.07

Device:         rrqm/s   wrqm/s     r/s     w/s    rMB/s    wMB/s avgrq-sz avgqu-sz   await r_await w_await  svctm  %util
sda3             24.00    70.00  134.00   52.00    63.07     0.48   699.74     2.00   12.25   16.95    0.15   3.14  58.40

06/16/2020 12:34:25 PM
avg-cpu:  %user   %nice %system %iowait  %steal   %idle
           3.25    0.00   10.75   11.25    0.00   74.75

Device:         rrqm/s   wrqm/s     r/s     w/s    rMB/s    wMB/s avgrq-sz avgqu-sz   await r_await w_await  svctm  %util
sda3             44.00   105.00   91.00   18.00    57.10     0.48  1081.83     2.16   21.52   25.69    0.44   5.28  57.60

06/16/2020 12:34:26 PM
avg-cpu:  %user   %nice %system %iowait  %steal   %idle
           1.26    0.00    8.82   12.59    0.00   77.33

Device:         rrqm/s   wrqm/s     r/s     w/s    rMB/s    wMB/s avgrq-sz avgqu-sz   await r_await w_await  svctm  %util
sda3             58.00     0.00  118.00    0.00    73.75     0.00  1280.00     2.80   25.50   25.50    0.00   6.10  72.00

06/16/2020 12:34:27 PM
avg-cpu:  %user   %nice %system %iowait  %steal   %idle
           1.01    0.00    8.59   13.13    0.00   77.27

Device:         rrqm/s   wrqm/s     r/s     w/s    rMB/s    wMB/s avgrq-sz avgqu-sz   await r_await w_await  svctm  %util
sda3             14.00     0.00   71.00    0.00    72.88     0.00  2102.31     1.85   27.83   27.83    0.00   7.27  51.60

06/16/2020 12:34:28 PM
avg-cpu:  %user   %nice %system %iowait  %steal   %idle
           2.72    0.00   11.39   16.58    0.00   69.31

Device:         rrqm/s   wrqm/s     r/s     w/s    rMB/s    wMB/s avgrq-sz avgqu-sz   await r_await w_await  svctm  %util
sda3             20.00    95.00   67.00   56.00    56.59     0.59   952.00     2.60   22.80   31.07   12.89   4.07  50.00

06/16/2020 12:34:29 PM
avg-cpu:  %user   %nice %system %iowait  %steal   %idle
           2.50    0.00    8.75   12.50    0.00   76.25

Device:         rrqm/s   wrqm/s     r/s     w/s    rMB/s    wMB/s avgrq-sz avgqu-sz   await r_await w_await  svctm  %util
sda3             65.00     0.00  134.00    0.00    82.55     0.00  1261.61     2.80   23.06   23.06    0.00   5.73  76.80

06/16/2020 12:34:30 PM
avg-cpu:  %user   %nice %system %iowait  %steal   %idle
           3.73    0.00   13.93    8.21    0.00   74.13

Device:         rrqm/s   wrqm/s     r/s     w/s    rMB/s    wMB/s avgrq-sz avgqu-sz   await r_await w_await  svctm  %util
sda3              0.00    45.00   44.00   27.00    45.46     0.29  1319.89     1.17   18.35   27.45    3.52   4.62  32.80

06/16/2020 12:34:31 PM
avg-cpu:  %user   %nice %system %iowait  %steal   %idle
           2.27    0.00    8.31   31.74    0.00   57.68

Device:         rrqm/s   wrqm/s     r/s     w/s    rMB/s    wMB/s avgrq-sz avgqu-sz   await r_await w_await  svctm  %util
sda3              5.00     0.00   60.00    0.00    67.50     0.00  2304.00     1.56   27.80   27.80    0.00   7.27  43.60

06/16/2020 12:34:32 PM
avg-cpu:  %user   %nice %system %iowait  %steal   %idle
           3.41    0.00   13.17   26.10    0.00   57.32

Device:         rrqm/s   wrqm/s     r/s     w/s    rMB/s    wMB/s avgrq-sz avgqu-sz   await r_await w_await  svctm  %util
sda3             23.00   104.00   92.00   13.00    50.89     0.46  1001.60     5.08   50.21   57.05    1.77   4.50  47.20

06/16/2020 12:34:33 PM
avg-cpu:  %user   %nice %system %iowait  %steal   %idle
           4.17    0.00   11.27   13.73    0.00   70.83

Device:         rrqm/s   wrqm/s     r/s     w/s    rMB/s    wMB/s avgrq-sz avgqu-sz   await r_await w_await  svctm  %util
sda3             40.00    11.00   91.00    5.00    57.14     0.06  1220.33     2.40   27.33   27.52   24.00   5.58  53.60

06/16/2020 12:34:34 PM
avg-cpu:  %user   %nice %system %iowait  %steal   %idle
          13.18    0.00   12.44   20.65    0.00   53.73

Device:         rrqm/s   wrqm/s     r/s     w/s    rMB/s    wMB/s avgrq-sz avgqu-sz   await r_await w_await  svctm  %util
sda3             37.00     0.00  103.00    0.00    80.00     0.00  1590.68     2.51   26.54   26.54    0.00   4.74  48.80

06/16/2020 12:34:35 PM
avg-cpu:  %user   %nice %system %iowait  %steal   %idle
          11.30    0.00   20.43   10.82    0.00   57.45

Device:         rrqm/s   wrqm/s     r/s     w/s    rMB/s    wMB/s avgrq-sz avgqu-sz   await r_await w_await  svctm  %util
sda3              3.00    97.00   37.00   18.00    32.83     0.45  1239.13     5.15   95.05  137.03    8.78   4.36  24.00

06/16/2020 12:34:36 PM
avg-cpu:  %user   %nice %system %iowait  %steal   %idle
           1.73    0.00    6.44   15.84    0.00   75.99

Device:         rrqm/s   wrqm/s     r/s     w/s    rMB/s    wMB/s avgrq-sz avgqu-sz   await r_await w_await  svctm  %util
sda3             52.00     0.00  109.00    0.00    65.66     0.00  1233.61     2.98   29.47   29.47    0.00   5.28  57.60

06/16/2020 12:34:37 PM
avg-cpu:  %user   %nice %system %iowait  %steal   %idle
           1.01    0.00    5.04   15.37    0.00   78.59

Device:         rrqm/s   wrqm/s     r/s     w/s    rMB/s    wMB/s avgrq-sz avgqu-sz   await r_await w_await  svctm  %util
sda3             21.00     0.00   83.00    0.00    77.50     0.00  1912.29     2.16   27.95   27.95    0.00   5.59  46.40

06/16/2020 12:34:38 PM
avg-cpu:  %user   %nice %system %iowait  %steal   %idle
           5.16    0.00   11.79   15.23    0.00   67.81

Device:         rrqm/s   wrqm/s     r/s     w/s    rMB/s    wMB/s avgrq-sz avgqu-sz   await r_await w_await  svctm  %util
sda3              2.00   409.00   37.00   33.00    34.01     1.73  1045.60     1.51   23.36   38.43    6.45   3.89  27.20

