Linux 5.4.0-37-generic (rubaldo) 	06/16/2020 	_x86_64_	(4 CPU)

06/16/2020 12:28:35 PM
avg-cpu:  %user   %nice %system %iowait  %steal   %idle
           3.08    0.00    6.17   41.39    0.00   49.36

Device:         rrqm/s   wrqm/s     r/s     w/s    rMB/s    wMB/s avgrq-sz avgqu-sz   await r_await w_await  svctm  %util
sda3              0.00     1.00    0.00  149.00     0.00    75.61  1039.19    17.79  121.34    0.00  121.34   4.00  59.60

06/16/2020 12:28:36 PM
avg-cpu:  %user   %nice %system %iowait  %steal   %idle
           1.30    0.00    3.65   50.78    0.00   44.27

Device:         rrqm/s   wrqm/s     r/s     w/s    rMB/s    wMB/s avgrq-sz avgqu-sz   await r_await w_await  svctm  %util
sda3              0.00    10.00    0.00  134.00     0.00    76.00  1161.61    15.55  118.02    0.00  118.02   4.00  53.60

06/16/2020 12:28:37 PM
avg-cpu:  %user   %nice %system %iowait  %steal   %idle
           1.55    0.00    3.10   35.66    0.00   59.69

Device:         rrqm/s   wrqm/s     r/s     w/s    rMB/s    wMB/s avgrq-sz avgqu-sz   await r_await w_await  svctm  %util
sda3              0.00     1.00    0.00   88.00     0.00    65.01  1513.00    17.43  199.92    0.00  199.92   4.14  36.40

06/16/2020 12:28:38 PM
avg-cpu:  %user   %nice %system %iowait  %steal   %idle
           1.02    0.00    2.81   23.72    0.00   72.45

Device:         rrqm/s   wrqm/s     r/s     w/s    rMB/s    wMB/s avgrq-sz avgqu-sz   await r_await w_await  svctm  %util
sda3              0.00     1.00    0.00  144.00     0.00    74.48  1059.28     2.54   19.12    0.00   19.12   3.81  54.80

06/16/2020 12:28:39 PM
avg-cpu:  %user   %nice %system %iowait  %steal   %idle
           2.54    0.00    7.11   23.60    0.00   66.75

Device:         rrqm/s   wrqm/s     r/s     w/s    rMB/s    wMB/s avgrq-sz avgqu-sz   await r_await w_await  svctm  %util
sda3              0.00     0.00    1.00  131.00     0.38    65.88  1027.88     2.99   24.01 2044.00    8.59   3.97  52.40

06/16/2020 12:28:40 PM
avg-cpu:  %user   %nice %system %iowait  %steal   %idle
          14.50    0.00   13.27   23.59    0.00   48.65

Device:         rrqm/s   wrqm/s     r/s     w/s    rMB/s    wMB/s avgrq-sz avgqu-sz   await r_await w_await  svctm  %util
sda3              0.00     0.00    0.00  158.00     0.00    78.42  1016.51     5.91   39.28    0.00   39.28   4.00  63.20

06/16/2020 12:28:41 PM
avg-cpu:  %user   %nice %system %iowait  %steal   %idle
          11.14    0.00   21.82   23.41    0.00   43.64

Device:         rrqm/s   wrqm/s     r/s     w/s    rMB/s    wMB/s avgrq-sz avgqu-sz   await r_await w_await  svctm  %util
sda3              0.00    11.00    0.00  127.00     0.00    73.56  1186.27     5.96   48.72    0.00   48.72   4.00  50.80

06/16/2020 12:28:42 PM
avg-cpu:  %user   %nice %system %iowait  %steal   %idle
          15.00    0.00   11.50   33.00    0.00   40.50

Device:         rrqm/s   wrqm/s     r/s     w/s    rMB/s    wMB/s avgrq-sz avgqu-sz   await r_await w_await  svctm  %util
sda3              0.00     0.00    0.00  110.00     0.00    57.13  1063.71     7.39   69.18    0.00   69.18   3.78  41.60

06/16/2020 12:28:43 PM
avg-cpu:  %user   %nice %system %iowait  %steal   %idle
          11.08    0.00   14.86   23.93    0.00   50.13

Device:         rrqm/s   wrqm/s     r/s     w/s    rMB/s    wMB/s avgrq-sz avgqu-sz   await r_await w_await  svctm  %util
sda3              0.00     1.00    0.00  137.00     0.00    78.07  1167.01     6.19   46.87    0.00   46.87   3.68  50.40

06/16/2020 12:28:44 PM
avg-cpu:  %user   %nice %system %iowait  %steal   %idle
          15.46    0.00   15.22    1.87    0.00   67.45

Device:         rrqm/s   wrqm/s     r/s     w/s    rMB/s    wMB/s avgrq-sz avgqu-sz   await r_await w_await  svctm  %util
sda3              0.00     0.00    0.00   15.00     0.00     7.65  1044.27     0.70   49.00    0.00   49.00   4.00   6.00

06/16/2020 12:28:45 PM
avg-cpu:  %user   %nice %system %iowait  %steal   %idle
          11.97    0.00   18.78    0.00    0.00   69.25

Device:         rrqm/s   wrqm/s     r/s     w/s    rMB/s    wMB/s avgrq-sz avgqu-sz   await r_await w_await  svctm  %util
sda3              0.00     0.00    0.00    0.00     0.00     0.00     0.00     0.00    0.00    0.00    0.00   0.00   0.00

06/16/2020 12:28:46 PM
avg-cpu:  %user   %nice %system %iowait  %steal   %idle
          13.04    0.00   20.14    0.00    0.00   66.82

Device:         rrqm/s   wrqm/s     r/s     w/s    rMB/s    wMB/s avgrq-sz avgqu-sz   await r_await w_await  svctm  %util
sda3              0.00     0.00    0.00    0.00     0.00     0.00     0.00     0.00    0.00    0.00    0.00   0.00   0.00

06/16/2020 12:28:47 PM
avg-cpu:  %user   %nice %system %iowait  %steal   %idle
          12.53    0.00   19.03    0.93    0.00   67.52

Device:         rrqm/s   wrqm/s     r/s     w/s    rMB/s    wMB/s avgrq-sz avgqu-sz   await r_await w_await  svctm  %util
sda3              0.00     3.00    0.00    2.00     0.00     0.02    20.00     0.04   22.00    0.00   22.00   4.00   0.80

06/16/2020 12:28:48 PM
avg-cpu:  %user   %nice %system %iowait  %steal   %idle
          11.60    0.00   18.79    1.16    0.00   68.45

Device:         rrqm/s   wrqm/s     r/s     w/s    rMB/s    wMB/s avgrq-sz avgqu-sz   await r_await w_await  svctm  %util
sda3              0.00     0.00    0.00    0.00     0.00     0.00     0.00     0.00    0.00    0.00    0.00   0.00   0.40

06/16/2020 12:28:49 PM
avg-cpu:  %user   %nice %system %iowait  %steal   %idle
          11.06    0.00   15.87   20.67    0.00   52.40

Device:         rrqm/s   wrqm/s     r/s     w/s    rMB/s    wMB/s avgrq-sz avgqu-sz   await r_await w_await  svctm  %util
sda3              0.00     0.00    7.00   87.00     8.55    52.89  1338.64     4.25   46.99   41.71   47.41   4.13  38.80

06/16/2020 12:28:50 PM
avg-cpu:  %user   %nice %system %iowait  %steal   %idle
          12.12    0.00   18.88   22.38    0.00   46.62

Device:         rrqm/s   wrqm/s     r/s     w/s    rMB/s    wMB/s avgrq-sz avgqu-sz   await r_await w_await  svctm  %util
sda3              0.00     0.00    0.00  150.00     0.00    75.14  1025.87     6.18   42.98    0.00   42.98   4.00  60.00

06/16/2020 12:28:51 PM
avg-cpu:  %user   %nice %system %iowait  %steal   %idle
          11.24    0.00   22.25   21.80    0.00   44.72

Device:         rrqm/s   wrqm/s     r/s     w/s    rMB/s    wMB/s avgrq-sz avgqu-sz   await r_await w_await  svctm  %util
sda3              0.00     0.00    0.00  154.00     0.00    76.99  1023.84     6.40   43.59    0.00   43.59   4.08  62.80

06/16/2020 12:28:52 PM
avg-cpu:  %user   %nice %system %iowait  %steal   %idle
          12.56    0.00   13.07   30.90    0.00   43.47

Device:         rrqm/s   wrqm/s     r/s     w/s    rMB/s    wMB/s avgrq-sz avgqu-sz   await r_await w_await  svctm  %util
sda3              0.00    11.00    0.00  102.00     0.00    59.00  1184.71     6.48   65.47    0.00   65.47   3.53  36.00

06/16/2020 12:28:53 PM
avg-cpu:  %user   %nice %system %iowait  %steal   %idle
          11.49    0.00   16.38   23.47    0.00   48.66

Device:         rrqm/s   wrqm/s     r/s     w/s    rMB/s    wMB/s avgrq-sz avgqu-sz   await r_await w_await  svctm  %util
sda3              0.00     1.00    0.00  128.00     0.00    73.70  1179.19     6.44   52.21    0.00   52.21   4.03  51.60

06/16/2020 12:28:54 PM
avg-cpu:  %user   %nice %system %iowait  %steal   %idle
           9.59    0.00   22.83   19.63    0.00   47.95

Device:         rrqm/s   wrqm/s     r/s     w/s    rMB/s    wMB/s avgrq-sz avgqu-sz   await r_await w_await  svctm  %util
sda3              0.00     1.00    0.00  123.00     0.00    73.58  1225.11     6.00   50.72    0.00   50.72   3.97  48.80

06/16/2020 12:28:55 PM
avg-cpu:  %user   %nice %system %iowait  %steal   %idle
          11.69    0.00   14.43    0.00    0.00   73.88

Device:         rrqm/s   wrqm/s     r/s     w/s    rMB/s    wMB/s avgrq-sz avgqu-sz   await r_await w_await  svctm  %util
sda3              0.00     0.00    0.00    1.00     0.00     0.34   688.00     0.05   53.00    0.00   53.00   4.00   0.40

06/16/2020 12:28:56 PM
avg-cpu:  %user   %nice %system %iowait  %steal   %idle
          11.74    0.00   15.65    0.00    0.00   72.62

Device:         rrqm/s   wrqm/s     r/s     w/s    rMB/s    wMB/s avgrq-sz avgqu-sz   await r_await w_await  svctm  %util
sda3              0.00     0.00    0.00    0.00     0.00     0.00     0.00     0.00    0.00    0.00    0.00   0.00   0.00

06/16/2020 12:28:57 PM
avg-cpu:  %user   %nice %system %iowait  %steal   %idle
          11.64    0.00   18.53    2.14    0.00   67.70

Device:         rrqm/s   wrqm/s     r/s     w/s    rMB/s    wMB/s avgrq-sz avgqu-sz   await r_await w_await  svctm  %util
sda3              0.00     1.00    0.00    2.00     0.00     0.01    12.00     0.09   48.00    0.00   48.00   4.00   0.80

06/16/2020 12:28:58 PM
avg-cpu:  %user   %nice %system %iowait  %steal   %idle
          11.92    0.00   15.82    0.00    0.00   72.26

Device:         rrqm/s   wrqm/s     r/s     w/s    rMB/s    wMB/s avgrq-sz avgqu-sz   await r_await w_await  svctm  %util
sda3              0.00     0.00    0.00    0.00     0.00     0.00     0.00     0.00    0.00    0.00    0.00   0.00   0.00

06/16/2020 12:28:59 PM
avg-cpu:  %user   %nice %system %iowait  %steal   %idle
          10.76    0.00   22.65    0.00    0.00   66.59

Device:         rrqm/s   wrqm/s     r/s     w/s    rMB/s    wMB/s avgrq-sz avgqu-sz   await r_await w_await  svctm  %util
sda3              0.00     0.00    0.00    1.00     0.00     0.01    24.00     0.00    0.00    0.00    0.00   4.00   0.40

06/16/2020 12:29:00 PM
avg-cpu:  %user   %nice %system %iowait  %steal   %idle
          11.22    0.00   16.34    0.00    0.00   72.44

Device:         rrqm/s   wrqm/s     r/s     w/s    rMB/s    wMB/s avgrq-sz avgqu-sz   await r_await w_await  svctm  %util
sda3              0.00     0.00    0.00    0.00     0.00     0.00     0.00     0.00    0.00    0.00    0.00   0.00   0.00

06/16/2020 12:29:01 PM
avg-cpu:  %user   %nice %system %iowait  %steal   %idle
          10.09    0.00   23.32    0.00    0.00   66.59

Device:         rrqm/s   wrqm/s     r/s     w/s    rMB/s    wMB/s avgrq-sz avgqu-sz   await r_await w_await  svctm  %util
sda3              0.00     0.00    0.00    0.00     0.00     0.00     0.00     0.00    0.00    0.00    0.00   0.00   0.00

06/16/2020 12:29:02 PM
avg-cpu:  %user   %nice %system %iowait  %steal   %idle
          11.72    0.00   17.22    1.20    0.00   69.86

Device:         rrqm/s   wrqm/s     r/s     w/s    rMB/s    wMB/s avgrq-sz avgqu-sz   await r_await w_await  svctm  %util
sda3              0.00    10.00    0.00    2.00     0.00     0.05    48.00     0.04   22.50    0.00   22.50   4.00   0.80

06/16/2020 12:29:03 PM
avg-cpu:  %user   %nice %system %iowait  %steal   %idle
           9.55    0.00   22.95    0.00    0.00   67.50

Device:         rrqm/s   wrqm/s     r/s     w/s    rMB/s    wMB/s avgrq-sz avgqu-sz   await r_await w_await  svctm  %util
sda3              0.00     0.00    0.00    0.00     0.00     0.00     0.00     0.00    0.00    0.00    0.00   0.00   0.00

06/16/2020 12:29:04 PM
avg-cpu:  %user   %nice %system %iowait  %steal   %idle
          13.30    0.00   13.55    0.00    0.00   73.15

Device:         rrqm/s   wrqm/s     r/s     w/s    rMB/s    wMB/s avgrq-sz avgqu-sz   await r_await w_await  svctm  %util
sda3              0.00     0.00    0.00    0.00     0.00     0.00     0.00     0.00    0.00    0.00    0.00   0.00   0.00

06/16/2020 12:29:05 PM
avg-cpu:  %user   %nice %system %iowait  %steal   %idle
          10.48    0.00   18.81    0.00    0.00   70.71

Device:         rrqm/s   wrqm/s     r/s     w/s    rMB/s    wMB/s avgrq-sz avgqu-sz   await r_await w_await  svctm  %util
sda3              0.00     0.00    0.00    0.00     0.00     0.00     0.00     0.00    0.00    0.00    0.00   0.00   0.00

06/16/2020 12:29:06 PM
avg-cpu:  %user   %nice %system %iowait  %steal   %idle
          12.10    0.00   20.09    0.00    0.00   67.81

Device:         rrqm/s   wrqm/s     r/s     w/s    rMB/s    wMB/s avgrq-sz avgqu-sz   await r_await w_await  svctm  %util
sda3              0.00     0.00    0.00    0.00     0.00     0.00     0.00     0.00    0.00    0.00    0.00   0.00   0.00

06/16/2020 12:29:07 PM
avg-cpu:  %user   %nice %system %iowait  %steal   %idle
          10.38    0.00   19.81    0.71    0.00   69.10

Device:         rrqm/s   wrqm/s     r/s     w/s    rMB/s    wMB/s avgrq-sz avgqu-sz   await r_await w_await  svctm  %util
sda3              0.00     1.00    0.00    2.00     0.00     0.01    12.00     0.04   18.50    0.00   18.50   4.00   0.80

06/16/2020 12:29:08 PM
avg-cpu:  %user   %nice %system %iowait  %steal   %idle
          11.19    0.00   18.33    0.00    0.00   70.48

Device:         rrqm/s   wrqm/s     r/s     w/s    rMB/s    wMB/s avgrq-sz avgqu-sz   await r_await w_await  svctm  %util
sda3              0.00     0.00    0.00    0.00     0.00     0.00     0.00     0.00    0.00    0.00    0.00   0.00   0.00

06/16/2020 12:29:09 PM
avg-cpu:  %user   %nice %system %iowait  %steal   %idle
          11.81    0.00   13.57    0.00    0.00   74.62

Device:         rrqm/s   wrqm/s     r/s     w/s    rMB/s    wMB/s avgrq-sz avgqu-sz   await r_await w_await  svctm  %util
sda3              0.00     0.00    0.00    1.00     0.00     0.01    24.00     0.00    0.00    0.00    0.00   4.00   0.40

06/16/2020 12:29:10 PM
avg-cpu:  %user   %nice %system %iowait  %steal   %idle
          10.88    0.00   20.37    0.00    0.00   68.75

Device:         rrqm/s   wrqm/s     r/s     w/s    rMB/s    wMB/s avgrq-sz avgqu-sz   await r_await w_await  svctm  %util
sda3              0.00     0.00    0.00    0.00     0.00     0.00     0.00     0.00    0.00    0.00    0.00   0.00   0.00

06/16/2020 12:29:11 PM
avg-cpu:  %user   %nice %system %iowait  %steal   %idle
          10.20    0.00   23.95    0.00    0.00   65.85

Device:         rrqm/s   wrqm/s     r/s     w/s    rMB/s    wMB/s avgrq-sz avgqu-sz   await r_await w_await  svctm  %util
sda3              0.00     0.00    0.00    0.00     0.00     0.00     0.00     0.00    0.00    0.00    0.00   0.00   0.00

06/16/2020 12:29:12 PM
avg-cpu:  %user   %nice %system %iowait  %steal   %idle
           9.03    0.00   20.43    0.95    0.00   69.60

Device:         rrqm/s   wrqm/s     r/s     w/s    rMB/s    wMB/s avgrq-sz avgqu-sz   await r_await w_await  svctm  %util
sda3              0.00    10.00    0.00    2.00     0.00     0.05    48.00     0.04   20.50    0.00   20.50   6.00   1.20

06/16/2020 12:29:13 PM
avg-cpu:  %user   %nice %system %iowait  %steal   %idle
          10.28    0.00   20.33    0.00    0.00   69.39

Device:         rrqm/s   wrqm/s     r/s     w/s    rMB/s    wMB/s avgrq-sz avgqu-sz   await r_await w_await  svctm  %util
sda3              0.00     0.00    0.00    0.00     0.00     0.00     0.00     0.00    0.00    0.00    0.00   0.00   0.00

06/16/2020 12:29:14 PM
avg-cpu:  %user   %nice %system %iowait  %steal   %idle
          11.57    0.00   16.87    0.00    0.00   71.57

Device:         rrqm/s   wrqm/s     r/s     w/s    rMB/s    wMB/s avgrq-sz avgqu-sz   await r_await w_await  svctm  %util
sda3              0.00     0.00    0.00    0.00     0.00     0.00     0.00     0.00    0.00    0.00    0.00   0.00   0.00

06/16/2020 12:29:15 PM
avg-cpu:  %user   %nice %system %iowait  %steal   %idle
          12.72    0.00   13.22    0.00    0.00   74.06

Device:         rrqm/s   wrqm/s     r/s     w/s    rMB/s    wMB/s avgrq-sz avgqu-sz   await r_await w_await  svctm  %util
sda3              0.00     0.00    0.00    2.00     0.00     0.02    16.00     0.00    0.50    0.00    0.50   2.00   0.40

06/16/2020 12:29:16 PM
avg-cpu:  %user   %nice %system %iowait  %steal   %idle
          12.56    0.00   14.53    0.00    0.00   72.91

Device:         rrqm/s   wrqm/s     r/s     w/s    rMB/s    wMB/s avgrq-sz avgqu-sz   await r_await w_await  svctm  %util
sda3              0.00     0.00    0.00    0.00     0.00     0.00     0.00     0.00    0.00    0.00    0.00   0.00   0.00

06/16/2020 12:29:17 PM
avg-cpu:  %user   %nice %system %iowait  %steal   %idle
          11.44    0.00   14.68    1.24    0.00   72.64

Device:         rrqm/s   wrqm/s     r/s     w/s    rMB/s    wMB/s avgrq-sz avgqu-sz   await r_await w_await  svctm  %util
sda3              0.00     3.00    0.00    2.00     0.00     0.02    20.00     0.04   22.50    0.00   22.50   6.00   1.20

06/16/2020 12:29:18 PM
avg-cpu:  %user   %nice %system %iowait  %steal   %idle
          12.17    0.00   15.57    0.00    0.00   72.26

Device:         rrqm/s   wrqm/s     r/s     w/s    rMB/s    wMB/s avgrq-sz avgqu-sz   await r_await w_await  svctm  %util
sda3              0.00     0.00    0.00    0.00     0.00     0.00     0.00     0.00    0.00    0.00    0.00   0.00   0.00

06/16/2020 12:29:19 PM
avg-cpu:  %user   %nice %system %iowait  %steal   %idle
          11.36    0.00   21.59    0.00    0.00   67.05

Device:         rrqm/s   wrqm/s     r/s     w/s    rMB/s    wMB/s avgrq-sz avgqu-sz   await r_await w_await  svctm  %util
sda3              0.00     0.00    0.00    1.00     0.00     0.01    24.00     0.00    0.00    0.00    0.00   8.00   0.80

06/16/2020 12:29:20 PM
avg-cpu:  %user   %nice %system %iowait  %steal   %idle
          10.26    0.00   26.28    0.00    0.00   63.46

Device:         rrqm/s   wrqm/s     r/s     w/s    rMB/s    wMB/s avgrq-sz avgqu-sz   await r_await w_await  svctm  %util
sda3              0.00     1.00    0.00    7.00     0.00     0.04    10.29     0.00    0.71    0.00    0.71   0.57   0.40

06/16/2020 12:29:21 PM
avg-cpu:  %user   %nice %system %iowait  %steal   %idle
          10.02    0.00   19.09    0.00    0.00   70.88

Device:         rrqm/s   wrqm/s     r/s     w/s    rMB/s    wMB/s avgrq-sz avgqu-sz   await r_await w_await  svctm  %util
sda3              0.00     0.00    0.00    0.00     0.00     0.00     0.00     0.00    0.00    0.00    0.00   0.00   0.00

06/16/2020 12:29:22 PM
avg-cpu:  %user   %nice %system %iowait  %steal   %idle
          11.82    0.00   17.97    0.71    0.00   69.50

Device:         rrqm/s   wrqm/s     r/s     w/s    rMB/s    wMB/s avgrq-sz avgqu-sz   await r_await w_await  svctm  %util
sda3              0.00    14.00    0.00    2.00     0.00     0.06    64.00     0.04   19.00    0.00   19.00   4.00   0.80

06/16/2020 12:29:23 PM
avg-cpu:  %user   %nice %system %iowait  %steal   %idle
          10.93    0.00   20.00    0.00    0.00   69.07

Device:         rrqm/s   wrqm/s     r/s     w/s    rMB/s    wMB/s avgrq-sz avgqu-sz   await r_await w_await  svctm  %util
sda3              0.00     0.00    0.00    0.00     0.00     0.00     0.00     0.00    0.00    0.00    0.00   0.00   0.00

06/16/2020 12:29:24 PM
avg-cpu:  %user   %nice %system %iowait  %steal   %idle
          11.47    0.00   14.71    0.00    0.00   73.82

Device:         rrqm/s   wrqm/s     r/s     w/s    rMB/s    wMB/s avgrq-sz avgqu-sz   await r_await w_await  svctm  %util
sda3              0.00     0.00    0.00    0.00     0.00     0.00     0.00     0.00    0.00    0.00    0.00   0.00   0.00

06/16/2020 12:29:25 PM
avg-cpu:  %user   %nice %system %iowait  %steal   %idle
          11.19    0.00   14.93    0.00    0.00   73.88

Device:         rrqm/s   wrqm/s     r/s     w/s    rMB/s    wMB/s avgrq-sz avgqu-sz   await r_await w_await  svctm  %util
sda3              0.00     0.00    0.00    0.00     0.00     0.00     0.00     0.00    0.00    0.00    0.00   0.00   0.00

06/16/2020 12:29:26 PM
avg-cpu:  %user   %nice %system %iowait  %steal   %idle
          10.88    0.00   21.77    0.00    0.00   67.35

Device:         rrqm/s   wrqm/s     r/s     w/s    rMB/s    wMB/s avgrq-sz avgqu-sz   await r_await w_await  svctm  %util
sda3              0.00     0.00    0.00    0.00     0.00     0.00     0.00     0.00    0.00    0.00    0.00   0.00   0.00

06/16/2020 12:29:27 PM
avg-cpu:  %user   %nice %system %iowait  %steal   %idle
          11.86    0.00   21.70    0.89    0.00   65.55

Device:         rrqm/s   wrqm/s     r/s     w/s    rMB/s    wMB/s avgrq-sz avgqu-sz   await r_await w_await  svctm  %util
sda3              0.00     1.00    0.00    2.00     0.00     0.01    12.00     0.04   20.50    0.00   20.50   4.00   0.80

06/16/2020 12:29:28 PM
avg-cpu:  %user   %nice %system %iowait  %steal   %idle
          11.35    0.00   23.80    0.00    0.00   64.85

Device:         rrqm/s   wrqm/s     r/s     w/s    rMB/s    wMB/s avgrq-sz avgqu-sz   await r_await w_await  svctm  %util
sda3              0.00     0.00    0.00    0.00     0.00     0.00     0.00     0.00    0.00    0.00    0.00   0.00   0.00

06/16/2020 12:29:29 PM
avg-cpu:  %user   %nice %system %iowait  %steal   %idle
           9.90    0.00   18.36    0.00    0.00   71.74

Device:         rrqm/s   wrqm/s     r/s     w/s    rMB/s    wMB/s avgrq-sz avgqu-sz   await r_await w_await  svctm  %util
sda3              0.00     0.00    0.00    1.00     0.00     0.02    32.00     0.00    1.00    0.00    1.00   4.00   0.40

06/16/2020 12:29:30 PM
avg-cpu:  %user   %nice %system %iowait  %steal   %idle
          10.99    0.00   22.87    0.00    0.00   66.14

Device:         rrqm/s   wrqm/s     r/s     w/s    rMB/s    wMB/s avgrq-sz avgqu-sz   await r_await w_await  svctm  %util
sda3              0.00     0.00    0.00    0.00     0.00     0.00     0.00     0.00    0.00    0.00    0.00   0.00   0.00

06/16/2020 12:29:31 PM
avg-cpu:  %user   %nice %system %iowait  %steal   %idle
          10.31    0.00   18.47    0.00    0.00   71.22

Device:         rrqm/s   wrqm/s     r/s     w/s    rMB/s    wMB/s avgrq-sz avgqu-sz   await r_await w_await  svctm  %util
sda3              0.00     0.00    0.00    0.00     0.00     0.00     0.00     0.00    0.00    0.00    0.00   0.00   0.00

06/16/2020 12:29:32 PM
avg-cpu:  %user   %nice %system %iowait  %steal   %idle
          11.58    0.00   15.52    0.99    0.00   71.92

Device:         rrqm/s   wrqm/s     r/s     w/s    rMB/s    wMB/s avgrq-sz avgqu-sz   await r_await w_await  svctm  %util
sda3              0.00    10.00    0.00    2.00     0.00     0.05    48.00     0.04   22.50    0.00   22.50   4.00   0.80

06/16/2020 12:29:33 PM
avg-cpu:  %user   %nice %system %iowait  %steal   %idle
          11.75    0.00   22.17    0.67    0.00   65.41

Device:         rrqm/s   wrqm/s     r/s     w/s    rMB/s    wMB/s avgrq-sz avgqu-sz   await r_await w_await  svctm  %util
sda3              0.00     0.00    0.00    1.00     0.00     0.00     8.00     0.00    0.00    0.00    0.00   4.00   0.40

06/16/2020 12:29:34 PM
avg-cpu:  %user   %nice %system %iowait  %steal   %idle
          10.09    0.00   21.79    0.00    0.00   68.12

Device:         rrqm/s   wrqm/s     r/s     w/s    rMB/s    wMB/s avgrq-sz avgqu-sz   await r_await w_await  svctm  %util
sda3              0.00     0.00    0.00    0.00     0.00     0.00     0.00     0.00    0.00    0.00    0.00   0.00   0.00

06/16/2020 12:29:35 PM
avg-cpu:  %user   %nice %system %iowait  %steal   %idle
          11.46    0.00   17.90    0.00    0.00   70.64

Device:         rrqm/s   wrqm/s     r/s     w/s    rMB/s    wMB/s avgrq-sz avgqu-sz   await r_await w_await  svctm  %util
sda3              0.00     1.00    0.00   14.00     0.00     0.06     9.14     0.00    1.14    0.00    1.14   0.29   0.40

06/16/2020 12:29:36 PM
avg-cpu:  %user   %nice %system %iowait  %steal   %idle
          10.26    0.00   20.51    0.00    0.00   69.23

Device:         rrqm/s   wrqm/s     r/s     w/s    rMB/s    wMB/s avgrq-sz avgqu-sz   await r_await w_await  svctm  %util
sda3              0.00     0.00    0.00    0.00     0.00     0.00     0.00     0.00    0.00    0.00    0.00   0.00   0.00

06/16/2020 12:29:37 PM
avg-cpu:  %user   %nice %system %iowait  %steal   %idle
          13.01    0.00   21.00    1.37    0.00   64.61

Device:         rrqm/s   wrqm/s     r/s     w/s    rMB/s    wMB/s avgrq-sz avgqu-sz   await r_await w_await  svctm  %util
sda3              0.00     4.00    1.00    2.00     0.03     0.02    37.33     0.08   26.67   42.00   19.00   5.33   1.60

06/16/2020 12:29:38 PM
avg-cpu:  %user   %nice %system %iowait  %steal   %idle
          14.71    0.00   15.69    0.00    0.00   69.61

Device:         rrqm/s   wrqm/s     r/s     w/s    rMB/s    wMB/s avgrq-sz avgqu-sz   await r_await w_await  svctm  %util
sda3              0.00     0.00    0.00    0.00     0.00     0.00     0.00     0.00    0.00    0.00    0.00   0.00   0.00

06/16/2020 12:29:39 PM
avg-cpu:  %user   %nice %system %iowait  %steal   %idle
          13.53    0.00   14.54    0.00    0.00   71.93

Device:         rrqm/s   wrqm/s     r/s     w/s    rMB/s    wMB/s avgrq-sz avgqu-sz   await r_await w_await  svctm  %util
sda3              0.00     0.00    0.00    1.00     0.00     0.02    32.00     0.00    1.00    0.00    1.00   4.00   0.40

06/16/2020 12:29:40 PM
avg-cpu:  %user   %nice %system %iowait  %steal   %idle
          12.17    0.00   19.09    0.00    0.00   68.74

Device:         rrqm/s   wrqm/s     r/s     w/s    rMB/s    wMB/s avgrq-sz avgqu-sz   await r_await w_await  svctm  %util
sda3              0.00     0.00    0.00    0.00     0.00     0.00     0.00     0.00    0.00    0.00    0.00   0.00   0.00

06/16/2020 12:29:41 PM
avg-cpu:  %user   %nice %system %iowait  %steal   %idle
          13.54    0.00   18.29    0.00    0.00   68.17

Device:         rrqm/s   wrqm/s     r/s     w/s    rMB/s    wMB/s avgrq-sz avgqu-sz   await r_await w_await  svctm  %util
sda3              0.00     0.00    0.00    5.00     0.00     0.02     8.00     0.00    0.60    0.00    0.60   0.80   0.40

06/16/2020 12:29:42 PM
avg-cpu:  %user   %nice %system %iowait  %steal   %idle
          13.48    0.00   15.20    0.98    0.00   70.34

Device:         rrqm/s   wrqm/s     r/s     w/s    rMB/s    wMB/s avgrq-sz avgqu-sz   await r_await w_await  svctm  %util
sda3              0.00    12.00    0.00    2.00     0.00     0.05    56.00     0.04   21.50    0.00   21.50   4.00   0.80

06/16/2020 12:29:43 PM
avg-cpu:  %user   %nice %system %iowait  %steal   %idle
          13.48    0.00   17.73    0.00    0.00   68.79

Device:         rrqm/s   wrqm/s     r/s     w/s    rMB/s    wMB/s avgrq-sz avgqu-sz   await r_await w_await  svctm  %util
sda3              0.00     0.00    0.00    0.00     0.00     0.00     0.00     0.00    0.00    0.00    0.00   0.00   0.00

06/16/2020 12:29:44 PM
avg-cpu:  %user   %nice %system %iowait  %steal   %idle
          12.75    0.00   14.50    0.00    0.00   72.75

Device:         rrqm/s   wrqm/s     r/s     w/s    rMB/s    wMB/s avgrq-sz avgqu-sz   await r_await w_await  svctm  %util
sda3              0.00     0.00    0.00    0.00     0.00     0.00     0.00     0.00    0.00    0.00    0.00   0.00   0.00

06/16/2020 12:29:45 PM
avg-cpu:  %user   %nice %system %iowait  %steal   %idle
          11.11    0.00   17.87    0.00    0.00   71.01

Device:         rrqm/s   wrqm/s     r/s     w/s    rMB/s    wMB/s avgrq-sz avgqu-sz   await r_await w_await  svctm  %util
sda3              0.00     0.00    0.00    0.00     0.00     0.00     0.00     0.00    0.00    0.00    0.00   0.00   0.00

06/16/2020 12:29:46 PM
avg-cpu:  %user   %nice %system %iowait  %steal   %idle
          10.85    0.00   25.16    0.00    0.00   63.99

Device:         rrqm/s   wrqm/s     r/s     w/s    rMB/s    wMB/s avgrq-sz avgqu-sz   await r_await w_await  svctm  %util
sda3              0.00     0.00    0.00    0.00     0.00     0.00     0.00     0.00    0.00    0.00    0.00   0.00   0.00

06/16/2020 12:29:47 PM
avg-cpu:  %user   %nice %system %iowait  %steal   %idle
          12.41    0.00   18.62    6.44    0.00   62.53

Device:         rrqm/s   wrqm/s     r/s     w/s    rMB/s    wMB/s avgrq-sz avgqu-sz   await r_await w_await  svctm  %util
sda3              0.00     2.00   33.00   13.00     2.03     0.06    93.04     0.38    9.43   11.55    4.08   2.26  10.40

06/16/2020 12:29:48 PM
avg-cpu:  %user   %nice %system %iowait  %steal   %idle
          20.60    0.00   15.38   17.37    0.00   46.65

Device:         rrqm/s   wrqm/s     r/s     w/s    rMB/s    wMB/s avgrq-sz avgqu-sz   await r_await w_await  svctm  %util
sda3             85.00     3.00   78.00    3.00     4.20     0.02   106.77     1.00   13.83   13.73   16.33   3.11  25.20

06/16/2020 12:29:49 PM
avg-cpu:  %user   %nice %system %iowait  %steal   %idle
          18.40    0.00   19.10    1.89    0.00   60.61

Device:         rrqm/s   wrqm/s     r/s     w/s    rMB/s    wMB/s avgrq-sz avgqu-sz   await r_await w_await  svctm  %util
sda3              1.00     0.00   22.00    1.00     0.92     0.02    83.48     0.18    9.83   10.27    0.00   3.30   7.60

06/16/2020 12:29:50 PM
avg-cpu:  %user   %nice %system %iowait  %steal   %idle
          13.36    0.00   18.43    0.00    0.00   68.20

Device:         rrqm/s   wrqm/s     r/s     w/s    rMB/s    wMB/s avgrq-sz avgqu-sz   await r_await w_await  svctm  %util
sda3              0.00     0.00    0.00    0.00     0.00     0.00     0.00     0.00    0.00    0.00    0.00   0.00   0.00

06/16/2020 12:29:51 PM
avg-cpu:  %user   %nice %system %iowait  %steal   %idle
          12.17    0.00   18.14    3.10    0.00   66.59

Device:         rrqm/s   wrqm/s     r/s     w/s    rMB/s    wMB/s avgrq-sz avgqu-sz   await r_await w_await  svctm  %util
sda3           1182.00     0.00  189.00    0.00     5.47     0.00    59.26     0.16    1.35    1.35    0.00   0.61  11.60

06/16/2020 12:29:52 PM
avg-cpu:  %user   %nice %system %iowait  %steal   %idle
          11.29    0.00   20.51    0.00    0.00   68.20

Device:         rrqm/s   wrqm/s     r/s     w/s    rMB/s    wMB/s avgrq-sz avgqu-sz   await r_await w_await  svctm  %util
sda3              0.00     0.00    0.00    0.00     0.00     0.00     0.00     0.00    0.00    0.00    0.00   0.00   0.00

06/16/2020 12:29:53 PM
avg-cpu:  %user   %nice %system %iowait  %steal   %idle
          19.44    0.00   18.80    0.00    0.00   61.75

Device:         rrqm/s   wrqm/s     r/s     w/s    rMB/s    wMB/s avgrq-sz avgqu-sz   await r_await w_await  svctm  %util
sda3              0.00     0.00    0.00    0.00     0.00     0.00     0.00     0.00    0.00    0.00    0.00   0.00   0.00

06/16/2020 12:29:54 PM
avg-cpu:  %user   %nice %system %iowait  %steal   %idle
          10.74    0.00   22.82    1.12    0.00   65.32

Device:         rrqm/s   wrqm/s     r/s     w/s    rMB/s    wMB/s avgrq-sz avgqu-sz   await r_await w_await  svctm  %util
sda3              0.00    20.00    0.00    2.00     0.00     0.09    88.00     0.04   22.50    0.00   22.50   4.00   0.80

06/16/2020 12:29:55 PM
avg-cpu:  %user   %nice %system %iowait  %steal   %idle
          10.67    0.00   15.63    0.00    0.00   73.70

Device:         rrqm/s   wrqm/s     r/s     w/s    rMB/s    wMB/s avgrq-sz avgqu-sz   await r_await w_await  svctm  %util
sda3              0.00     0.00    0.00    0.00     0.00     0.00     0.00     0.00    0.00    0.00    0.00   0.00   0.00

06/16/2020 12:29:56 PM
avg-cpu:  %user   %nice %system %iowait  %steal   %idle
          10.78    0.00   14.79    0.00    0.00   74.44

Device:         rrqm/s   wrqm/s     r/s     w/s    rMB/s    wMB/s avgrq-sz avgqu-sz   await r_await w_await  svctm  %util
sda3              0.00     0.00    0.00    0.00     0.00     0.00     0.00     0.00    0.00    0.00    0.00   0.00   0.00

06/16/2020 12:29:57 PM
avg-cpu:  %user   %nice %system %iowait  %steal   %idle
           9.03    0.00   20.43    0.00    0.00   70.55

Device:         rrqm/s   wrqm/s     r/s     w/s    rMB/s    wMB/s avgrq-sz avgqu-sz   await r_await w_await  svctm  %util
sda3              0.00     0.00    0.00    0.00     0.00     0.00     0.00     0.00    0.00    0.00    0.00   0.00   0.00

06/16/2020 12:29:58 PM
avg-cpu:  %user   %nice %system %iowait  %steal   %idle
          10.57    0.00   21.61    0.00    0.00   67.82

Device:         rrqm/s   wrqm/s     r/s     w/s    rMB/s    wMB/s avgrq-sz avgqu-sz   await r_await w_await  svctm  %util
sda3              0.00     0.00    0.00    0.00     0.00     0.00     0.00     0.00    0.00    0.00    0.00   0.00   0.00

06/16/2020 12:29:59 PM
avg-cpu:  %user   %nice %system %iowait  %steal   %idle
          11.55    0.00   23.10    0.74    0.00   64.62

Device:         rrqm/s   wrqm/s     r/s     w/s    rMB/s    wMB/s avgrq-sz avgqu-sz   await r_await w_await  svctm  %util
sda3              0.00     1.00    0.00    3.00     0.00     0.03    18.67     0.04   12.67    0.00   12.67   4.00   1.20

06/16/2020 12:30:00 PM
avg-cpu:  %user   %nice %system %iowait  %steal   %idle
          11.66    0.00   14.39    0.00    0.00   73.95

Device:         rrqm/s   wrqm/s     r/s     w/s    rMB/s    wMB/s avgrq-sz avgqu-sz   await r_await w_await  svctm  %util
sda3              0.00     0.00    0.00    0.00     0.00     0.00     0.00     0.00    0.00    0.00    0.00   0.00   0.00

06/16/2020 12:30:01 PM
avg-cpu:  %user   %nice %system %iowait  %steal   %idle
          12.47    0.00   13.97    0.00    0.00   73.57

Device:         rrqm/s   wrqm/s     r/s     w/s    rMB/s    wMB/s avgrq-sz avgqu-sz   await r_await w_await  svctm  %util
sda3              0.00     0.00    0.00    0.00     0.00     0.00     0.00     0.00    0.00    0.00    0.00   0.00   0.00

06/16/2020 12:30:02 PM
avg-cpu:  %user   %nice %system %iowait  %steal   %idle
           9.95    0.00   19.91    8.06    0.00   62.09

Device:         rrqm/s   wrqm/s     r/s     w/s    rMB/s    wMB/s avgrq-sz avgqu-sz   await r_await w_await  svctm  %util
sda3              0.00    21.00    1.00   48.00     0.05     0.28    13.88     1.43   30.20   28.00   30.25   0.49   2.40

06/16/2020 12:30:03 PM
avg-cpu:  %user   %nice %system %iowait  %steal   %idle
          10.94    0.00   22.77    0.00    0.00   66.29

Device:         rrqm/s   wrqm/s     r/s     w/s    rMB/s    wMB/s avgrq-sz avgqu-sz   await r_await w_await  svctm  %util
sda3              0.00     0.00    0.00    0.00     0.00     0.00     0.00     0.00    0.00    0.00    0.00   0.00   0.00

06/16/2020 12:30:04 PM
avg-cpu:  %user   %nice %system %iowait  %steal   %idle
          10.95    0.00   16.79    0.00    0.00   72.26

Device:         rrqm/s   wrqm/s     r/s     w/s    rMB/s    wMB/s avgrq-sz avgqu-sz   await r_await w_await  svctm  %util
sda3              0.00     0.00    0.00    0.00     0.00     0.00     0.00     0.00    0.00    0.00    0.00   0.00   0.00

06/16/2020 12:30:05 PM
avg-cpu:  %user   %nice %system %iowait  %steal   %idle
          10.43    0.00   25.00    0.00    0.00   64.57

Device:         rrqm/s   wrqm/s     r/s     w/s    rMB/s    wMB/s avgrq-sz avgqu-sz   await r_await w_await  svctm  %util
sda3              0.00     0.00    0.00    0.00     0.00     0.00     0.00     0.00    0.00    0.00    0.00   0.00   0.00

06/16/2020 12:30:06 PM
avg-cpu:  %user   %nice %system %iowait  %steal   %idle
          11.19    0.00   18.10    0.00    0.00   70.71

Device:         rrqm/s   wrqm/s     r/s     w/s    rMB/s    wMB/s avgrq-sz avgqu-sz   await r_await w_await  svctm  %util
sda3              0.00     0.00    0.00    0.00     0.00     0.00     0.00     0.00    0.00    0.00    0.00   0.00   0.00

06/16/2020 12:30:07 PM
avg-cpu:  %user   %nice %system %iowait  %steal   %idle
          11.14    0.00   21.36    0.00    0.00   67.50

Device:         rrqm/s   wrqm/s     r/s     w/s    rMB/s    wMB/s avgrq-sz avgqu-sz   await r_await w_await  svctm  %util
sda3              0.00     0.00    0.00    0.00     0.00     0.00     0.00     0.00    0.00    0.00    0.00   0.00   0.00

06/16/2020 12:30:08 PM
avg-cpu:  %user   %nice %system %iowait  %steal   %idle
          12.25    0.00   13.50    1.00    0.00   73.25

Device:         rrqm/s   wrqm/s     r/s     w/s    rMB/s    wMB/s avgrq-sz avgqu-sz   await r_await w_await  svctm  %util
sda3              0.00     8.00    0.00   66.00     0.00     0.32    10.06     0.04    1.52    0.00    1.52   0.24   1.60

06/16/2020 12:30:09 PM
avg-cpu:  %user   %nice %system %iowait  %steal   %idle
          11.59    0.00   13.85    0.00    0.00   74.56

Device:         rrqm/s   wrqm/s     r/s     w/s    rMB/s    wMB/s avgrq-sz avgqu-sz   await r_await w_await  svctm  %util
sda3              0.00     0.00    0.00    1.00     0.00     0.02    32.00     0.00    0.00    0.00    0.00   4.00   0.40

06/16/2020 12:30:10 PM
avg-cpu:  %user   %nice %system %iowait  %steal   %idle
          13.15    0.00   13.15    0.00    0.00   73.70

Device:         rrqm/s   wrqm/s     r/s     w/s    rMB/s    wMB/s avgrq-sz avgqu-sz   await r_await w_await  svctm  %util
sda3              0.00     0.00    0.00    0.00     0.00     0.00     0.00     0.00    0.00    0.00    0.00   0.00   0.00

06/16/2020 12:30:11 PM
avg-cpu:  %user   %nice %system %iowait  %steal   %idle
          10.66    0.00   18.96    0.00    0.00   70.38

Device:         rrqm/s   wrqm/s     r/s     w/s    rMB/s    wMB/s avgrq-sz avgqu-sz   await r_await w_await  svctm  %util
sda3              0.00     0.00    0.00    0.00     0.00     0.00     0.00     0.00    0.00    0.00    0.00   0.00   0.00

06/16/2020 12:30:12 PM
avg-cpu:  %user   %nice %system %iowait  %steal   %idle
          10.82    0.00   18.27    0.00    0.00   70.91

Device:         rrqm/s   wrqm/s     r/s     w/s    rMB/s    wMB/s avgrq-sz avgqu-sz   await r_await w_await  svctm  %util
sda3              0.00     0.00    0.00    0.00     0.00     0.00     0.00     0.00    0.00    0.00    0.00   0.00   0.00

06/16/2020 12:30:13 PM
avg-cpu:  %user   %nice %system %iowait  %steal   %idle
          10.19    0.00   19.19    0.95    0.00   69.67

Device:         rrqm/s   wrqm/s     r/s     w/s    rMB/s    wMB/s avgrq-sz avgqu-sz   await r_await w_await  svctm  %util
sda3              0.00    17.00    0.00    2.00     0.00     0.07    76.00     0.04   21.00    0.00   21.00   4.00   0.80

06/16/2020 12:30:14 PM
avg-cpu:  %user   %nice %system %iowait  %steal   %idle
          11.89    0.00   19.11    0.00    0.00   69.00

Device:         rrqm/s   wrqm/s     r/s     w/s    rMB/s    wMB/s avgrq-sz avgqu-sz   await r_await w_await  svctm  %util
sda3              0.00     0.00    0.00    0.00     0.00     0.00     0.00     0.00    0.00    0.00    0.00   0.00   0.00

06/16/2020 12:30:15 PM
avg-cpu:  %user   %nice %system %iowait  %steal   %idle
           9.83    0.00   17.20    0.00    0.00   72.97

Device:         rrqm/s   wrqm/s     r/s     w/s    rMB/s    wMB/s avgrq-sz avgqu-sz   await r_await w_await  svctm  %util
sda3              0.00     0.00    0.00    0.00     0.00     0.00     0.00     0.00    0.00    0.00    0.00   0.00   0.00

06/16/2020 12:30:16 PM
avg-cpu:  %user   %nice %system %iowait  %steal   %idle
          10.28    0.00   24.73    0.00    0.00   64.99

Device:         rrqm/s   wrqm/s     r/s     w/s    rMB/s    wMB/s avgrq-sz avgqu-sz   await r_await w_await  svctm  %util
sda3              0.00     0.00    0.00    0.00     0.00     0.00     0.00     0.00    0.00    0.00    0.00   0.00   0.00

06/16/2020 12:30:17 PM
avg-cpu:  %user   %nice %system %iowait  %steal   %idle
          11.40    0.00   18.05    0.00    0.00   70.55

Device:         rrqm/s   wrqm/s     r/s     w/s    rMB/s    wMB/s avgrq-sz avgqu-sz   await r_await w_await  svctm  %util
sda3              0.00     0.00    0.00    0.00     0.00     0.00     0.00     0.00    0.00    0.00    0.00   0.00   0.00

06/16/2020 12:30:18 PM
avg-cpu:  %user   %nice %system %iowait  %steal   %idle
          11.92    0.00   15.82    0.97    0.00   71.29

Device:         rrqm/s   wrqm/s     r/s     w/s    rMB/s    wMB/s avgrq-sz avgqu-sz   await r_await w_await  svctm  %util
sda3              0.00     1.00    0.00    2.00     0.00     0.01    12.00     0.04   23.00    0.00   23.00   4.00   0.80

06/16/2020 12:30:19 PM
avg-cpu:  %user   %nice %system %iowait  %steal   %idle
          12.71    0.00   19.53   27.29    0.00   40.47

Device:         rrqm/s   wrqm/s     r/s     w/s    rMB/s    wMB/s avgrq-sz avgqu-sz   await r_await w_await  svctm  %util
sda3             57.00     0.00   79.00    1.00     1.30     0.02    33.70     1.62   22.25   22.53    0.00   3.10  24.80

06/16/2020 12:30:20 PM
avg-cpu:  %user   %nice %system %iowait  %steal   %idle
          12.56    0.00   12.81    0.00    0.00   74.62

Device:         rrqm/s   wrqm/s     r/s     w/s    rMB/s    wMB/s avgrq-sz avgqu-sz   await r_await w_await  svctm  %util
sda3              0.00     0.00    0.00    0.00     0.00     0.00     0.00     0.00    0.00    0.00    0.00   0.00   0.00

06/16/2020 12:30:21 PM
avg-cpu:  %user   %nice %system %iowait  %steal   %idle
          11.62    0.00   20.73    0.00    0.00   67.65

Device:         rrqm/s   wrqm/s     r/s     w/s    rMB/s    wMB/s avgrq-sz avgqu-sz   await r_await w_await  svctm  %util
sda3              0.00     0.00    0.00    0.00     0.00     0.00     0.00     0.00    0.00    0.00    0.00   0.00   0.00

06/16/2020 12:30:22 PM
avg-cpu:  %user   %nice %system %iowait  %steal   %idle
          11.58    0.00   15.52    0.00    0.00   72.91

Device:         rrqm/s   wrqm/s     r/s     w/s    rMB/s    wMB/s avgrq-sz avgqu-sz   await r_await w_await  svctm  %util
sda3              0.00     0.00    0.00    0.00     0.00     0.00     0.00     0.00    0.00    0.00    0.00   0.00   0.00

06/16/2020 12:30:23 PM
avg-cpu:  %user   %nice %system %iowait  %steal   %idle
          11.78    0.00   18.03    0.96    0.00   69.23

Device:         rrqm/s   wrqm/s     r/s     w/s    rMB/s    wMB/s avgrq-sz avgqu-sz   await r_await w_await  svctm  %util
sda3              0.00    14.00    0.00    2.00     0.00     0.06    64.00     0.04   19.50    0.00   19.50   4.00   0.80

06/16/2020 12:30:24 PM
avg-cpu:  %user   %nice %system %iowait  %steal   %idle
          11.19    0.00   19.58    0.00    0.00   69.23

Device:         rrqm/s   wrqm/s     r/s     w/s    rMB/s    wMB/s avgrq-sz avgqu-sz   await r_await w_await  svctm  %util
sda3              0.00     0.00    0.00    0.00     0.00     0.00     0.00     0.00    0.00    0.00    0.00   0.00   0.00

06/16/2020 12:30:25 PM
avg-cpu:  %user   %nice %system %iowait  %steal   %idle
          10.09    0.00   26.18    0.00    0.00   63.73

Device:         rrqm/s   wrqm/s     r/s     w/s    rMB/s    wMB/s avgrq-sz avgqu-sz   await r_await w_await  svctm  %util
sda3              0.00     0.00    0.00    0.00     0.00     0.00     0.00     0.00    0.00    0.00    0.00   0.00   0.00

06/16/2020 12:30:26 PM
avg-cpu:  %user   %nice %system %iowait  %steal   %idle
          11.06    0.00   17.79    0.00    0.00   71.15

Device:         rrqm/s   wrqm/s     r/s     w/s    rMB/s    wMB/s avgrq-sz avgqu-sz   await r_await w_await  svctm  %util
sda3              0.00     0.00    0.00    0.00     0.00     0.00     0.00     0.00    0.00    0.00    0.00   0.00   0.00

06/16/2020 12:30:27 PM
avg-cpu:  %user   %nice %system %iowait  %steal   %idle
          11.63    0.00   14.85    0.00    0.00   73.51

Device:         rrqm/s   wrqm/s     r/s     w/s    rMB/s    wMB/s avgrq-sz avgqu-sz   await r_await w_await  svctm  %util
sda3              0.00     0.00    0.00    0.00     0.00     0.00     0.00     0.00    0.00    0.00    0.00   0.00   0.00

06/16/2020 12:30:28 PM
avg-cpu:  %user   %nice %system %iowait  %steal   %idle
          11.55    0.00   15.72    0.98    0.00   71.74

Device:         rrqm/s   wrqm/s     r/s     w/s    rMB/s    wMB/s avgrq-sz avgqu-sz   await r_await w_await  svctm  %util
sda3              0.00     1.00    0.00    2.00     0.00     0.01    12.00     0.04   21.50    0.00   21.50   4.00   0.80

06/16/2020 12:30:29 PM
avg-cpu:  %user   %nice %system %iowait  %steal   %idle
          11.11    0.00   15.56    0.00    0.00   73.33

Device:         rrqm/s   wrqm/s     r/s     w/s    rMB/s    wMB/s avgrq-sz avgqu-sz   await r_await w_await  svctm  %util
sda3              0.00     0.00    0.00    1.00     0.00     0.02    32.00     0.00    0.00    0.00    0.00   4.00   0.40

06/16/2020 12:30:30 PM
avg-cpu:  %user   %nice %system %iowait  %steal   %idle
          12.65    0.00   15.33    0.00    0.00   72.02

Device:         rrqm/s   wrqm/s     r/s     w/s    rMB/s    wMB/s avgrq-sz avgqu-sz   await r_await w_await  svctm  %util
sda3              0.00     0.00    0.00    0.00     0.00     0.00     0.00     0.00    0.00    0.00    0.00   0.00   0.00

06/16/2020 12:30:31 PM
avg-cpu:  %user   %nice %system %iowait  %steal   %idle
          10.32    0.00   21.56    0.00    0.00   68.12

Device:         rrqm/s   wrqm/s     r/s     w/s    rMB/s    wMB/s avgrq-sz avgqu-sz   await r_await w_await  svctm  %util
sda3              0.00     0.00    0.00    0.00     0.00     0.00     0.00     0.00    0.00    0.00    0.00   0.00   0.00

06/16/2020 12:30:32 PM
avg-cpu:  %user   %nice %system %iowait  %steal   %idle
          10.98    0.00   18.14    0.00    0.00   70.88

Device:         rrqm/s   wrqm/s     r/s     w/s    rMB/s    wMB/s avgrq-sz avgqu-sz   await r_await w_await  svctm  %util
sda3              0.00     0.00    0.00    0.00     0.00     0.00     0.00     0.00    0.00    0.00    0.00   0.00   0.00

06/16/2020 12:30:33 PM
avg-cpu:  %user   %nice %system %iowait  %steal   %idle
          12.03    0.00   13.53    1.50    0.00   72.93

Device:         rrqm/s   wrqm/s     r/s     w/s    rMB/s    wMB/s avgrq-sz avgqu-sz   await r_await w_await  svctm  %util
sda3              0.00    10.00    0.00    3.00     0.00     0.05    34.67     0.04   15.67    0.00   15.67   4.00   1.20

06/16/2020 12:30:34 PM
avg-cpu:  %user   %nice %system %iowait  %steal   %idle
          11.55    0.00   20.32    0.00    0.00   68.13

Device:         rrqm/s   wrqm/s     r/s     w/s    rMB/s    wMB/s avgrq-sz avgqu-sz   await r_await w_await  svctm  %util
sda3              0.00     0.00    0.00    0.00     0.00     0.00     0.00     0.00    0.00    0.00    0.00   0.00   0.00

