Linux 5.4.0-37-generic (rubaldo) 	06/16/2020 	_x86_64_	(4 CPU)

06/16/2020 12:26:35 PM
avg-cpu:  %user   %nice %system %iowait  %steal   %idle
           7.32    0.00   27.49    1.55    0.00   63.64

Device:         rrqm/s   wrqm/s     r/s     w/s    rMB/s    wMB/s avgrq-sz avgqu-sz   await r_await w_await  svctm  %util
sda3              0.00     1.00    0.00   19.00     0.00     4.70   506.53     0.25   14.32    0.00   14.32   1.68   3.20

06/16/2020 12:26:36 PM
avg-cpu:  %user   %nice %system %iowait  %steal   %idle
           6.54    0.00   21.26   22.66    0.00   49.53

Device:         rrqm/s   wrqm/s     r/s     w/s    rMB/s    wMB/s avgrq-sz avgqu-sz   await r_await w_await  svctm  %util
sda3              0.00     5.00    0.00  114.00     0.00    73.69  1323.79    10.16   90.95    0.00   90.95   4.00  45.60

06/16/2020 12:26:37 PM
avg-cpu:  %user   %nice %system %iowait  %steal   %idle
           1.80    0.00    3.35   46.13    0.00   48.71

Device:         rrqm/s   wrqm/s     r/s     w/s    rMB/s    wMB/s avgrq-sz avgqu-sz   await r_await w_await  svctm  %util
sda3              0.00     2.00    0.00  140.00     0.00    69.66  1019.09    16.48  119.74    0.00  119.74   3.80  53.20

06/16/2020 12:26:38 PM
avg-cpu:  %user   %nice %system %iowait  %steal   %idle
           5.88    0.00   17.65   39.71    0.00   36.76

Device:         rrqm/s   wrqm/s     r/s     w/s    rMB/s    wMB/s avgrq-sz avgqu-sz   await r_await w_await  svctm  %util
sda3              0.00    10.00    0.00  120.00     0.00    62.07  1059.27    16.18  136.88    0.00  136.88   3.67  44.00

06/16/2020 12:26:39 PM
avg-cpu:  %user   %nice %system %iowait  %steal   %idle
           2.28    0.00    5.33   43.40    0.00   48.98

Device:         rrqm/s   wrqm/s     r/s     w/s    rMB/s    wMB/s avgrq-sz avgqu-sz   await r_await w_await  svctm  %util
sda3              0.00     2.00    0.00  116.00     0.00    75.11  1326.14    16.56  144.68    0.00  144.68   3.86  44.80

06/16/2020 12:26:40 PM
avg-cpu:  %user   %nice %system %iowait  %steal   %idle
           3.02    0.00    7.79   55.53    0.00   33.67

Device:         rrqm/s   wrqm/s     r/s     w/s    rMB/s    wMB/s avgrq-sz avgqu-sz   await r_await w_await  svctm  %util
sda3              0.00     1.00    6.00  108.00     0.10    70.57  1269.47     9.86   88.19  942.83   40.71   3.75  42.80

06/16/2020 12:26:41 PM
avg-cpu:  %user   %nice %system %iowait  %steal   %idle
           0.78    0.00    2.07   51.94    0.00   45.22

Device:         rrqm/s   wrqm/s     r/s     w/s    rMB/s    wMB/s avgrq-sz avgqu-sz   await r_await w_await  svctm  %util
sda3              0.00     1.00    7.00  152.00     0.09    75.37   971.97     7.76   49.98  993.57    6.53   3.87  61.60

06/16/2020 12:26:42 PM
avg-cpu:  %user   %nice %system %iowait  %steal   %idle
           1.56    0.00    2.08   56.62    0.00   39.74

Device:         rrqm/s   wrqm/s     r/s     w/s    rMB/s    wMB/s avgrq-sz avgqu-sz   await r_await w_await  svctm  %util
sda3              0.00    11.00    0.00  152.00     0.00    75.04  1011.05     0.81    6.47    0.00    6.47   4.18  63.60

06/16/2020 12:26:43 PM
avg-cpu:  %user   %nice %system %iowait  %steal   %idle
           3.27    0.00    6.80   44.84    0.00   45.09

Device:         rrqm/s   wrqm/s     r/s     w/s    rMB/s    wMB/s avgrq-sz avgqu-sz   await r_await w_await  svctm  %util
sda3              0.00     1.00   23.00  110.00     0.23    58.69   907.31    20.06  152.64  600.57   58.98   3.52  46.80

06/16/2020 12:26:44 PM
avg-cpu:  %user   %nice %system %iowait  %steal   %idle
           0.79    0.00    2.62   41.10    0.00   55.50

Device:         rrqm/s   wrqm/s     r/s     w/s    rMB/s    wMB/s avgrq-sz avgqu-sz   await r_await w_await  svctm  %util
sda3              0.00     1.00    1.00  145.00     0.06    71.45  1003.12     1.66   12.70  858.00    6.87   3.78  55.20

06/16/2020 12:26:45 PM
avg-cpu:  %user   %nice %system %iowait  %steal   %idle
           1.82    0.00    3.38   53.25    0.00   41.56

Device:         rrqm/s   wrqm/s     r/s     w/s    rMB/s    wMB/s avgrq-sz avgqu-sz   await r_await w_await  svctm  %util
sda3              0.00     0.00    0.00  102.00     0.00    73.91  1484.08     0.81    9.67    0.00    9.67   4.12  42.00

06/16/2020 12:26:46 PM
avg-cpu:  %user   %nice %system %iowait  %steal   %idle
           3.25    0.00   13.25   35.75    0.00   47.75

Device:         rrqm/s   wrqm/s     r/s     w/s    rMB/s    wMB/s avgrq-sz avgqu-sz   await r_await w_await  svctm  %util
sda3              0.00     0.00    5.00  103.00     0.19    73.78  1402.74     9.28   87.72 1641.80   12.28   3.85  41.60

06/16/2020 12:26:47 PM
avg-cpu:  %user   %nice %system %iowait  %steal   %idle
           5.06    0.00    9.11   40.76    0.00   45.06

Device:         rrqm/s   wrqm/s     r/s     w/s    rMB/s    wMB/s avgrq-sz avgqu-sz   await r_await w_await  svctm  %util
sda3              0.00     6.00    3.00  120.00     0.07    74.05  1234.15     4.40   37.40 1183.00    8.76   3.84  47.20

06/16/2020 12:26:48 PM
avg-cpu:  %user   %nice %system %iowait  %steal   %idle
           1.30    0.00    2.08   49.22    0.00   47.40

Device:         rrqm/s   wrqm/s     r/s     w/s    rMB/s    wMB/s avgrq-sz avgqu-sz   await r_await w_await  svctm  %util
sda3              0.00     1.00    2.00  120.00     0.18    60.48  1018.23     3.94   33.85  348.00   28.62   4.00  48.80

06/16/2020 12:26:49 PM
avg-cpu:  %user   %nice %system %iowait  %steal   %idle
           0.52    0.00    2.36   54.71    0.00   42.41

Device:         rrqm/s   wrqm/s     r/s     w/s    rMB/s    wMB/s avgrq-sz avgqu-sz   await r_await w_await  svctm  %util
sda3              0.00     1.00    0.00  105.00     0.00    73.81  1439.70     0.86    9.57    0.00    9.57   4.19  44.00

06/16/2020 12:26:50 PM
avg-cpu:  %user   %nice %system %iowait  %steal   %idle
           2.85    0.00    6.48   56.48    0.00   34.20

Device:         rrqm/s   wrqm/s     r/s     w/s    rMB/s    wMB/s avgrq-sz avgqu-sz   await r_await w_await  svctm  %util
sda3              0.00     1.00   13.00  117.00     0.63    61.86   984.49     4.75   38.19  276.15   11.75   3.63  47.20

06/16/2020 12:26:51 PM
avg-cpu:  %user   %nice %system %iowait  %steal   %idle
           1.56    0.00    6.49   60.00    0.00   31.95

Device:         rrqm/s   wrqm/s     r/s     w/s    rMB/s    wMB/s avgrq-sz avgqu-sz   await r_await w_await  svctm  %util
sda3              0.00     1.00    5.00  133.00     0.30    67.11  1000.41     5.09   38.36  442.80   23.15   3.88  53.60

06/16/2020 12:26:52 PM
avg-cpu:  %user   %nice %system %iowait  %steal   %idle
           1.59    0.00    2.91   57.67    0.00   37.83

Device:         rrqm/s   wrqm/s     r/s     w/s    rMB/s    wMB/s avgrq-sz avgqu-sz   await r_await w_await  svctm  %util
sda3              0.00    11.00    6.00  126.00     0.19    70.07  1090.06     2.49   20.29  274.33    8.19   3.94  52.00

06/16/2020 12:26:53 PM
avg-cpu:  %user   %nice %system %iowait  %steal   %idle
           2.34    0.00    2.08   50.13    0.00   45.45

Device:         rrqm/s   wrqm/s     r/s     w/s    rMB/s    wMB/s avgrq-sz avgqu-sz   await r_await w_await  svctm  %util
sda3              0.00     0.00   26.00  113.00     0.43    56.19   834.30    22.15  161.32  391.58  108.35   3.31  46.00

06/16/2020 12:26:54 PM
avg-cpu:  %user   %nice %system %iowait  %steal   %idle
           0.79    0.00    5.50   38.74    0.00   54.97

Device:         rrqm/s   wrqm/s     r/s     w/s    rMB/s    wMB/s avgrq-sz avgqu-sz   await r_await w_await  svctm  %util
sda3              0.00     1.00    0.00  113.00     0.00    69.85  1265.98    16.91  151.70    0.00  151.70   3.40  38.40

06/16/2020 12:26:55 PM
avg-cpu:  %user   %nice %system %iowait  %steal   %idle
           3.06    0.00    7.14   34.69    0.00   55.10

Device:         rrqm/s   wrqm/s     r/s     w/s    rMB/s    wMB/s avgrq-sz avgqu-sz   await r_await w_await  svctm  %util
sda3              0.00     0.00    0.00   87.00     0.00    73.15  1721.93    17.71  205.64    0.00  205.64   3.86  33.60

06/16/2020 12:26:56 PM
avg-cpu:  %user   %nice %system %iowait  %steal   %idle
           2.12    0.00    2.65   39.15    0.00   56.08

Device:         rrqm/s   wrqm/s     r/s     w/s    rMB/s    wMB/s avgrq-sz avgqu-sz   await r_await w_await  svctm  %util
sda3              0.00     2.00    0.00  101.00     0.00    71.87  1457.35    16.04  160.82    0.00  160.82   3.76  38.00

06/16/2020 12:26:57 PM
avg-cpu:  %user   %nice %system %iowait  %steal   %idle
           2.09    0.00    5.24   34.03    0.00   58.64

Device:         rrqm/s   wrqm/s     r/s     w/s    rMB/s    wMB/s avgrq-sz avgqu-sz   await r_await w_await  svctm  %util
sda3              0.00     7.00    0.00  123.00     0.00    71.59  1192.07    15.77  130.20    0.00  130.20   3.93  48.40

06/16/2020 12:26:58 PM
avg-cpu:  %user   %nice %system %iowait  %steal   %idle
           2.06    0.00    5.66   59.90    0.00   32.39

Device:         rrqm/s   wrqm/s     r/s     w/s    rMB/s    wMB/s avgrq-sz avgqu-sz   await r_await w_await  svctm  %util
sda3              0.00     1.00    0.00   97.00     0.00    57.37  1211.30    17.14  178.75    0.00  178.75   3.46  33.60

06/16/2020 12:26:59 PM
avg-cpu:  %user   %nice %system %iowait  %steal   %idle
           1.57    0.00    2.62   33.25    0.00   62.57

Device:         rrqm/s   wrqm/s     r/s     w/s    rMB/s    wMB/s avgrq-sz avgqu-sz   await r_await w_await  svctm  %util
sda3              0.00     2.00    0.00  145.00     0.00    72.08  1018.04    16.92  118.74    0.00  118.74   3.78  54.80

06/16/2020 12:27:00 PM
avg-cpu:  %user   %nice %system %iowait  %steal   %idle
           3.09    0.00    6.44   38.40    0.00   52.06

Device:         rrqm/s   wrqm/s     r/s     w/s    rMB/s    wMB/s avgrq-sz avgqu-sz   await r_await w_await  svctm  %util
sda3              0.00     2.00    0.00  120.00     0.00    72.99  1245.67    16.75  141.57    0.00  141.57   4.07  48.80

06/16/2020 12:27:01 PM
avg-cpu:  %user   %nice %system %iowait  %steal   %idle
           2.62    0.00    3.40   41.88    0.00   52.09

Device:         rrqm/s   wrqm/s     r/s     w/s    rMB/s    wMB/s avgrq-sz avgqu-sz   await r_await w_await  svctm  %util
sda3              0.00     1.00    0.00  129.00     0.00    76.02  1206.95    16.62  130.74    0.00  130.74   4.12  53.20

06/16/2020 12:27:02 PM
avg-cpu:  %user   %nice %system %iowait  %steal   %idle
           4.06    0.00    8.38   38.58    0.00   48.98

Device:         rrqm/s   wrqm/s     r/s     w/s    rMB/s    wMB/s avgrq-sz avgqu-sz   await r_await w_await  svctm  %util
sda3              0.00     0.00    0.00  132.00     0.00    71.66  1111.88    16.34  125.77    0.00  125.77   4.00  52.80

06/16/2020 12:27:03 PM
avg-cpu:  %user   %nice %system %iowait  %steal   %idle
           0.53    0.00    1.33   46.01    0.00   52.13

Device:         rrqm/s   wrqm/s     r/s     w/s    rMB/s    wMB/s avgrq-sz avgqu-sz   await r_await w_await  svctm  %util
sda3              0.00    12.00    0.00   80.00     0.00    61.45  1573.20    15.18  191.68    0.00  191.68   3.75  30.00

06/16/2020 12:27:04 PM
avg-cpu:  %user   %nice %system %iowait  %steal   %idle
           1.80    0.00    3.09   38.40    0.00   56.70

Device:         rrqm/s   wrqm/s     r/s     w/s    rMB/s    wMB/s avgrq-sz avgqu-sz   await r_await w_await  svctm  %util
sda3              0.00     2.00    0.00  126.00     0.00    73.52  1195.05    18.05  145.23    0.00  145.23   3.68  46.40

06/16/2020 12:27:05 PM
avg-cpu:  %user   %nice %system %iowait  %steal   %idle
           2.53    0.00   10.13   34.94    0.00   52.41

Device:         rrqm/s   wrqm/s     r/s     w/s    rMB/s    wMB/s avgrq-sz avgqu-sz   await r_await w_await  svctm  %util
sda3              0.00     0.00    0.00  139.00     0.00    70.39  1037.12    16.98  124.09    0.00  124.09   3.71  51.60

06/16/2020 12:27:06 PM
avg-cpu:  %user   %nice %system %iowait  %steal   %idle
           2.34    0.00    3.39   45.31    0.00   48.96

Device:         rrqm/s   wrqm/s     r/s     w/s    rMB/s    wMB/s avgrq-sz avgqu-sz   await r_await w_await  svctm  %util
sda3              0.00     0.00    0.00  155.00     0.00    76.73  1013.78    16.52  108.41    0.00  108.41   3.95  61.20

06/16/2020 12:27:07 PM
avg-cpu:  %user   %nice %system %iowait  %steal   %idle
           7.69    0.00   16.87   26.55    0.00   48.88

Device:         rrqm/s   wrqm/s     r/s     w/s    rMB/s    wMB/s avgrq-sz avgqu-sz   await r_await w_await  svctm  %util
sda3              0.00     1.00    0.00  134.00     0.00    74.35  1136.30    15.59  118.41    0.00  118.41   4.00  53.60

06/16/2020 12:27:08 PM
avg-cpu:  %user   %nice %system %iowait  %steal   %idle
           1.30    0.00    3.37   62.95    0.00   32.38

Device:         rrqm/s   wrqm/s     r/s     w/s    rMB/s    wMB/s avgrq-sz avgqu-sz   await r_await w_await  svctm  %util
sda3              0.00     2.00    0.00   90.00     0.00    60.88  1385.42    17.44  195.80    0.00  195.80   4.04  36.40

06/16/2020 12:27:09 PM
avg-cpu:  %user   %nice %system %iowait  %steal   %idle
           2.37    0.00    1.84   46.32    0.00   49.47

Device:         rrqm/s   wrqm/s     r/s     w/s    rMB/s    wMB/s avgrq-sz avgqu-sz   await r_await w_await  svctm  %util
sda3              0.00     1.00    0.00  155.00     0.00    76.18  1006.61    16.64  109.35    0.00  109.35   4.08  63.20

06/16/2020 12:27:10 PM
avg-cpu:  %user   %nice %system %iowait  %steal   %idle
           3.32    0.00    8.18   38.11    0.00   50.38

Device:         rrqm/s   wrqm/s     r/s     w/s    rMB/s    wMB/s avgrq-sz avgqu-sz   await r_await w_await  svctm  %util
sda3              0.00     0.00    0.00  153.00     0.00    75.99  1017.15    16.40  109.09    0.00  109.09   4.13  63.20

06/16/2020 12:27:11 PM
avg-cpu:  %user   %nice %system %iowait  %steal   %idle
           3.33    0.00    6.41   36.41    0.00   53.85

Device:         rrqm/s   wrqm/s     r/s     w/s    rMB/s    wMB/s avgrq-sz avgqu-sz   await r_await w_await  svctm  %util
sda3              0.00     0.00    0.00  136.00     0.00    72.99  1099.18    16.10  120.37    0.00  120.37   4.09  55.60

06/16/2020 12:27:12 PM
avg-cpu:  %user   %nice %system %iowait  %steal   %idle
           1.81    0.00    5.44   37.05    0.00   55.70

Device:         rrqm/s   wrqm/s     r/s     w/s    rMB/s    wMB/s avgrq-sz avgqu-sz   await r_await w_await  svctm  %util
sda3              0.00     1.00    0.00  144.00     0.00    77.67  1104.61    16.71  118.32    0.00  118.32   4.08  58.80

06/16/2020 12:27:13 PM
avg-cpu:  %user   %nice %system %iowait  %steal   %idle
           3.55    0.00    9.64   47.72    0.00   39.09

Device:         rrqm/s   wrqm/s     r/s     w/s    rMB/s    wMB/s avgrq-sz avgqu-sz   await r_await w_await  svctm  %util
sda3              0.00    13.00    0.00  101.00     0.00    59.69  1210.30    15.30  153.56    0.00  153.56   3.88  39.20

06/16/2020 12:27:14 PM
avg-cpu:  %user   %nice %system %iowait  %steal   %idle
           2.54    0.00    8.88   38.07    0.00   50.51

Device:         rrqm/s   wrqm/s     r/s     w/s    rMB/s    wMB/s avgrq-sz avgqu-sz   await r_await w_await  svctm  %util
sda3              0.00     2.00    0.00   95.00     0.00    75.42  1625.94    16.70  177.73    0.00  177.73   3.75  35.60

06/16/2020 12:27:15 PM
avg-cpu:  %user   %nice %system %iowait  %steal   %idle
           1.30    0.00    2.86   41.93    0.00   53.91

Device:         rrqm/s   wrqm/s     r/s     w/s    rMB/s    wMB/s avgrq-sz avgqu-sz   await r_await w_await  svctm  %util
sda3              0.00     2.00    0.00   84.00     0.00    76.13  1856.19    17.14  205.93    0.00  205.93   4.10  34.40

06/16/2020 12:27:16 PM
avg-cpu:  %user   %nice %system %iowait  %steal   %idle
           2.09    0.00    4.97   37.96    0.00   54.97

Device:         rrqm/s   wrqm/s     r/s     w/s    rMB/s    wMB/s avgrq-sz avgqu-sz   await r_await w_await  svctm  %util
sda3              0.00     2.00    0.00  107.00     0.00    71.48  1368.07    17.46  165.17    0.00  165.17   3.96  42.40

06/16/2020 12:27:17 PM
avg-cpu:  %user   %nice %system %iowait  %steal   %idle
           2.84    0.00    5.17   42.12    0.00   49.87

Device:         rrqm/s   wrqm/s     r/s     w/s    rMB/s    wMB/s avgrq-sz avgqu-sz   await r_await w_await  svctm  %util
sda3              0.00     0.99    0.00  146.53     0.00    77.21  1079.14    15.83  109.92    0.00  109.92   3.97  58.22

06/16/2020 12:27:18 PM
avg-cpu:  %user   %nice %system %iowait  %steal   %idle
           2.08    0.00    2.60   49.48    0.00   45.83

Device:         rrqm/s   wrqm/s     r/s     w/s    rMB/s    wMB/s avgrq-sz avgqu-sz   await r_await w_await  svctm  %util
sda3              0.00     2.00    0.00   68.00     0.00    51.01  1536.35    16.18  239.90    0.00  239.90   3.59  24.40

06/16/2020 12:27:19 PM
avg-cpu:  %user   %nice %system %iowait  %steal   %idle
           3.34    0.00    7.97   39.33    0.00   49.36

Device:         rrqm/s   wrqm/s     r/s     w/s    rMB/s    wMB/s avgrq-sz avgqu-sz   await r_await w_await  svctm  %util
sda3              0.00     1.00    1.00   94.00     0.00    70.79  1526.23    11.81  126.17  227.00  125.10   3.87  36.80

06/16/2020 12:27:20 PM
avg-cpu:  %user   %nice %system %iowait  %steal   %idle
           1.30    0.00    3.37   45.34    0.00   50.00

Device:         rrqm/s   wrqm/s     r/s     w/s    rMB/s    wMB/s avgrq-sz avgqu-sz   await r_await w_await  svctm  %util
sda3              0.00     3.00    0.00  104.00     0.00    70.00  1378.54    16.78  163.33    0.00  163.33   3.73  38.80

06/16/2020 12:27:21 PM
avg-cpu:  %user   %nice %system %iowait  %steal   %idle
           1.31    0.00    3.13   34.20    0.00   61.36

Device:         rrqm/s   wrqm/s     r/s     w/s    rMB/s    wMB/s avgrq-sz avgqu-sz   await r_await w_await  svctm  %util
sda3              0.00     0.00    0.00  108.00     0.00    75.26  1427.11    15.63  146.69    0.00  146.69   4.15  44.80

06/16/2020 12:27:22 PM
avg-cpu:  %user   %nice %system %iowait  %steal   %idle
           2.84    0.00    9.02   36.08    0.00   52.06

Device:         rrqm/s   wrqm/s     r/s     w/s    rMB/s    wMB/s avgrq-sz avgqu-sz   await r_await w_await  svctm  %util
sda3              0.00     0.00    0.00  109.00     0.00    73.67  1384.22    16.82  156.27    0.00  156.27   4.07  44.40

06/16/2020 12:27:23 PM
avg-cpu:  %user   %nice %system %iowait  %steal   %idle
           2.86    0.00    6.75   42.08    0.00   48.31

Device:         rrqm/s   wrqm/s     r/s     w/s    rMB/s    wMB/s avgrq-sz avgqu-sz   await r_await w_await  svctm  %util
sda3              0.00    17.00    0.00  130.00     0.00    64.17  1010.89    17.00  132.78    0.00  132.78   4.00  52.00

06/16/2020 12:27:24 PM
avg-cpu:  %user   %nice %system %iowait  %steal   %idle
           2.33    0.00    3.11   40.41    0.00   54.15

Device:         rrqm/s   wrqm/s     r/s     w/s    rMB/s    wMB/s avgrq-sz avgqu-sz   await r_await w_await  svctm  %util
sda3              0.00     1.00    0.00  170.00     0.00    77.70   936.09    16.47   98.94    0.00   98.94   3.79  64.40

06/16/2020 12:27:25 PM
avg-cpu:  %user   %nice %system %iowait  %steal   %idle
           1.31    0.00    4.20   40.94    0.00   53.54

Device:         rrqm/s   wrqm/s     r/s     w/s    rMB/s    wMB/s avgrq-sz avgqu-sz   await r_await w_await  svctm  %util
sda3              0.00     1.00    0.00  140.00     0.00    71.35  1043.71    16.57  120.36    0.00  120.36   4.00  56.00

06/16/2020 12:27:26 PM
avg-cpu:  %user   %nice %system %iowait  %steal   %idle
           3.02    0.00    7.81   40.55    0.00   48.61

Device:         rrqm/s   wrqm/s     r/s     w/s    rMB/s    wMB/s avgrq-sz avgqu-sz   await r_await w_await  svctm  %util
sda3              0.00     0.00    0.00  140.00     0.00    71.00  1038.69    16.23  117.85    0.00  117.85   3.77  52.80

06/16/2020 12:27:27 PM
avg-cpu:  %user   %nice %system %iowait  %steal   %idle
           1.79    0.00    5.13   44.87    0.00   48.21

Device:         rrqm/s   wrqm/s     r/s     w/s    rMB/s    wMB/s avgrq-sz avgqu-sz   await r_await w_await  svctm  %util
sda3              0.00     0.00    0.00  158.00     0.00    78.66  1019.65    16.28  105.04    0.00  105.04   4.08  64.40

06/16/2020 12:27:28 PM
avg-cpu:  %user   %nice %system %iowait  %steal   %idle
           5.76    0.00   15.59   46.28    0.00   32.37

Device:         rrqm/s   wrqm/s     r/s     w/s    rMB/s    wMB/s avgrq-sz avgqu-sz   await r_await w_await  svctm  %util
sda3              0.00    11.00    0.00  115.00     0.00    55.09   981.08    16.76  147.63    0.00  147.63   3.62  41.60

06/16/2020 12:27:29 PM
avg-cpu:  %user   %nice %system %iowait  %steal   %idle
           2.07    0.00    2.85   47.93    0.00   47.15

Device:         rrqm/s   wrqm/s     r/s     w/s    rMB/s    wMB/s avgrq-sz avgqu-sz   await r_await w_await  svctm  %util
sda3              0.00     1.00    0.00  155.00     0.00    75.36   995.72    16.38  107.57    0.00  107.57   4.05  62.80

06/16/2020 12:27:30 PM
avg-cpu:  %user   %nice %system %iowait  %steal   %idle
           1.03    0.00    5.66   44.22    0.00   49.10

Device:         rrqm/s   wrqm/s     r/s     w/s    rMB/s    wMB/s avgrq-sz avgqu-sz   await r_await w_await  svctm  %util
sda3              0.00     0.00    0.00  118.00     0.00    73.20  1270.37    15.26  131.43    0.00  131.43   4.24  50.00

06/16/2020 12:27:31 PM
avg-cpu:  %user   %nice %system %iowait  %steal   %idle
           3.36    0.00    5.68   41.60    0.00   49.35

Device:         rrqm/s   wrqm/s     r/s     w/s    rMB/s    wMB/s avgrq-sz avgqu-sz   await r_await w_await  svctm  %util
sda3              0.00     0.00    0.00   99.00     0.00    72.79  1505.78    16.92  172.83    0.00  172.83   4.12  40.80

06/16/2020 12:27:32 PM
avg-cpu:  %user   %nice %system %iowait  %steal   %idle
           1.56    0.00    2.34   46.49    0.00   49.61

Device:         rrqm/s   wrqm/s     r/s     w/s    rMB/s    wMB/s avgrq-sz avgqu-sz   await r_await w_await  svctm  %util
sda3              0.00     0.00    0.00   79.00     0.00    68.39  1772.86    15.26  195.25    0.00  195.25   4.20  33.20

06/16/2020 12:27:33 PM
avg-cpu:  %user   %nice %system %iowait  %steal   %idle
           3.08    0.00    7.20   44.22    0.00   45.50

Device:         rrqm/s   wrqm/s     r/s     w/s    rMB/s    wMB/s avgrq-sz avgqu-sz   await r_await w_await  svctm  %util
sda3              0.00    20.00    0.00   71.00     0.00    69.47  2003.94    16.95  240.68    0.00  240.68   4.23  30.00

06/16/2020 12:27:34 PM
avg-cpu:  %user   %nice %system %iowait  %steal   %idle
           1.55    0.00    3.87   52.32    0.00   42.27

Device:         rrqm/s   wrqm/s     r/s     w/s    rMB/s    wMB/s avgrq-sz avgqu-sz   await r_await w_await  svctm  %util
sda3              0.00     1.00    0.00   73.00     0.00    70.46  1976.88    17.01  234.93    0.00  234.93   4.38  32.00

06/16/2020 12:27:35 PM
avg-cpu:  %user   %nice %system %iowait  %steal   %idle
           1.30    0.00    3.38   42.08    0.00   53.25

Device:         rrqm/s   wrqm/s     r/s     w/s    rMB/s    wMB/s avgrq-sz avgqu-sz   await r_await w_await  svctm  %util
sda3              0.00     1.00    0.00  132.00     0.00    72.37  1122.79    16.97  130.69    0.00  130.69   3.58  47.20

06/16/2020 12:27:36 PM
avg-cpu:  %user   %nice %system %iowait  %steal   %idle
           3.48    0.00    9.70   37.31    0.00   49.50

Device:         rrqm/s   wrqm/s     r/s     w/s    rMB/s    wMB/s avgrq-sz avgqu-sz   await r_await w_await  svctm  %util
sda3              0.00     1.00    0.00  135.00     0.00    75.29  1142.10    15.50  116.86    0.00  116.86   4.06  54.80

06/16/2020 12:27:37 PM
avg-cpu:  %user   %nice %system %iowait  %steal   %idle
           1.57    0.00    2.62   46.19    0.00   49.61

Device:         rrqm/s   wrqm/s     r/s     w/s    rMB/s    wMB/s avgrq-sz avgqu-sz   await r_await w_await  svctm  %util
sda3              0.00     1.00    0.00   86.00     0.00    71.29  1697.77    16.59  194.85    0.00  194.85   4.23  36.40

06/16/2020 12:27:38 PM
avg-cpu:  %user   %nice %system %iowait  %steal   %idle
           1.30    0.00    3.64   47.79    0.00   47.27

Device:         rrqm/s   wrqm/s     r/s     w/s    rMB/s    wMB/s avgrq-sz avgqu-sz   await r_await w_await  svctm  %util
sda3              0.00     4.00    0.00   97.00     0.00    76.76  1620.62    17.08  177.93    0.00  177.93   4.21  40.80

06/16/2020 12:27:39 PM
avg-cpu:  %user   %nice %system %iowait  %steal   %idle
           3.54    0.00    9.60   49.49    0.00   37.37

Device:         rrqm/s   wrqm/s     r/s     w/s    rMB/s    wMB/s avgrq-sz avgqu-sz   await r_await w_await  svctm  %util
sda3              0.00     0.00    0.00  106.00     0.00    55.77  1077.58    17.04  162.77    0.00  162.77   3.51  37.20

06/16/2020 12:27:40 PM
avg-cpu:  %user   %nice %system %iowait  %steal   %idle
           3.85    0.00    7.69   31.03    0.00   57.44

Device:         rrqm/s   wrqm/s     r/s     w/s    rMB/s    wMB/s avgrq-sz avgqu-sz   await r_await w_await  svctm  %util
sda3              0.00     3.00    0.00  144.00     0.00    72.44  1030.28    16.98  119.90    0.00  119.90   4.14  59.60

06/16/2020 12:27:41 PM
avg-cpu:  %user   %nice %system %iowait  %steal   %idle
           1.05    0.00    2.62   39.37    0.00   56.96

Device:         rrqm/s   wrqm/s     r/s     w/s    rMB/s    wMB/s avgrq-sz avgqu-sz   await r_await w_await  svctm  %util
sda3              0.00     0.00    0.00  132.00     0.00    71.66  1111.88    16.11  124.01    0.00  124.01   4.06  53.60

06/16/2020 12:27:42 PM
avg-cpu:  %user   %nice %system %iowait  %steal   %idle
           2.81    0.00    8.18   42.46    0.00   46.55

Device:         rrqm/s   wrqm/s     r/s     w/s    rMB/s    wMB/s avgrq-sz avgqu-sz   await r_await w_await  svctm  %util
sda3              0.00     1.00    0.00   76.00     0.00    68.54  1847.05    15.76  209.61    0.00  209.61   4.00  30.40

06/16/2020 12:27:43 PM
avg-cpu:  %user   %nice %system %iowait  %steal   %idle
           5.84    0.00    7.87   51.02    0.00   35.28

Device:         rrqm/s   wrqm/s     r/s     w/s    rMB/s    wMB/s avgrq-sz avgqu-sz   await r_await w_await  svctm  %util
sda3              3.00    15.00    1.00  113.00     0.01    58.12  1044.35    11.81  105.39  701.00  100.12   3.93  44.80

06/16/2020 12:27:44 PM
avg-cpu:  %user   %nice %system %iowait  %steal   %idle
           2.08    0.00    3.39   43.23    0.00   51.30

Device:         rrqm/s   wrqm/s     r/s     w/s    rMB/s    wMB/s avgrq-sz avgqu-sz   await r_await w_await  svctm  %util
sda3              0.00     1.00    1.00  144.00     0.01    70.74   999.23    12.69   89.57   90.00   89.56   4.19  60.80

06/16/2020 12:27:45 PM
avg-cpu:  %user   %nice %system %iowait  %steal   %idle
           1.57    0.00    2.88   37.43    0.00   58.12

Device:         rrqm/s   wrqm/s     r/s     w/s    rMB/s    wMB/s avgrq-sz avgqu-sz   await r_await w_await  svctm  %util
sda3              0.00     0.00    0.00  163.00     0.00    75.05   942.92    16.69  104.50    0.00  104.50   3.83  62.40

06/16/2020 12:27:46 PM
avg-cpu:  %user   %nice %system %iowait  %steal   %idle
           3.35    0.00    7.22   39.69    0.00   49.74

Device:         rrqm/s   wrqm/s     r/s     w/s    rMB/s    wMB/s avgrq-sz avgqu-sz   await r_await w_await  svctm  %util
sda3              0.00     0.00    0.00  135.00     0.00    73.00  1107.50    16.57  124.68    0.00  124.68   4.06  54.80

06/16/2020 12:27:47 PM
avg-cpu:  %user   %nice %system %iowait  %steal   %idle
           1.30    0.00    4.40   42.23    0.00   52.07

Device:         rrqm/s   wrqm/s     r/s     w/s    rMB/s    wMB/s avgrq-sz avgqu-sz   await r_await w_await  svctm  %util
sda3              0.00     0.00    0.00   89.00     0.00    74.25  1708.49    15.58  177.12    0.00  177.12   4.22  37.60

06/16/2020 12:27:48 PM
avg-cpu:  %user   %nice %system %iowait  %steal   %idle
           1.84    0.00    2.10   42.52    0.00   53.54

Device:         rrqm/s   wrqm/s     r/s     w/s    rMB/s    wMB/s avgrq-sz avgqu-sz   await r_await w_await  svctm  %util
sda3              0.00     1.00    0.00  125.00     0.00    72.59  1189.25    16.95  137.61    0.00  137.61   4.13  51.60

06/16/2020 12:27:49 PM
avg-cpu:  %user   %nice %system %iowait  %steal   %idle
           3.33    0.00    7.44   45.38    0.00   43.85

Device:         rrqm/s   wrqm/s     r/s     w/s    rMB/s    wMB/s avgrq-sz avgqu-sz   await r_await w_await  svctm  %util
sda3              0.00     3.00    1.00  107.00     0.00    61.82  1172.37    14.08  131.98  136.00  131.94   3.85  41.60

06/16/2020 12:27:50 PM
avg-cpu:  %user   %nice %system %iowait  %steal   %idle
           0.53    0.00    2.39   43.77    0.00   53.32

Device:         rrqm/s   wrqm/s     r/s     w/s    rMB/s    wMB/s avgrq-sz avgqu-sz   await r_await w_await  svctm  %util
sda3              0.00     0.00    0.00  138.00     0.00    75.05  1113.74    16.86  124.20    0.00  124.20   4.09  56.40

06/16/2020 12:27:51 PM
avg-cpu:  %user   %nice %system %iowait  %steal   %idle
           2.08    0.00    2.60   61.30    0.00   34.03

Device:         rrqm/s   wrqm/s     r/s     w/s    rMB/s    wMB/s avgrq-sz avgqu-sz   await r_await w_await  svctm  %util
sda3              0.00    19.00    0.00   88.00     0.00    65.35  1520.91    15.70  180.38    0.00  180.38   3.86  34.00

06/16/2020 12:27:52 PM
avg-cpu:  %user   %nice %system %iowait  %steal   %idle
           4.03    0.00    9.07   37.53    0.00   49.37

Device:         rrqm/s   wrqm/s     r/s     w/s    rMB/s    wMB/s avgrq-sz avgqu-sz   await r_await w_await  svctm  %util
sda3              0.00     1.00    0.00  139.00     0.00    68.10  1003.40    17.50  127.88    0.00  127.88   3.77  52.40

06/16/2020 12:27:53 PM
avg-cpu:  %user   %nice %system %iowait  %steal   %idle
           1.05    0.00    3.14   42.93    0.00   52.88

Device:         rrqm/s   wrqm/s     r/s     w/s    rMB/s    wMB/s avgrq-sz avgqu-sz   await r_await w_await  svctm  %util
sda3              0.00     1.00    0.00  106.00     0.00    74.63  1441.96    16.49  157.59    0.00  157.59   3.81  40.40

06/16/2020 12:27:54 PM
avg-cpu:  %user   %nice %system %iowait  %steal   %idle
           4.09    0.00    6.91   30.18    0.00   58.82

Device:         rrqm/s   wrqm/s     r/s     w/s    rMB/s    wMB/s avgrq-sz avgqu-sz   await r_await w_await  svctm  %util
sda3              0.00     1.00    0.00  134.00     0.00    74.42  1137.37    16.66  126.56    0.00  126.56   3.58  48.00

06/16/2020 12:27:55 PM
avg-cpu:  %user   %nice %system %iowait  %steal   %idle
           1.31    0.00    3.15   37.53    0.00   58.01

Device:         rrqm/s   wrqm/s     r/s     w/s    rMB/s    wMB/s avgrq-sz avgqu-sz   await r_await w_await  svctm  %util
sda3              0.00     1.00    0.00  145.00     0.00    72.64  1025.93    16.28  114.28    0.00  114.28   4.17  60.40

06/16/2020 12:27:56 PM
avg-cpu:  %user   %nice %system %iowait  %steal   %idle
           1.31    0.00    2.36   52.23    0.00   44.09

Device:         rrqm/s   wrqm/s     r/s     w/s    rMB/s    wMB/s avgrq-sz avgqu-sz   await r_await w_await  svctm  %util
sda3              0.00    12.00    0.00   77.00     0.00    73.78  1962.29    16.49  216.06    0.00  216.06   4.31  33.20

06/16/2020 12:27:57 PM
avg-cpu:  %user   %nice %system %iowait  %steal   %idle
           3.81    0.00    7.36   43.65    0.00   45.18

Device:         rrqm/s   wrqm/s     r/s     w/s    rMB/s    wMB/s avgrq-sz avgqu-sz   await r_await w_await  svctm  %util
sda3              0.00     1.00    0.00   67.00     0.00    58.54  1789.37    15.40  231.67    0.00  231.67   3.94  26.40

06/16/2020 12:27:58 PM
avg-cpu:  %user   %nice %system %iowait  %steal   %idle
           1.57    0.00    2.88   43.46    0.00   52.09

Device:         rrqm/s   wrqm/s     r/s     w/s    rMB/s    wMB/s avgrq-sz avgqu-sz   await r_await w_await  svctm  %util
sda3              0.00     2.00    0.00   92.00     0.00    72.69  1618.09    16.86  185.49    0.00  185.49   3.83  35.20

06/16/2020 12:27:59 PM
avg-cpu:  %user   %nice %system %iowait  %steal   %idle
           1.04    0.00    3.38   45.71    0.00   49.87

Device:         rrqm/s   wrqm/s     r/s     w/s    rMB/s    wMB/s avgrq-sz avgqu-sz   await r_await w_await  svctm  %util
sda3              0.00     3.00    0.00   96.00     0.00    74.78  1595.25    16.66  175.43    0.00  175.43   4.04  38.80

06/16/2020 12:28:00 PM
avg-cpu:  %user   %nice %system %iowait  %steal   %idle
           3.05    0.00    8.88   30.20    0.00   57.87

Device:         rrqm/s   wrqm/s     r/s     w/s    rMB/s    wMB/s avgrq-sz avgqu-sz   await r_await w_await  svctm  %util
sda3              0.00     1.00    0.00  137.00     0.00    73.38  1096.93    17.64  130.76    0.00  130.76   3.85  52.80

06/16/2020 12:28:01 PM
avg-cpu:  %user   %nice %system %iowait  %steal   %idle
           1.31    0.00    2.62   49.74    0.00   46.34

Device:         rrqm/s   wrqm/s     r/s     w/s    rMB/s    wMB/s avgrq-sz avgqu-sz   await r_await w_await  svctm  %util
sda3              0.00    14.00    0.00  117.00     0.00    58.40  1022.29    16.26  140.91    0.00  140.91   3.62  42.40

06/16/2020 12:28:02 PM
avg-cpu:  %user   %nice %system %iowait  %steal   %idle
           2.59    0.00    4.92   40.67    0.00   51.81

Device:         rrqm/s   wrqm/s     r/s     w/s    rMB/s    wMB/s avgrq-sz avgqu-sz   await r_await w_await  svctm  %util
sda3              0.00     0.00    0.00  141.00     0.00    67.36   978.33    16.51  119.09    0.00  119.09   3.74  52.80

06/16/2020 12:28:03 PM
avg-cpu:  %user   %nice %system %iowait  %steal   %idle
           4.12    0.00    4.64   41.24    0.00   50.00

Device:         rrqm/s   wrqm/s     r/s     w/s    rMB/s    wMB/s avgrq-sz avgqu-sz   await r_await w_await  svctm  %util
sda3              0.00     1.00    0.00  120.00     0.00    74.35  1268.93    15.78  133.46    0.00  133.46   3.80  45.60

06/16/2020 12:28:04 PM
avg-cpu:  %user   %nice %system %iowait  %steal   %idle
           1.57    0.00    3.13   45.95    0.00   49.35

Device:         rrqm/s   wrqm/s     r/s     w/s    rMB/s    wMB/s avgrq-sz avgqu-sz   await r_await w_await  svctm  %util
sda3              0.00     0.00    0.00  156.00     0.00    77.34  1015.38    16.48  107.54    0.00  107.54   4.08  63.60

06/16/2020 12:28:05 PM
avg-cpu:  %user   %nice %system %iowait  %steal   %idle
           3.33    0.00    8.72   38.46    0.00   49.49

Device:         rrqm/s   wrqm/s     r/s     w/s    rMB/s    wMB/s avgrq-sz avgqu-sz   await r_await w_await  svctm  %util
sda3              0.00     0.00    0.00  146.00     0.00    72.66  1019.23    16.43  114.51    0.00  114.51   4.08  59.60

06/16/2020 12:28:06 PM
avg-cpu:  %user   %nice %system %iowait  %steal   %idle
           2.56    0.00    7.67   45.27    0.00   44.50

Device:         rrqm/s   wrqm/s     r/s     w/s    rMB/s    wMB/s avgrq-sz avgqu-sz   await r_await w_await  svctm  %util
sda3              0.00     6.00    0.00  102.00     0.00    56.41  1132.55    15.48  153.92    0.00  153.92   3.88  39.60

06/16/2020 12:28:07 PM
avg-cpu:  %user   %nice %system %iowait  %steal   %idle
           1.05    0.00    2.62   46.19    0.00   50.13

Device:         rrqm/s   wrqm/s     r/s     w/s    rMB/s    wMB/s avgrq-sz avgqu-sz   await r_await w_await  svctm  %util
sda3              0.00     0.00    0.00  126.00     0.00    76.67  1246.22    17.10  137.74    0.00  137.74   4.00  50.40

06/16/2020 12:28:08 PM
avg-cpu:  %user   %nice %system %iowait  %steal   %idle
           1.30    0.00    3.89   44.30    0.00   50.52

Device:         rrqm/s   wrqm/s     r/s     w/s    rMB/s    wMB/s avgrq-sz avgqu-sz   await r_await w_await  svctm  %util
sda3              0.00     1.00    0.00  106.00     0.00    72.31  1397.13    15.54  148.83    0.00  148.83   4.19  44.40

06/16/2020 12:28:09 PM
avg-cpu:  %user   %nice %system %iowait  %steal   %idle
           3.10    0.00    6.98   40.05    0.00   49.87

Device:         rrqm/s   wrqm/s     r/s     w/s    rMB/s    wMB/s avgrq-sz avgqu-sz   await r_await w_await  svctm  %util
sda3              0.00     2.00    0.00  118.00     0.00    72.00  1249.69    16.98  146.03    0.00  146.03   4.07  48.00

06/16/2020 12:28:10 PM
avg-cpu:  %user   %nice %system %iowait  %steal   %idle
           1.57    0.00    2.61   38.90    0.00   56.92

Device:         rrqm/s   wrqm/s     r/s     w/s    rMB/s    wMB/s avgrq-sz avgqu-sz   await r_await w_await  svctm  %util
sda3              0.00     0.00    0.00   82.00     0.00    72.01  1798.54    16.84  207.52    0.00  207.52   4.05  33.20

06/16/2020 12:28:11 PM
avg-cpu:  %user   %nice %system %iowait  %steal   %idle
           1.54    0.00    4.10   33.59    0.00   60.77

Device:         rrqm/s   wrqm/s     r/s     w/s    rMB/s    wMB/s avgrq-sz avgqu-sz   await r_await w_await  svctm  %util
sda3              0.00    10.00    0.00   73.00     0.00    71.08  1994.08    15.37  212.45    0.00  212.45   4.27  31.20

06/16/2020 12:28:12 PM
avg-cpu:  %user   %nice %system %iowait  %steal   %idle
           3.02    0.00    9.05   42.96    0.00   44.97

Device:         rrqm/s   wrqm/s     r/s     w/s    rMB/s    wMB/s avgrq-sz avgqu-sz   await r_await w_await  svctm  %util
sda3              0.00     2.00    0.00   71.00     0.00    68.97  1989.52    17.84  253.35    0.00  253.35   4.23  30.00

06/16/2020 12:28:13 PM
avg-cpu:  %user   %nice %system %iowait  %steal   %idle
           2.58    0.00    3.35   46.13    0.00   47.94

Device:         rrqm/s   wrqm/s     r/s     w/s    rMB/s    wMB/s avgrq-sz avgqu-sz   await r_await w_await  svctm  %util
sda3              0.00     3.00    0.00   91.00     0.00    71.46  1608.35    17.57  195.33    0.00  195.33   3.87  35.20

06/16/2020 12:28:14 PM
avg-cpu:  %user   %nice %system %iowait  %steal   %idle
           1.04    0.00    3.66   37.86    0.00   57.44

Device:         rrqm/s   wrqm/s     r/s     w/s    rMB/s    wMB/s avgrq-sz avgqu-sz   await r_await w_await  svctm  %util
sda3              0.00     1.00    0.00  151.00     0.00    75.23  1020.34    16.80  113.28    0.00  113.28   4.03  60.80

06/16/2020 12:28:15 PM
avg-cpu:  %user   %nice %system %iowait  %steal   %idle
           3.57    0.00    8.93   32.14    0.00   55.36

Device:         rrqm/s   wrqm/s     r/s     w/s    rMB/s    wMB/s avgrq-sz avgqu-sz   await r_await w_await  svctm  %util
sda3              0.00     2.00    0.00  110.00     0.00    71.25  1326.55    15.64  144.13    0.00  144.13   4.00  44.00

06/16/2020 12:28:16 PM
avg-cpu:  %user   %nice %system %iowait  %steal   %idle
           2.07    0.00    7.24   49.61    0.00   41.09

Device:         rrqm/s   wrqm/s     r/s     w/s    rMB/s    wMB/s avgrq-sz avgqu-sz   await r_await w_await  svctm  %util
sda3              0.00     6.00    0.00  100.00     0.00    66.73  1366.72    16.86  170.67    0.00  170.67   3.92  39.20

06/16/2020 12:28:17 PM
avg-cpu:  %user   %nice %system %iowait  %steal   %idle
           2.07    0.00    3.11   44.56    0.00   50.26

Device:         rrqm/s   wrqm/s     r/s     w/s    rMB/s    wMB/s avgrq-sz avgqu-sz   await r_await w_await  svctm  %util
sda3              0.00     0.00    0.00  108.00     0.00    73.81  1399.63    17.70  165.79    0.00  165.79   4.15  44.80

06/16/2020 12:28:18 PM
avg-cpu:  %user   %nice %system %iowait  %steal   %idle
           2.56    0.00    8.44   27.11    0.00   61.89

Device:         rrqm/s   wrqm/s     r/s     w/s    rMB/s    wMB/s avgrq-sz avgqu-sz   await r_await w_await  svctm  %util
sda3              0.00     1.00    0.00  117.00     0.00    73.40  1284.79    16.28  141.04    0.00  141.04   3.93  46.00

06/16/2020 12:28:19 PM
avg-cpu:  %user   %nice %system %iowait  %steal   %idle
           0.52    0.00    4.17   44.27    0.00   51.04

Device:         rrqm/s   wrqm/s     r/s     w/s    rMB/s    wMB/s avgrq-sz avgqu-sz   await r_await w_await  svctm  %util
sda3              0.00     2.00    0.00  136.00     0.00    73.81  1111.47    16.68  124.59    0.00  124.59   4.09  55.60

06/16/2020 12:28:20 PM
avg-cpu:  %user   %nice %system %iowait  %steal   %idle
           1.55    0.00    4.12   45.36    0.00   48.97

Device:         rrqm/s   wrqm/s     r/s     w/s    rMB/s    wMB/s avgrq-sz avgqu-sz   await r_await w_await  svctm  %util
sda3              0.00     0.00    0.00  146.00     0.00    74.00  1037.97    16.14  112.55    0.00  112.55   3.92  57.20

06/16/2020 12:28:21 PM
avg-cpu:  %user   %nice %system %iowait  %steal   %idle
           3.27    0.00    9.55   42.96    0.00   44.22

Device:         rrqm/s   wrqm/s     r/s     w/s    rMB/s    wMB/s avgrq-sz avgqu-sz   await r_await w_await  svctm  %util
sda3              0.00    11.00    0.00  150.00     0.00    73.13   998.45    15.90  107.87    0.00  107.87   3.89  58.40

06/16/2020 12:28:22 PM
avg-cpu:  %user   %nice %system %iowait  %steal   %idle
           1.30    0.00    3.11   47.41    0.00   48.19

Device:         rrqm/s   wrqm/s     r/s     w/s    rMB/s    wMB/s avgrq-sz avgqu-sz   await r_await w_await  svctm  %util
sda3              0.00     1.00    0.00  104.00     0.00    59.35  1168.77    15.45  150.80    0.00  150.80   4.00  41.60

06/16/2020 12:28:23 PM
avg-cpu:  %user   %nice %system %iowait  %steal   %idle
           3.13    0.00    6.53   35.77    0.00   54.57

Device:         rrqm/s   wrqm/s     r/s     w/s    rMB/s    wMB/s avgrq-sz avgqu-sz   await r_await w_await  svctm  %util
sda3              0.00     2.00    0.00  141.00     0.00    65.70   954.27    18.71  134.70    0.00  134.70   3.66  51.60

06/16/2020 12:28:24 PM
avg-cpu:  %user   %nice %system %iowait  %steal   %idle
           3.07    0.00    4.60   42.20    0.00   50.13

Device:         rrqm/s   wrqm/s     r/s     w/s    rMB/s    wMB/s avgrq-sz avgqu-sz   await r_await w_await  svctm  %util
sda3              0.00     0.00    0.00  159.00     0.00    78.51  1011.22    16.59  106.09    0.00  106.09   3.35  53.20

06/16/2020 12:28:25 PM
avg-cpu:  %user   %nice %system %iowait  %steal   %idle
           1.05    0.00    2.89   45.67    0.00   50.39

Device:         rrqm/s   wrqm/s     r/s     w/s    rMB/s    wMB/s avgrq-sz avgqu-sz   await r_await w_await  svctm  %util
sda3              0.00     1.00    0.00  150.00     0.00    75.01  1024.16    16.28  110.38    0.00  110.38   4.03  60.40

06/16/2020 12:28:26 PM
avg-cpu:  %user   %nice %system %iowait  %steal   %idle
           2.57    0.00    8.23   41.13    0.00   48.07

Device:         rrqm/s   wrqm/s     r/s     w/s    rMB/s    wMB/s avgrq-sz avgqu-sz   await r_await w_await  svctm  %util
sda3              0.00     9.00    0.00  141.00     0.00    69.70  1012.37    15.56  112.26    0.00  112.26   4.09  57.60

06/16/2020 12:28:27 PM
avg-cpu:  %user   %nice %system %iowait  %steal   %idle
           2.06    0.00    2.83   38.30    0.00   56.81

Device:         rrqm/s   wrqm/s     r/s     w/s    rMB/s    wMB/s avgrq-sz avgqu-sz   await r_await w_await  svctm  %util
sda3              0.00     1.00    0.00   91.00     0.00    58.61  1319.03    17.64  196.04    0.00  196.04   3.69  33.60

06/16/2020 12:28:28 PM
avg-cpu:  %user   %nice %system %iowait  %steal   %idle
           1.83    0.00    2.36   40.05    0.00   55.76

Device:         rrqm/s   wrqm/s     r/s     w/s    rMB/s    wMB/s avgrq-sz avgqu-sz   await r_await w_await  svctm  %util
sda3              0.00     3.00    0.00  122.00     0.00    77.78  1305.64    16.66  138.50    0.00  138.50   4.10  50.00

06/16/2020 12:28:29 PM
avg-cpu:  %user   %nice %system %iowait  %steal   %idle
           2.86    0.00    7.55   37.76    0.00   51.82

Device:         rrqm/s   wrqm/s     r/s     w/s    rMB/s    wMB/s avgrq-sz avgqu-sz   await r_await w_await  svctm  %util
sda3              0.00     1.00    0.00  146.00     0.00    74.95  1051.34    15.71  109.49    0.00  109.49   3.92  57.20

06/16/2020 12:28:30 PM
avg-cpu:  %user   %nice %system %iowait  %steal   %idle
           3.05    0.00    9.39   36.55    0.00   51.02

Device:         rrqm/s   wrqm/s     r/s     w/s    rMB/s    wMB/s avgrq-sz avgqu-sz   await r_await w_await  svctm  %util
sda3              0.00     1.00    0.00   86.00     0.00    75.96  1808.84    16.55  194.40    0.00  194.40   4.19  36.00

06/16/2020 12:28:31 PM
avg-cpu:  %user   %nice %system %iowait  %steal   %idle
           1.57    0.00    2.61   52.48    0.00   43.34

Device:         rrqm/s   wrqm/s     r/s     w/s    rMB/s    wMB/s avgrq-sz avgqu-sz   await r_await w_await  svctm  %util
sda3              0.00    15.00    0.00   77.00     0.00    76.03  2022.23    16.41  215.04    0.00  215.04   4.36  33.60

06/16/2020 12:28:32 PM
avg-cpu:  %user   %nice %system %iowait  %steal   %idle
           4.07    0.00    7.12   54.20    0.00   34.61

Device:         rrqm/s   wrqm/s     r/s     w/s    rMB/s    wMB/s avgrq-sz avgqu-sz   await r_await w_await  svctm  %util
sda3              0.00     2.00    0.00   63.00     0.00    53.12  1726.98    16.86  269.48    0.00  269.48   4.06  25.60

06/16/2020 12:28:33 PM
avg-cpu:  %user   %nice %system %iowait  %steal   %idle
           1.05    0.00    2.36   58.01    0.00   38.58

Device:         rrqm/s   wrqm/s     r/s     w/s    rMB/s    wMB/s avgrq-sz avgqu-sz   await r_await w_await  svctm  %util
sda3              0.00     4.00    0.00  111.00     0.00    70.78  1305.87    15.96  145.57    0.00  145.57   3.39  37.60

06/16/2020 12:28:34 PM
avg-cpu:  %user   %nice %system %iowait  %steal   %idle
           4.07    0.00   10.18   36.64    0.00   49.11

Device:         rrqm/s   wrqm/s     r/s     w/s    rMB/s    wMB/s avgrq-sz avgqu-sz   await r_await w_await  svctm  %util
sda3              0.00     2.00    0.00  102.00     0.00    72.70  1459.61    16.65  165.32    0.00  165.32   4.24  43.20

